#
# There is insufficient memory for the Java Runtime Environment to continue.
# Native memory allocation (mmap) failed to map 264241152 bytes for Failed to commit area from 0x00000000e0000000 to 0x00000000efc00000 of length 264241152.
# Possible reasons:
#   The system is out of physical RAM or swap space
#   The process is running with CompressedOops enabled, and the Java Heap may be blocking the growth of the native heap
# Possible solutions:
#   Reduce memory load on the system
#   Increase physical memory or swap space
#   Check if swap backing store is full
#   Decrease Java heap size (-Xmx/-Xms)
#   Decrease number of Java threads
#   Decrease Java thread stack sizes (-Xss)
#   Set larger code cache with -XX:ReservedCodeCacheSize=
# This output file may be truncated or incomplete.
#
#  Out of Memory Error (./open/src/hotspot/os/windows/os_windows.cpp:3298), pid=34908, tid=37612
#
# JRE version:  (11.0.23+7) (build )
# Java VM: Java HotSpot(TM) 64-Bit Server VM (11.0.23+7-LTS-222, mixed mode, sharing, tiered, compressed oops, g1 gc, windows-amd64)
# No core dump will be written. Minidumps are not enabled by default on client versions of Windows
#

---------------  S U M M A R Y ------------

Command Line: -Dorg.gradle.internal.worker.tmpdir=C:\Users\user\Desktop\course\intelij\workspace\BootJpa\build\tmp\test\work -Xmx512m -Dfile.encoding=x-windows-949 -Duser.country=KR -Duser.language=ko -Duser.variant -ea worker.org.gradle.process.internal.worker.GradleWorkerMain 'Gradle Test Executor 1'

Host: 12th Gen Intel(R) Core(TM) i5-12400, 12 cores, 15G,  Windows 11 , 64 bit Build 22621 (10.0.22621.3958)
Time: Tue Aug 20 10:35:55 2024  Windows 11 , 64 bit Build 22621 (10.0.22621.3958) elapsed time: 0.015775 seconds (0d 0h 0m 0s)

---------------  T H R E A D  ---------------

Current thread (0x0000029ec86e0800):  JavaThread "Unknown thread" [_thread_in_vm, id=37612, stack(0x000000fca0000000,0x000000fca0100000)]

Stack: [0x000000fca0000000,0x000000fca0100000]
Native frames: (J=compiled Java code, j=interpreted, Vv=VM code, C=native code)
V  [jvm.dll+0x65524a]
V  [jvm.dll+0x79646f]
V  [jvm.dll+0x797b39]
V  [jvm.dll+0x7981e3]
V  [jvm.dll+0x254ee5]
V  [jvm.dll+0x6525a9]
V  [jvm.dll+0x6473c5]
V  [jvm.dll+0x30f59d]
V  [jvm.dll+0x30f402]
V  [jvm.dll+0x314186]
V  [jvm.dll+0x3576e0]
V  [jvm.dll+0x357152]
V  [jvm.dll+0x2ea6c8]
V  [jvm.dll+0x2eb7e5]
V  [jvm.dll+0x76f9a7]
V  [jvm.dll+0x77128f]
V  [jvm.dll+0x364859]
V  [jvm.dll+0x75431f]
V  [jvm.dll+0x3d5c77]
V  [jvm.dll+0x3d7da1]
C  [jli.dll+0x52e7]
C  [ucrtbase.dll+0x29333]
C  [KERNEL32.DLL+0x1257d]
C  [ntdll.dll+0x5af28]


---------------  P R O C E S S  ---------------

Threads class SMR info:
_java_thread_list=0x0000029ec6555830, length=0, elements={
}

Java Threads: ( => current thread )

Other Threads:
  0x0000029ec663a000 GCTaskThread "GC Thread#0" [stack: 0x000000fca0100000,0x000000fca0200000] [id=32112]
  0x0000029ec8705000 ConcurrentGCThread "G1 Main Marker" [stack: 0x000000fca0200000,0x000000fca0300000] [id=24252]
  0x0000029ec8707000 ConcurrentGCThread "G1 Conc#0" [stack: 0x000000fca0300000,0x000000fca0400000] [id=8992]

[error occurred during error reporting (printing all threads), id 0xc0000005, EXCEPTION_ACCESS_VIOLATION (0xc0000005) at pc=0x00007ff9dae1ad87]

VM state:not at safepoint (not fully initialized)

VM Mutex/Monitor currently owned by a thread:  ([mutex/lock_event])
[0x0000029ec86dc640] Heap_lock - owner thread: 0x0000029ec86e0800

Heap address: 0x00000000e0000000, size: 512 MB, Compressed Oops mode: Non-zero based: 0x00000000e0000000
Narrow klass base: 0x0000000000000000, Narrow klass shift: 0

GC Heap History (0 events):
No events

Deoptimization events (0 events):
No events

Classes redefined (0 events):
No events

Internal exceptions (0 events):
No events

Events (0 events):
No events


Dynamic libraries:
0x00007ff6ff440000 - 0x00007ff6ff450000 	C:\Program Files\Java\jdk-11\bin\java.exe
0x00007ffa24a50000 - 0x00007ffa24c67000 	C:\windows\SYSTEM32\ntdll.dll
0x00007ffa231c0000 - 0x00007ffa23284000 	C:\windows\System32\KERNEL32.DLL
0x00007ffa22350000 - 0x00007ffa226fd000 	C:\windows\System32\KERNELBASE.dll
0x00007ffa21e80000 - 0x00007ffa21f91000 	C:\windows\System32\ucrtbase.dll
0x00007ff9ffe70000 - 0x00007ff9ffe8b000 	C:\Program Files\Java\jdk-11\bin\VCRUNTIME140.dll
0x00007ffa0f2b0000 - 0x00007ffa0f2c9000 	C:\Program Files\Java\jdk-11\bin\jli.dll
0x00007ffa239f0000 - 0x00007ffa23aa2000 	C:\windows\System32\ADVAPI32.dll
0x00007ffa23110000 - 0x00007ffa231b7000 	C:\windows\System32\msvcrt.dll
0x00007ffa22960000 - 0x00007ffa22a09000 	C:\windows\System32\sechost.dll
0x00007ffa22320000 - 0x00007ffa22348000 	C:\windows\System32\bcrypt.dll
0x00007ffa232f0000 - 0x00007ffa23404000 	C:\windows\System32\RPCRT4.dll
0x00007ffa23ab0000 - 0x00007ffa23c5e000 	C:\windows\System32\USER32.dll
0x00007ffa222f0000 - 0x00007ffa22316000 	C:\windows\System32\win32u.dll
0x00007ffa22920000 - 0x00007ffa22949000 	C:\windows\System32\GDI32.dll
0x00007ffa221d0000 - 0x00007ffa222e9000 	C:\windows\System32\gdi32full.dll
0x00007ffa21d70000 - 0x00007ffa21e0a000 	C:\windows\System32\msvcp_win.dll
0x00007ffa04f20000 - 0x00007ffa051b3000 	C:\windows\WinSxS\amd64_microsoft.windows.common-controls_6595b64144ccf1df_6.0.22621.3672_none_2713b9d173822955\COMCTL32.dll
0x00007ffa1a8e0000 - 0x00007ffa1a8ea000 	C:\windows\SYSTEM32\VERSION.dll
0x00007ffa22a30000 - 0x00007ffa22a61000 	C:\windows\System32\IMM32.DLL
0x00007ffa1a890000 - 0x00007ffa1a89c000 	C:\Program Files\Java\jdk-11\bin\vcruntime140_1.dll
0x00007ff9f6310000 - 0x00007ff9f639e000 	C:\Program Files\Java\jdk-11\bin\msvcp140.dll
0x00007ff9dab20000 - 0x00007ff9db67e000 	C:\Program Files\Java\jdk-11\bin\server\jvm.dll
0x00007ffa22a10000 - 0x00007ffa22a18000 	C:\windows\System32\PSAPI.DLL
0x00007ffa13180000 - 0x00007ffa13189000 	C:\windows\SYSTEM32\WSOCK32.dll
0x00007ffa234f0000 - 0x00007ffa23561000 	C:\windows\System32\WS2_32.dll
0x00007ffa0f140000 - 0x00007ffa0f174000 	C:\windows\SYSTEM32\WINMM.dll
0x00007ffa20cc0000 - 0x00007ffa20cd8000 	C:\windows\SYSTEM32\kernel.appcore.dll
0x00007ffa15ae0000 - 0x00007ffa15af0000 	C:\Program Files\Java\jdk-11\bin\verify.dll
0x00007ffa1c2d0000 - 0x00007ffa1c502000 	C:\windows\SYSTEM32\DBGHELP.DLL
0x00007ffa22c20000 - 0x00007ffa22fad000 	C:\windows\System32\combase.dll
0x00007ffa23e50000 - 0x00007ffa23f27000 	C:\windows\System32\OLEAUT32.dll
0x00007ffa1c100000 - 0x00007ffa1c132000 	C:\windows\SYSTEM32\dbgcore.DLL
0x00007ffa22700000 - 0x00007ffa2277b000 	C:\windows\System32\bcryptPrimitives.dll
0x00007ff9fc900000 - 0x00007ff9fc928000 	C:\Program Files\Java\jdk-11\bin\java.dll
0x00007ffa13bd0000 - 0x00007ffa13bda000 	C:\Program Files\Java\jdk-11\bin\jimage.dll
0x00007ff9ffe00000 - 0x00007ff9ffe17000 	C:\Program Files\Java\jdk-11\bin\zip.dll

dbghelp: loaded successfully - version: 4.0.5 - missing functions: none
symbol engine: initialized successfully - sym options: 0x614 - pdb path: .;C:\Program Files\Java\jdk-11\bin;C:\windows\SYSTEM32;C:\windows\WinSxS\amd64_microsoft.windows.common-controls_6595b64144ccf1df_6.0.22621.3672_none_2713b9d173822955;C:\Program Files\Java\jdk-11\bin\server

VM Arguments:
jvm_args: -Dorg.gradle.internal.worker.tmpdir=C:\Users\user\Desktop\course\intelij\workspace\BootJpa\build\tmp\test\work -Xmx512m -Dfile.encoding=x-windows-949 -Duser.country=KR -Duser.language=ko -Duser.variant -ea 
java_command: worker.org.gradle.process.internal.worker.GradleWorkerMain 'Gradle Test Executor 1'
java_class_path (initial): C:\\Users\\user\\.gradle\\caches\\8.8\\workerMain\\gradle-worker.jar;C:\\Users\\user\\Desktop\\course\\intelij\\workspace\\BootJpa\\build\\classes\\java\\test;C:\\Users\\user\\Desktop\\course\\intelij\\workspace\\BootJpa\\build\\classes\\java\\main;C:\\Users\\user\\Desktop\\course\\intelij\\workspace\\BootJpa\\build\\resources\\main;C:\\Users\\user\\.gradle\\caches\\modules-2\\files-2.1\\org.springframework.boot\\spring-boot-starter-data-jpa\\2.7.18\\ffc6aa225da2a9987238ad88ae4550e5ee68da61\\spring-boot-starter-data-jpa-2.7.18.jar;C:\\Users\\user\\.gradle\\caches\\modules-2\\files-2.1\\org.springframework.boot\\spring-boot-starter-thymeleaf\\2.7.18\\c87a27e30720c43372ceb0476b5b00c6f5296df3\\spring-boot-starter-thymeleaf-2.7.18.jar;C:\\Users\\user\\.gradle\\caches\\modules-2\\files-2.1\\org.springframework.boot\\spring-boot-starter-web\\2.7.18\\dd62ea85098187b4604e78dc15a7ff87dba173d\\spring-boot-starter-web-2.7.18.jar;C:\\Users\\user\\.gradle\\caches\\modules-2\\files-2.1\\com.mysql\\mysql-connector-j\\8.0.33\\9e64d997873abc4318620264703d3fdb6b02dd5a\\mysql-connector-j-8.0.33.jar;C:\\Users\\user\\.gradle\\caches\\modules-2\\files-2.1\\org.springframework.boot\\spring-boot-starter-test\\2.7.18\\5a77fb8356e869b880914838843eb73ccb2ba676\\spring-boot-starter-test-2.7.18.jar;C:\\Users\\user\\.gradle\\caches\\modules-2\\files-2.1\\org.junit.jupiter\\junit-jupiter\\5.8.2\\5a817b1e63f1217e5c586090c45e681281f097ad\\junit-jupiter-5.8.2.jar;C:\\Users\\user\\.gradle\\caches\\modules-2\\files-2.1\\org.junit.jupiter\\junit-jupiter-engine\\5.8.2\\c598b4328d2f397194d11df3b1648d68d7d990e3\\junit-jupiter-engine-5.8.2.jar;C:\\Users\\user\\.gradle\\caches\\modules-2\\files-2.1\\org.junit.platform\\junit-platform-engine\\1.8.2\\b737de09f19864bd136805c84df7999a142fec29\\junit-platform-engine-1.8.2.jar;C:\\Users\\user\\.gradle\\caches\\modules-2\\files-2.1\\org.mockito\\mockito-junit-jupiter\\4.5.1\\f81fb60bd69b3a6e5537ae23b883326f01632a61\\mockito-junit-jupit
Launcher Type: SUN_STANDARD

[Global flags]
     intx CICompilerCount                          = 4                                         {product} {ergonomic}
     uint ConcGCThreads                            = 3                                         {product} {ergonomic}
     uint G1ConcRefinementThreads                  = 10                                        {product} {ergonomic}
   size_t G1HeapRegionSize                         = 1048576                                   {product} {ergonomic}
    uintx GCDrainStackTargetSize                   = 64                                        {product} {ergonomic}
   size_t InitialHeapSize                          = 264241152                                 {product} {ergonomic}
   size_t MarkStackSize                            = 4194304                                   {product} {ergonomic}
   size_t MaxHeapSize                              = 536870912                                 {product} {command line}
   size_t MinHeapDeltaBytes                        = 1048576                                   {product} {ergonomic}
    uintx NonNMethodCodeHeapSize                   = 5836300                                {pd product} {ergonomic}
    uintx NonProfiledCodeHeapSize                  = 122910970                              {pd product} {ergonomic}
    uintx ProfiledCodeHeapSize                     = 122910970                              {pd product} {ergonomic}
    uintx ReservedCodeCacheSize                    = 251658240                              {pd product} {ergonomic}
     bool SegmentedCodeCache                       = true                                      {product} {ergonomic}
     bool UseCompressedClassPointers               = true                                 {lp64_product} {ergonomic}
     bool UseCompressedOops                        = true                                 {lp64_product} {ergonomic}
     bool UseG1GC                                  = true                                      {product} {ergonomic}
     bool UseLargePagesIndividualAllocation        = false                                  {pd product} {ergonomic}

Logging:
Log output configuration:
 #0: stdout all=warning uptime,level,tags
 #1: stderr all=off uptime,level,tags

Environment Variables:
PATH=C:\oraclexe\app\oracle\product\11.2.0\server\bin;;C:\Program Files\Common Files\Oracle\Java\javapath;C:\windows\system32;C:\windows;C:\windows\System32\Wbem;C:\windows\System32\WindowsPowerShell\v1.0\;C:\windows\System32\OpenSSH\;C:\Program Files\Bandizip\;C:\Program Files\Git\cmd;C:\Users\user\AppData\Local\Microsoft\WindowsApps;C:\Users\user\AppData\Local\Programs\Microsoft VS Code\bin
USERNAME=user
OS=Windows_NT
PROCESSOR_IDENTIFIER=Intel64 Family 6 Model 151 Stepping 2, GenuineIntel



---------------  S Y S T E M  ---------------

OS: Windows 11 , 64 bit Build 22621 (10.0.22621.3958)
Hyper-V role detected

CPU:total 12 (initial active 12) (6 cores per cpu, 2 threads per core) family 6 model 151 stepping 2 microcode 0x1e, cmov, cx8, fxsr, mmx, sse, sse2, sse3, ssse3, sse4.1, sse4.2, popcnt, avx, avx2, aes, clmul, erms, 3dnowpref, lzcnt, ht, tsc, tscinvbit, bmi1, bmi2, adx, sha, fma

Memory: 4k page, system-wide physical 16098M (4759M free)
TotalPageFile size 65250M (AvailPageFile size 75M)
current process WorkingSet (physical memory assigned to process): 10M, peak: 10M
current process commit charge ("private bytes"): 63M, peak: 315M

vm_info: Java HotSpot(TM) 64-Bit Server VM (11.0.23+7-LTS-222) for windows-amd64 JRE (11.0.23+7-LTS-222), built on Mar 11 2024 22:13:52 by "mach5one" with MS VC++ 17.6 (VS2022)

END.
