#
# There is insufficient memory for the Java Runtime Environment to continue.
# Native memory allocation (malloc) failed to allocate 1189296 bytes for Chunk::new
# Possible reasons:
#   The system is out of physical RAM or swap space
#   The process is running with CompressedOops enabled, and the Java Heap may be blocking the growth of the native heap
# Possible solutions:
#   Reduce memory load on the system
#   Increase physical memory or swap space
#   Check if swap backing store is full
#   Decrease Java heap size (-Xmx/-Xms)
#   Decrease number of Java threads
#   Decrease Java thread stack sizes (-Xss)
#   Set larger code cache with -XX:ReservedCodeCacheSize=
#   JVM is running with Unscaled Compressed Oops mode in which the Java heap is
#     placed in the first 4GB address space. The Java Heap base address is the
#     maximum limit for the native heap growth. Please use -XX:HeapBaseMinAddress
#     to set the Java Heap base and to place the Java Heap above 4GB virtual address.
# This output file may be truncated or incomplete.
#
#  Out of Memory Error (./open/src/hotspot/share/memory/arena.cpp:197), pid=21148, tid=31672
#
# JRE version: Java(TM) SE Runtime Environment 18.9 (11.0.23+7) (build 11.0.23+7-LTS-222)
# Java VM: Java HotSpot(TM) 64-Bit Server VM 18.9 (11.0.23+7-LTS-222, mixed mode, tiered, compressed oops, g1 gc, windows-amd64)
# No core dump will be written. Minidumps are not enabled by default on client versions of Windows
#

---------------  S U M M A R Y ------------

Command Line: -Dorg.gradle.internal.worker.tmpdir=C:\Users\user\Desktop\course\intelij\workspace\BootJpa\build\tmp\test\work -Xmx512m -Dfile.encoding=x-windows-949 -Duser.country=KR -Duser.language=ko -Duser.variant -ea worker.org.gradle.process.internal.worker.GradleWorkerMain 'Gradle Test Executor 3'

Host: 12th Gen Intel(R) Core(TM) i5-12400, 12 cores, 15G,  Windows 11 , 64 bit Build 22621 (10.0.22621.3958)
Time: Tue Aug 20 14:17:35 2024  Windows 11 , 64 bit Build 22621 (10.0.22621.3958) elapsed time: 3.940931 seconds (0d 0h 0m 3s)

---------------  T H R E A D  ---------------

Current thread (0x000001e551d3c800):  JavaThread "C2 CompilerThread1" daemon [_thread_in_native, id=31672, stack(0x000000af62e00000,0x000000af62f00000)]


Current CompileTask:
C2:   3941 4594       4       org.springframework.boot.context.properties.source.SpringConfigurationPropertySources$SourcesIterator::fetchNext (138 bytes)

Stack: [0x000000af62e00000,0x000000af62f00000]
Native frames: (J=compiled Java code, j=interpreted, Vv=VM code, C=native code)
V  [jvm.dll+0x65524a]
V  [jvm.dll+0x79646f]
V  [jvm.dll+0x797b39]
V  [jvm.dll+0x7981e3]
V  [jvm.dll+0x254ee5]
V  [jvm.dll+0xb310c]
V  [jvm.dll+0xb371c]
V  [jvm.dll+0x35ed01]
V  [jvm.dll+0x1a1054]
V  [jvm.dll+0x20efad]
V  [jvm.dll+0x20de2d]
V  [jvm.dll+0x18b291]
V  [jvm.dll+0x21def4]
V  [jvm.dll+0x21c21c]
V  [jvm.dll+0x75a5f1]
V  [jvm.dll+0x752ef4]
V  [jvm.dll+0x6540f5]
C  [ucrtbase.dll+0x29333]
C  [KERNEL32.DLL+0x1257d]
C  [ntdll.dll+0x5af28]


---------------  P R O C E S S  ---------------

Threads class SMR info:
_java_thread_list=0x000001e55589f4d0, length=18, elements={
0x000001e535eb8800, 0x000001e5512ad000, 0x000001e5512df800, 0x000001e551349000,
0x000001e55134a800, 0x000001e55134b800, 0x000001e55134e800, 0x000001e551352000,
0x000001e551356000, 0x000001e551506800, 0x000001e551d3c800, 0x000001e551f13000,
0x000001e55219f000, 0x000001e5521a4800, 0x000001e554a71800, 0x000001e554870800,
0x000001e555a13000, 0x000001e55590b000
}

Java Threads: ( => current thread )
  0x000001e535eb8800 JavaThread "Test worker" [_thread_in_native, id=36308, stack(0x000000af61d00000,0x000000af61e00000)]
  0x000001e5512ad000 JavaThread "Reference Handler" daemon [_thread_blocked, id=27264, stack(0x000000af62400000,0x000000af62500000)]
  0x000001e5512df800 JavaThread "Finalizer" daemon [_thread_blocked, id=33884, stack(0x000000af62500000,0x000000af62600000)]
  0x000001e551349000 JavaThread "Signal Dispatcher" daemon [_thread_blocked, id=28984, stack(0x000000af62600000,0x000000af62700000)]
  0x000001e55134a800 JavaThread "Attach Listener" daemon [_thread_blocked, id=32616, stack(0x000000af62700000,0x000000af62800000)]
  0x000001e55134b800 JavaThread "Service Thread" daemon [_thread_blocked, id=24000, stack(0x000000af62800000,0x000000af62900000)]
  0x000001e55134e800 JavaThread "C2 CompilerThread0" daemon [_thread_in_native, id=31668, stack(0x000000af62900000,0x000000af62a00000)]
  0x000001e551352000 JavaThread "C1 CompilerThread0" daemon [_thread_blocked, id=33992, stack(0x000000af62a00000,0x000000af62b00000)]
  0x000001e551356000 JavaThread "Sweeper thread" daemon [_thread_blocked, id=6348, stack(0x000000af62b00000,0x000000af62c00000)]
  0x000001e551506800 JavaThread "Common-Cleaner" daemon [_thread_blocked, id=14388, stack(0x000000af62d00000,0x000000af62e00000)]
=>0x000001e551d3c800 JavaThread "C2 CompilerThread1" daemon [_thread_in_native, id=31672, stack(0x000000af62e00000,0x000000af62f00000)]
  0x000001e551f13000 JavaThread "/127.0.0.1:56735 to /127.0.0.1:56734 workers" [_thread_blocked, id=19256, stack(0x000000af63000000,0x000000af63100000)]
  0x000001e55219f000 JavaThread "/127.0.0.1:56735 to /127.0.0.1:56734 workers Thread 2" [_thread_blocked, id=25336, stack(0x000000af63100000,0x000000af63200000)]
  0x000001e5521a4800 JavaThread "/127.0.0.1:56735 to /127.0.0.1:56734 workers Thread 3" [_thread_in_native, id=30892, stack(0x000000af63200000,0x000000af63300000)]
  0x000001e554a71800 JavaThread "C2 CompilerThread2" daemon [_thread_in_native, id=14672, stack(0x000000af63c00000,0x000000af63d00000)]
  0x000001e554870800 JavaThread "mysql-cj-abandoned-connection-cleanup" daemon [_thread_blocked, id=37444, stack(0x000000af63d00000,0x000000af63e00000)]
  0x000001e555a13000 JavaThread "HikariPool-1 housekeeper" daemon [_thread_blocked, id=24108, stack(0x000000af63e00000,0x000000af63f00000)]
  0x000001e55590b000 JavaThread "HikariPool-1 connection adder" daemon [_thread_blocked, id=29244, stack(0x000000af63f00000,0x000000af64000000)]

Other Threads:
  0x000001e5512ab800 VMThread "VM Thread" [stack: 0x000000af62300000,0x000000af62400000] [id=27096]
  0x000001e551421800 WatcherThread [stack: 0x000000af62c00000,0x000000af62d00000] [id=26180]
  0x000001e535ece800 GCTaskThread "GC Thread#0" [stack: 0x000000af61e00000,0x000000af61f00000] [id=30800]
  0x000001e552967800 GCTaskThread "GC Thread#1" [stack: 0x000000af63300000,0x000000af63400000] [id=34192]
  0x000001e552745000 GCTaskThread "GC Thread#2" [stack: 0x000000af63400000,0x000000af63500000] [id=16964]
  0x000001e5526ce000 GCTaskThread "GC Thread#3" [stack: 0x000000af63500000,0x000000af63600000] [id=36140]
  0x000001e5526cf000 GCTaskThread "GC Thread#4" [stack: 0x000000af63600000,0x000000af63700000] [id=4932]
  0x000001e55240b000 GCTaskThread "GC Thread#5" [stack: 0x000000af63700000,0x000000af63800000] [id=37352]
  0x000001e552621800 GCTaskThread "GC Thread#6" [stack: 0x000000af63800000,0x000000af63900000] [id=35084]
  0x000001e55240b800 GCTaskThread "GC Thread#7" [stack: 0x000000af63900000,0x000000af63a00000] [id=24484]
  0x000001e535ee0000 ConcurrentGCThread "G1 Main Marker" [stack: 0x000000af61f00000,0x000000af62000000] [id=5780]
  0x000001e535ee2000 ConcurrentGCThread "G1 Conc#0" [stack: 0x000000af62000000,0x000000af62100000] [id=33784]
  0x000001e552bc4800 ConcurrentGCThread "G1 Conc#1" [stack: 0x000000af63a00000,0x000000af63b00000] [id=18276]
  0x000001e552bc3000 ConcurrentGCThread "G1 Conc#2" [stack: 0x000000af63b00000,0x000000af63c00000] [id=20708]
  0x000001e535f7d800 ConcurrentGCThread "G1 Refine#0" [stack: 0x000000af62100000,0x000000af62200000] [id=34948]
  0x000001e550910800 ConcurrentGCThread "G1 Young RemSet Sampling" [stack: 0x000000af62200000,0x000000af62300000] [id=18760]

Threads with active compile tasks:
C2 CompilerThread0     3955 4751   !   4       org.springframework.core.annotation.AnnotationsScanner::processClassHierarchy (227 bytes)
C2 CompilerThread1     3955 4594       4       org.springframework.boot.context.properties.source.SpringConfigurationPropertySources$SourcesIterator::fetchNext (138 bytes)
C2 CompilerThread2     3955 4788       4       org.springframework.core.BridgeMethodResolver::findBridgedMethod (117 bytes)

VM state:not at safepoint (normal execution)

VM Mutex/Monitor currently owned by a thread: None

Heap address: 0x00000000e0000000, size: 512 MB, Compressed Oops mode: 32-bit
Narrow klass base: 0x0000000000000000, Narrow klass shift: 3
Compressed class space size: 1073741824 Address: 0x0000000100000000

Heap:
 garbage-first heap   total 258048K, used 65184K [0x00000000e0000000, 0x0000000100000000)
  region size 1024K, 52 young (53248K), 10 survivors (10240K)
 Metaspace       used 60804K, capacity 62401K, committed 62640K, reserved 1103872K
  class space    used 7953K, capacity 8592K, committed 8704K, reserved 1048576K
Heap Regions: E=young(eden), S=young(survivor), O=old, HS=humongous(starts), HC=humongous(continues), CS=collection set, F=free, A=archive, TAMS=top-at-mark-start (previous, next)
|   0|0x00000000e0000000, 0x00000000e0100000, 0x00000000e0100000|100%|HS|  |TAMS 0x00000000e0100000, 0x00000000e0000000| Complete 
|   1|0x00000000e0100000, 0x00000000e0200000, 0x00000000e0200000|100%| O|  |TAMS 0x00000000e0200000, 0x00000000e0100000| Untracked 
|   2|0x00000000e0200000, 0x00000000e0300000, 0x00000000e0300000|100%| O|  |TAMS 0x00000000e0300000, 0x00000000e0200000| Untracked 
|   3|0x00000000e0300000, 0x00000000e0400000, 0x00000000e0400000|100%| O|  |TAMS 0x00000000e0400000, 0x00000000e0300000| Untracked 
|   4|0x00000000e0400000, 0x00000000e0500000, 0x00000000e0500000|100%| O|  |TAMS 0x00000000e0500000, 0x00000000e0400000| Untracked 
|   5|0x00000000e0500000, 0x00000000e0600000, 0x00000000e0600000|100%| O|  |TAMS 0x00000000e0600000, 0x00000000e0500000| Untracked 
|   6|0x00000000e0600000, 0x00000000e0700000, 0x00000000e0700000|100%| O|  |TAMS 0x00000000e0700000, 0x00000000e0600000| Untracked 
|   7|0x00000000e0700000, 0x00000000e0800000, 0x00000000e0800000|100%| O|  |TAMS 0x00000000e0800000, 0x00000000e0700000| Untracked 
|   8|0x00000000e0800000, 0x00000000e0900000, 0x00000000e0900000|100%| O|  |TAMS 0x00000000e0900000, 0x00000000e0800000| Untracked 
|   9|0x00000000e0900000, 0x00000000e0a00000, 0x00000000e0a00000|100%| O|  |TAMS 0x00000000e0a00000, 0x00000000e0900000| Untracked 
|  10|0x00000000e0a00000, 0x00000000e0b00000, 0x00000000e0b00000|100%| O|  |TAMS 0x00000000e0b00000, 0x00000000e0a00000| Untracked 
|  11|0x00000000e0b00000, 0x00000000e0c00000, 0x00000000e0c00000|100%| O|  |TAMS 0x00000000e0c00000, 0x00000000e0b00000| Untracked 
|  12|0x00000000e0c00000, 0x00000000e0ce7000, 0x00000000e0d00000| 90%| O|  |TAMS 0x00000000e0ce7000, 0x00000000e0c00000| Untracked 
|  13|0x00000000e0d00000, 0x00000000e0d00000, 0x00000000e0e00000|  0%| F|  |TAMS 0x00000000e0d00000, 0x00000000e0d00000| Untracked 
|  14|0x00000000e0e00000, 0x00000000e0e00000, 0x00000000e0f00000|  0%| F|  |TAMS 0x00000000e0e00000, 0x00000000e0e00000| Untracked 
|  15|0x00000000e0f00000, 0x00000000e0f00000, 0x00000000e1000000|  0%| F|  |TAMS 0x00000000e0f00000, 0x00000000e0f00000| Untracked 
|  16|0x00000000e1000000, 0x00000000e1000000, 0x00000000e1100000|  0%| F|  |TAMS 0x00000000e1000000, 0x00000000e1000000| Untracked 
|  17|0x00000000e1100000, 0x00000000e1100000, 0x00000000e1200000|  0%| F|  |TAMS 0x00000000e1100000, 0x00000000e1100000| Untracked 
|  18|0x00000000e1200000, 0x00000000e1200000, 0x00000000e1300000|  0%| F|  |TAMS 0x00000000e1200000, 0x00000000e1200000| Untracked 
|  19|0x00000000e1300000, 0x00000000e1300000, 0x00000000e1400000|  0%| F|  |TAMS 0x00000000e1300000, 0x00000000e1300000| Untracked 
|  20|0x00000000e1400000, 0x00000000e1400000, 0x00000000e1500000|  0%| F|  |TAMS 0x00000000e1400000, 0x00000000e1400000| Untracked 
|  21|0x00000000e1500000, 0x00000000e1500000, 0x00000000e1600000|  0%| F|  |TAMS 0x00000000e1500000, 0x00000000e1500000| Untracked 
|  22|0x00000000e1600000, 0x00000000e1600000, 0x00000000e1700000|  0%| F|  |TAMS 0x00000000e1600000, 0x00000000e1600000| Untracked 
|  23|0x00000000e1700000, 0x00000000e1700000, 0x00000000e1800000|  0%| F|  |TAMS 0x00000000e1700000, 0x00000000e1700000| Untracked 
|  24|0x00000000e1800000, 0x00000000e1800000, 0x00000000e1900000|  0%| F|  |TAMS 0x00000000e1800000, 0x00000000e1800000| Untracked 
|  25|0x00000000e1900000, 0x00000000e1900000, 0x00000000e1a00000|  0%| F|  |TAMS 0x00000000e1900000, 0x00000000e1900000| Untracked 
|  26|0x00000000e1a00000, 0x00000000e1a00000, 0x00000000e1b00000|  0%| F|  |TAMS 0x00000000e1a00000, 0x00000000e1a00000| Untracked 
|  27|0x00000000e1b00000, 0x00000000e1b00000, 0x00000000e1c00000|  0%| F|  |TAMS 0x00000000e1b00000, 0x00000000e1b00000| Untracked 
|  28|0x00000000e1c00000, 0x00000000e1c00000, 0x00000000e1d00000|  0%| F|  |TAMS 0x00000000e1c00000, 0x00000000e1c00000| Untracked 
|  29|0x00000000e1d00000, 0x00000000e1d00000, 0x00000000e1e00000|  0%| F|  |TAMS 0x00000000e1d00000, 0x00000000e1d00000| Untracked 
|  30|0x00000000e1e00000, 0x00000000e1e00000, 0x00000000e1f00000|  0%| F|  |TAMS 0x00000000e1e00000, 0x00000000e1e00000| Untracked 
|  31|0x00000000e1f00000, 0x00000000e1f00000, 0x00000000e2000000|  0%| F|  |TAMS 0x00000000e1f00000, 0x00000000e1f00000| Untracked 
|  32|0x00000000e2000000, 0x00000000e2000000, 0x00000000e2100000|  0%| F|  |TAMS 0x00000000e2000000, 0x00000000e2000000| Untracked 
|  33|0x00000000e2100000, 0x00000000e2100000, 0x00000000e2200000|  0%| F|  |TAMS 0x00000000e2100000, 0x00000000e2100000| Untracked 
|  34|0x00000000e2200000, 0x00000000e2200000, 0x00000000e2300000|  0%| F|  |TAMS 0x00000000e2200000, 0x00000000e2200000| Untracked 
|  35|0x00000000e2300000, 0x00000000e2300000, 0x00000000e2400000|  0%| F|  |TAMS 0x00000000e2300000, 0x00000000e2300000| Untracked 
|  36|0x00000000e2400000, 0x00000000e2400000, 0x00000000e2500000|  0%| F|  |TAMS 0x00000000e2400000, 0x00000000e2400000| Untracked 
|  37|0x00000000e2500000, 0x00000000e2500000, 0x00000000e2600000|  0%| F|  |TAMS 0x00000000e2500000, 0x00000000e2500000| Untracked 
|  38|0x00000000e2600000, 0x00000000e2600000, 0x00000000e2700000|  0%| F|  |TAMS 0x00000000e2600000, 0x00000000e2600000| Untracked 
|  39|0x00000000e2700000, 0x00000000e2700000, 0x00000000e2800000|  0%| F|  |TAMS 0x00000000e2700000, 0x00000000e2700000| Untracked 
|  40|0x00000000e2800000, 0x00000000e2800000, 0x00000000e2900000|  0%| F|  |TAMS 0x00000000e2800000, 0x00000000e2800000| Untracked 
|  41|0x00000000e2900000, 0x00000000e2900000, 0x00000000e2a00000|  0%| F|  |TAMS 0x00000000e2900000, 0x00000000e2900000| Untracked 
|  42|0x00000000e2a00000, 0x00000000e2a00000, 0x00000000e2b00000|  0%| F|  |TAMS 0x00000000e2a00000, 0x00000000e2a00000| Untracked 
|  43|0x00000000e2b00000, 0x00000000e2b00000, 0x00000000e2c00000|  0%| F|  |TAMS 0x00000000e2b00000, 0x00000000e2b00000| Untracked 
|  44|0x00000000e2c00000, 0x00000000e2c00000, 0x00000000e2d00000|  0%| F|  |TAMS 0x00000000e2c00000, 0x00000000e2c00000| Untracked 
|  45|0x00000000e2d00000, 0x00000000e2d00000, 0x00000000e2e00000|  0%| F|  |TAMS 0x00000000e2d00000, 0x00000000e2d00000| Untracked 
|  46|0x00000000e2e00000, 0x00000000e2e00000, 0x00000000e2f00000|  0%| F|  |TAMS 0x00000000e2e00000, 0x00000000e2e00000| Untracked 
|  47|0x00000000e2f00000, 0x00000000e2f00000, 0x00000000e3000000|  0%| F|  |TAMS 0x00000000e2f00000, 0x00000000e2f00000| Untracked 
|  48|0x00000000e3000000, 0x00000000e3000000, 0x00000000e3100000|  0%| F|  |TAMS 0x00000000e3000000, 0x00000000e3000000| Untracked 
|  49|0x00000000e3100000, 0x00000000e3100000, 0x00000000e3200000|  0%| F|  |TAMS 0x00000000e3100000, 0x00000000e3100000| Untracked 
|  50|0x00000000e3200000, 0x00000000e3200000, 0x00000000e3300000|  0%| F|  |TAMS 0x00000000e3200000, 0x00000000e3200000| Untracked 
|  51|0x00000000e3300000, 0x00000000e3300000, 0x00000000e3400000|  0%| F|  |TAMS 0x00000000e3300000, 0x00000000e3300000| Untracked 
|  52|0x00000000e3400000, 0x00000000e3400000, 0x00000000e3500000|  0%| F|  |TAMS 0x00000000e3400000, 0x00000000e3400000| Untracked 
|  53|0x00000000e3500000, 0x00000000e3500000, 0x00000000e3600000|  0%| F|  |TAMS 0x00000000e3500000, 0x00000000e3500000| Untracked 
|  54|0x00000000e3600000, 0x00000000e3600000, 0x00000000e3700000|  0%| F|  |TAMS 0x00000000e3600000, 0x00000000e3600000| Untracked 
|  55|0x00000000e3700000, 0x00000000e3700000, 0x00000000e3800000|  0%| F|  |TAMS 0x00000000e3700000, 0x00000000e3700000| Untracked 
|  56|0x00000000e3800000, 0x00000000e3800000, 0x00000000e3900000|  0%| F|  |TAMS 0x00000000e3800000, 0x00000000e3800000| Untracked 
|  57|0x00000000e3900000, 0x00000000e3900000, 0x00000000e3a00000|  0%| F|  |TAMS 0x00000000e3900000, 0x00000000e3900000| Untracked 
|  58|0x00000000e3a00000, 0x00000000e3a00000, 0x00000000e3b00000|  0%| F|  |TAMS 0x00000000e3a00000, 0x00000000e3a00000| Untracked 
|  59|0x00000000e3b00000, 0x00000000e3b00000, 0x00000000e3c00000|  0%| F|  |TAMS 0x00000000e3b00000, 0x00000000e3b00000| Untracked 
|  60|0x00000000e3c00000, 0x00000000e3c00000, 0x00000000e3d00000|  0%| F|  |TAMS 0x00000000e3c00000, 0x00000000e3c00000| Untracked 
|  61|0x00000000e3d00000, 0x00000000e3d00000, 0x00000000e3e00000|  0%| F|  |TAMS 0x00000000e3d00000, 0x00000000e3d00000| Untracked 
|  62|0x00000000e3e00000, 0x00000000e3e00000, 0x00000000e3f00000|  0%| F|  |TAMS 0x00000000e3e00000, 0x00000000e3e00000| Untracked 
|  63|0x00000000e3f00000, 0x00000000e3f00000, 0x00000000e4000000|  0%| F|  |TAMS 0x00000000e3f00000, 0x00000000e3f00000| Untracked 
|  64|0x00000000e4000000, 0x00000000e4000000, 0x00000000e4100000|  0%| F|  |TAMS 0x00000000e4000000, 0x00000000e4000000| Untracked 
|  65|0x00000000e4100000, 0x00000000e4100000, 0x00000000e4200000|  0%| F|  |TAMS 0x00000000e4100000, 0x00000000e4100000| Untracked 
|  66|0x00000000e4200000, 0x00000000e4200000, 0x00000000e4300000|  0%| F|  |TAMS 0x00000000e4200000, 0x00000000e4200000| Untracked 
|  67|0x00000000e4300000, 0x00000000e4300000, 0x00000000e4400000|  0%| F|  |TAMS 0x00000000e4300000, 0x00000000e4300000| Untracked 
|  68|0x00000000e4400000, 0x00000000e4400000, 0x00000000e4500000|  0%| F|  |TAMS 0x00000000e4400000, 0x00000000e4400000| Untracked 
|  69|0x00000000e4500000, 0x00000000e4500000, 0x00000000e4600000|  0%| F|  |TAMS 0x00000000e4500000, 0x00000000e4500000| Untracked 
|  70|0x00000000e4600000, 0x00000000e4600000, 0x00000000e4700000|  0%| F|  |TAMS 0x00000000e4600000, 0x00000000e4600000| Untracked 
|  71|0x00000000e4700000, 0x00000000e4700000, 0x00000000e4800000|  0%| F|  |TAMS 0x00000000e4700000, 0x00000000e4700000| Untracked 
|  72|0x00000000e4800000, 0x00000000e4800000, 0x00000000e4900000|  0%| F|  |TAMS 0x00000000e4800000, 0x00000000e4800000| Untracked 
|  73|0x00000000e4900000, 0x00000000e4900000, 0x00000000e4a00000|  0%| F|  |TAMS 0x00000000e4900000, 0x00000000e4900000| Untracked 
|  74|0x00000000e4a00000, 0x00000000e4a00000, 0x00000000e4b00000|  0%| F|  |TAMS 0x00000000e4a00000, 0x00000000e4a00000| Untracked 
|  75|0x00000000e4b00000, 0x00000000e4b00000, 0x00000000e4c00000|  0%| F|  |TAMS 0x00000000e4b00000, 0x00000000e4b00000| Untracked 
|  76|0x00000000e4c00000, 0x00000000e4c00000, 0x00000000e4d00000|  0%| F|  |TAMS 0x00000000e4c00000, 0x00000000e4c00000| Untracked 
|  77|0x00000000e4d00000, 0x00000000e4d00000, 0x00000000e4e00000|  0%| F|  |TAMS 0x00000000e4d00000, 0x00000000e4d00000| Untracked 
|  78|0x00000000e4e00000, 0x00000000e4e00000, 0x00000000e4f00000|  0%| F|  |TAMS 0x00000000e4e00000, 0x00000000e4e00000| Untracked 
|  79|0x00000000e4f00000, 0x00000000e4f00000, 0x00000000e5000000|  0%| F|  |TAMS 0x00000000e4f00000, 0x00000000e4f00000| Untracked 
|  80|0x00000000e5000000, 0x00000000e5000000, 0x00000000e5100000|  0%| F|  |TAMS 0x00000000e5000000, 0x00000000e5000000| Untracked 
|  81|0x00000000e5100000, 0x00000000e5100000, 0x00000000e5200000|  0%| F|  |TAMS 0x00000000e5100000, 0x00000000e5100000| Untracked 
|  82|0x00000000e5200000, 0x00000000e5200000, 0x00000000e5300000|  0%| F|  |TAMS 0x00000000e5200000, 0x00000000e5200000| Untracked 
|  83|0x00000000e5300000, 0x00000000e5300000, 0x00000000e5400000|  0%| F|  |TAMS 0x00000000e5300000, 0x00000000e5300000| Untracked 
|  84|0x00000000e5400000, 0x00000000e5400000, 0x00000000e5500000|  0%| F|  |TAMS 0x00000000e5400000, 0x00000000e5400000| Untracked 
|  85|0x00000000e5500000, 0x00000000e5500000, 0x00000000e5600000|  0%| F|  |TAMS 0x00000000e5500000, 0x00000000e5500000| Untracked 
|  86|0x00000000e5600000, 0x00000000e5600000, 0x00000000e5700000|  0%| F|  |TAMS 0x00000000e5600000, 0x00000000e5600000| Untracked 
|  87|0x00000000e5700000, 0x00000000e5700000, 0x00000000e5800000|  0%| F|  |TAMS 0x00000000e5700000, 0x00000000e5700000| Untracked 
|  88|0x00000000e5800000, 0x00000000e5800000, 0x00000000e5900000|  0%| F|  |TAMS 0x00000000e5800000, 0x00000000e5800000| Untracked 
|  89|0x00000000e5900000, 0x00000000e5900000, 0x00000000e5a00000|  0%| F|  |TAMS 0x00000000e5900000, 0x00000000e5900000| Untracked 
|  90|0x00000000e5a00000, 0x00000000e5a00000, 0x00000000e5b00000|  0%| F|  |TAMS 0x00000000e5a00000, 0x00000000e5a00000| Untracked 
|  91|0x00000000e5b00000, 0x00000000e5b00000, 0x00000000e5c00000|  0%| F|  |TAMS 0x00000000e5b00000, 0x00000000e5b00000| Untracked 
|  92|0x00000000e5c00000, 0x00000000e5c00000, 0x00000000e5d00000|  0%| F|  |TAMS 0x00000000e5c00000, 0x00000000e5c00000| Untracked 
|  93|0x00000000e5d00000, 0x00000000e5d00000, 0x00000000e5e00000|  0%| F|  |TAMS 0x00000000e5d00000, 0x00000000e5d00000| Untracked 
|  94|0x00000000e5e00000, 0x00000000e5e00000, 0x00000000e5f00000|  0%| F|  |TAMS 0x00000000e5e00000, 0x00000000e5e00000| Untracked 
|  95|0x00000000e5f00000, 0x00000000e5f00000, 0x00000000e6000000|  0%| F|  |TAMS 0x00000000e5f00000, 0x00000000e5f00000| Untracked 
|  96|0x00000000e6000000, 0x00000000e6000000, 0x00000000e6100000|  0%| F|  |TAMS 0x00000000e6000000, 0x00000000e6000000| Untracked 
|  97|0x00000000e6100000, 0x00000000e6100000, 0x00000000e6200000|  0%| F|  |TAMS 0x00000000e6100000, 0x00000000e6100000| Untracked 
|  98|0x00000000e6200000, 0x00000000e6200000, 0x00000000e6300000|  0%| F|  |TAMS 0x00000000e6200000, 0x00000000e6200000| Untracked 
|  99|0x00000000e6300000, 0x00000000e6300000, 0x00000000e6400000|  0%| F|  |TAMS 0x00000000e6300000, 0x00000000e6300000| Untracked 
| 100|0x00000000e6400000, 0x00000000e6400000, 0x00000000e6500000|  0%| F|  |TAMS 0x00000000e6400000, 0x00000000e6400000| Untracked 
| 101|0x00000000e6500000, 0x00000000e6500000, 0x00000000e6600000|  0%| F|  |TAMS 0x00000000e6500000, 0x00000000e6500000| Untracked 
| 102|0x00000000e6600000, 0x00000000e6600000, 0x00000000e6700000|  0%| F|  |TAMS 0x00000000e6600000, 0x00000000e6600000| Untracked 
| 103|0x00000000e6700000, 0x00000000e6700000, 0x00000000e6800000|  0%| F|  |TAMS 0x00000000e6700000, 0x00000000e6700000| Untracked 
| 104|0x00000000e6800000, 0x00000000e6800000, 0x00000000e6900000|  0%| F|  |TAMS 0x00000000e6800000, 0x00000000e6800000| Untracked 
| 105|0x00000000e6900000, 0x00000000e6900000, 0x00000000e6a00000|  0%| F|  |TAMS 0x00000000e6900000, 0x00000000e6900000| Untracked 
| 106|0x00000000e6a00000, 0x00000000e6a00000, 0x00000000e6b00000|  0%| F|  |TAMS 0x00000000e6a00000, 0x00000000e6a00000| Untracked 
| 107|0x00000000e6b00000, 0x00000000e6b00000, 0x00000000e6c00000|  0%| F|  |TAMS 0x00000000e6b00000, 0x00000000e6b00000| Untracked 
| 108|0x00000000e6c00000, 0x00000000e6c00000, 0x00000000e6d00000|  0%| F|  |TAMS 0x00000000e6c00000, 0x00000000e6c00000| Untracked 
| 109|0x00000000e6d00000, 0x00000000e6d00000, 0x00000000e6e00000|  0%| F|  |TAMS 0x00000000e6d00000, 0x00000000e6d00000| Untracked 
| 110|0x00000000e6e00000, 0x00000000e6e00000, 0x00000000e6f00000|  0%| F|  |TAMS 0x00000000e6e00000, 0x00000000e6e00000| Untracked 
| 111|0x00000000e6f00000, 0x00000000e6f00000, 0x00000000e7000000|  0%| F|  |TAMS 0x00000000e6f00000, 0x00000000e6f00000| Untracked 
| 112|0x00000000e7000000, 0x00000000e7000000, 0x00000000e7100000|  0%| F|  |TAMS 0x00000000e7000000, 0x00000000e7000000| Untracked 
| 113|0x00000000e7100000, 0x00000000e7100000, 0x00000000e7200000|  0%| F|  |TAMS 0x00000000e7100000, 0x00000000e7100000| Untracked 
| 114|0x00000000e7200000, 0x00000000e7200000, 0x00000000e7300000|  0%| F|  |TAMS 0x00000000e7200000, 0x00000000e7200000| Untracked 
| 115|0x00000000e7300000, 0x00000000e7300000, 0x00000000e7400000|  0%| F|  |TAMS 0x00000000e7300000, 0x00000000e7300000| Untracked 
| 116|0x00000000e7400000, 0x00000000e7400000, 0x00000000e7500000|  0%| F|  |TAMS 0x00000000e7400000, 0x00000000e7400000| Untracked 
| 117|0x00000000e7500000, 0x00000000e7500000, 0x00000000e7600000|  0%| F|  |TAMS 0x00000000e7500000, 0x00000000e7500000| Untracked 
| 118|0x00000000e7600000, 0x00000000e7600000, 0x00000000e7700000|  0%| F|  |TAMS 0x00000000e7600000, 0x00000000e7600000| Untracked 
| 119|0x00000000e7700000, 0x00000000e7700000, 0x00000000e7800000|  0%| F|  |TAMS 0x00000000e7700000, 0x00000000e7700000| Untracked 
| 120|0x00000000e7800000, 0x00000000e7800000, 0x00000000e7900000|  0%| F|  |TAMS 0x00000000e7800000, 0x00000000e7800000| Untracked 
| 121|0x00000000e7900000, 0x00000000e7900000, 0x00000000e7a00000|  0%| F|  |TAMS 0x00000000e7900000, 0x00000000e7900000| Untracked 
| 122|0x00000000e7a00000, 0x00000000e7a00000, 0x00000000e7b00000|  0%| F|  |TAMS 0x00000000e7a00000, 0x00000000e7a00000| Untracked 
| 123|0x00000000e7b00000, 0x00000000e7b00000, 0x00000000e7c00000|  0%| F|  |TAMS 0x00000000e7b00000, 0x00000000e7b00000| Untracked 
| 124|0x00000000e7c00000, 0x00000000e7c00000, 0x00000000e7d00000|  0%| F|  |TAMS 0x00000000e7c00000, 0x00000000e7c00000| Untracked 
| 125|0x00000000e7d00000, 0x00000000e7d00000, 0x00000000e7e00000|  0%| F|  |TAMS 0x00000000e7d00000, 0x00000000e7d00000| Untracked 
| 126|0x00000000e7e00000, 0x00000000e7e00000, 0x00000000e7f00000|  0%| F|  |TAMS 0x00000000e7e00000, 0x00000000e7e00000| Untracked 
| 127|0x00000000e7f00000, 0x00000000e7f00000, 0x00000000e8000000|  0%| F|  |TAMS 0x00000000e7f00000, 0x00000000e7f00000| Untracked 
| 128|0x00000000e8000000, 0x00000000e8000000, 0x00000000e8100000|  0%| F|  |TAMS 0x00000000e8000000, 0x00000000e8000000| Untracked 
| 129|0x00000000e8100000, 0x00000000e8100000, 0x00000000e8200000|  0%| F|  |TAMS 0x00000000e8100000, 0x00000000e8100000| Untracked 
| 130|0x00000000e8200000, 0x00000000e8200000, 0x00000000e8300000|  0%| F|  |TAMS 0x00000000e8200000, 0x00000000e8200000| Untracked 
| 131|0x00000000e8300000, 0x00000000e8300000, 0x00000000e8400000|  0%| F|  |TAMS 0x00000000e8300000, 0x00000000e8300000| Untracked 
| 132|0x00000000e8400000, 0x00000000e8400000, 0x00000000e8500000|  0%| F|  |TAMS 0x00000000e8400000, 0x00000000e8400000| Untracked 
| 133|0x00000000e8500000, 0x00000000e8500000, 0x00000000e8600000|  0%| F|  |TAMS 0x00000000e8500000, 0x00000000e8500000| Untracked 
| 134|0x00000000e8600000, 0x00000000e8600000, 0x00000000e8700000|  0%| F|  |TAMS 0x00000000e8600000, 0x00000000e8600000| Untracked 
| 135|0x00000000e8700000, 0x00000000e8700000, 0x00000000e8800000|  0%| F|  |TAMS 0x00000000e8700000, 0x00000000e8700000| Untracked 
| 136|0x00000000e8800000, 0x00000000e8800000, 0x00000000e8900000|  0%| F|  |TAMS 0x00000000e8800000, 0x00000000e8800000| Untracked 
| 137|0x00000000e8900000, 0x00000000e8900000, 0x00000000e8a00000|  0%| F|  |TAMS 0x00000000e8900000, 0x00000000e8900000| Untracked 
| 138|0x00000000e8a00000, 0x00000000e8a00000, 0x00000000e8b00000|  0%| F|  |TAMS 0x00000000e8a00000, 0x00000000e8a00000| Untracked 
| 139|0x00000000e8b00000, 0x00000000e8b00000, 0x00000000e8c00000|  0%| F|  |TAMS 0x00000000e8b00000, 0x00000000e8b00000| Untracked 
| 140|0x00000000e8c00000, 0x00000000e8c00000, 0x00000000e8d00000|  0%| F|  |TAMS 0x00000000e8c00000, 0x00000000e8c00000| Untracked 
| 141|0x00000000e8d00000, 0x00000000e8d00000, 0x00000000e8e00000|  0%| F|  |TAMS 0x00000000e8d00000, 0x00000000e8d00000| Untracked 
| 142|0x00000000e8e00000, 0x00000000e8e00000, 0x00000000e8f00000|  0%| F|  |TAMS 0x00000000e8e00000, 0x00000000e8e00000| Untracked 
| 143|0x00000000e8f00000, 0x00000000e8f00000, 0x00000000e9000000|  0%| F|  |TAMS 0x00000000e8f00000, 0x00000000e8f00000| Untracked 
| 144|0x00000000e9000000, 0x00000000e9000000, 0x00000000e9100000|  0%| F|  |TAMS 0x00000000e9000000, 0x00000000e9000000| Untracked 
| 145|0x00000000e9100000, 0x00000000e9100000, 0x00000000e9200000|  0%| F|  |TAMS 0x00000000e9100000, 0x00000000e9100000| Untracked 
| 146|0x00000000e9200000, 0x00000000e9200000, 0x00000000e9300000|  0%| F|  |TAMS 0x00000000e9200000, 0x00000000e9200000| Untracked 
| 147|0x00000000e9300000, 0x00000000e9300000, 0x00000000e9400000|  0%| F|  |TAMS 0x00000000e9300000, 0x00000000e9300000| Untracked 
| 148|0x00000000e9400000, 0x00000000e9400000, 0x00000000e9500000|  0%| F|  |TAMS 0x00000000e9400000, 0x00000000e9400000| Untracked 
| 149|0x00000000e9500000, 0x00000000e9500000, 0x00000000e9600000|  0%| F|  |TAMS 0x00000000e9500000, 0x00000000e9500000| Untracked 
| 150|0x00000000e9600000, 0x00000000e9600000, 0x00000000e9700000|  0%| F|  |TAMS 0x00000000e9600000, 0x00000000e9600000| Untracked 
| 151|0x00000000e9700000, 0x00000000e9700000, 0x00000000e9800000|  0%| F|  |TAMS 0x00000000e9700000, 0x00000000e9700000| Untracked 
| 152|0x00000000e9800000, 0x00000000e9800000, 0x00000000e9900000|  0%| F|  |TAMS 0x00000000e9800000, 0x00000000e9800000| Untracked 
| 153|0x00000000e9900000, 0x00000000e9900000, 0x00000000e9a00000|  0%| F|  |TAMS 0x00000000e9900000, 0x00000000e9900000| Untracked 
| 154|0x00000000e9a00000, 0x00000000e9a00000, 0x00000000e9b00000|  0%| F|  |TAMS 0x00000000e9a00000, 0x00000000e9a00000| Untracked 
| 155|0x00000000e9b00000, 0x00000000e9b00000, 0x00000000e9c00000|  0%| F|  |TAMS 0x00000000e9b00000, 0x00000000e9b00000| Untracked 
| 156|0x00000000e9c00000, 0x00000000e9c00000, 0x00000000e9d00000|  0%| F|  |TAMS 0x00000000e9c00000, 0x00000000e9c00000| Untracked 
| 157|0x00000000e9d00000, 0x00000000e9d00000, 0x00000000e9e00000|  0%| F|  |TAMS 0x00000000e9d00000, 0x00000000e9d00000| Untracked 
| 158|0x00000000e9e00000, 0x00000000e9e00000, 0x00000000e9f00000|  0%| F|  |TAMS 0x00000000e9e00000, 0x00000000e9e00000| Untracked 
| 159|0x00000000e9f00000, 0x00000000e9f00000, 0x00000000ea000000|  0%| F|  |TAMS 0x00000000e9f00000, 0x00000000e9f00000| Untracked 
| 160|0x00000000ea000000, 0x00000000ea000000, 0x00000000ea100000|  0%| F|  |TAMS 0x00000000ea000000, 0x00000000ea000000| Untracked 
| 161|0x00000000ea100000, 0x00000000ea100000, 0x00000000ea200000|  0%| F|  |TAMS 0x00000000ea100000, 0x00000000ea100000| Untracked 
| 162|0x00000000ea200000, 0x00000000ea200000, 0x00000000ea300000|  0%| F|  |TAMS 0x00000000ea200000, 0x00000000ea200000| Untracked 
| 163|0x00000000ea300000, 0x00000000ea300000, 0x00000000ea400000|  0%| F|  |TAMS 0x00000000ea300000, 0x00000000ea300000| Untracked 
| 164|0x00000000ea400000, 0x00000000ea400000, 0x00000000ea500000|  0%| F|  |TAMS 0x00000000ea400000, 0x00000000ea400000| Untracked 
| 165|0x00000000ea500000, 0x00000000ea500000, 0x00000000ea600000|  0%| F|  |TAMS 0x00000000ea500000, 0x00000000ea500000| Untracked 
| 166|0x00000000ea600000, 0x00000000ea600000, 0x00000000ea700000|  0%| F|  |TAMS 0x00000000ea600000, 0x00000000ea600000| Untracked 
| 167|0x00000000ea700000, 0x00000000ea700000, 0x00000000ea800000|  0%| F|  |TAMS 0x00000000ea700000, 0x00000000ea700000| Untracked 
| 168|0x00000000ea800000, 0x00000000ea800000, 0x00000000ea900000|  0%| F|  |TAMS 0x00000000ea800000, 0x00000000ea800000| Untracked 
| 169|0x00000000ea900000, 0x00000000ea900000, 0x00000000eaa00000|  0%| F|  |TAMS 0x00000000ea900000, 0x00000000ea900000| Untracked 
| 170|0x00000000eaa00000, 0x00000000eaa00000, 0x00000000eab00000|  0%| F|  |TAMS 0x00000000eaa00000, 0x00000000eaa00000| Untracked 
| 171|0x00000000eab00000, 0x00000000eab00000, 0x00000000eac00000|  0%| F|  |TAMS 0x00000000eab00000, 0x00000000eab00000| Untracked 
| 172|0x00000000eac00000, 0x00000000eac00000, 0x00000000ead00000|  0%| F|  |TAMS 0x00000000eac00000, 0x00000000eac00000| Untracked 
| 173|0x00000000ead00000, 0x00000000ead00000, 0x00000000eae00000|  0%| F|  |TAMS 0x00000000ead00000, 0x00000000ead00000| Untracked 
| 174|0x00000000eae00000, 0x00000000eae00000, 0x00000000eaf00000|  0%| F|  |TAMS 0x00000000eae00000, 0x00000000eae00000| Untracked 
| 175|0x00000000eaf00000, 0x00000000eaf00000, 0x00000000eb000000|  0%| F|  |TAMS 0x00000000eaf00000, 0x00000000eaf00000| Untracked 
| 176|0x00000000eb000000, 0x00000000eb000000, 0x00000000eb100000|  0%| F|  |TAMS 0x00000000eb000000, 0x00000000eb000000| Untracked 
| 177|0x00000000eb100000, 0x00000000eb100000, 0x00000000eb200000|  0%| F|  |TAMS 0x00000000eb100000, 0x00000000eb100000| Untracked 
| 178|0x00000000eb200000, 0x00000000eb200000, 0x00000000eb300000|  0%| F|  |TAMS 0x00000000eb200000, 0x00000000eb200000| Untracked 
| 179|0x00000000eb300000, 0x00000000eb300000, 0x00000000eb400000|  0%| F|  |TAMS 0x00000000eb300000, 0x00000000eb300000| Untracked 
| 180|0x00000000eb400000, 0x00000000eb400000, 0x00000000eb500000|  0%| F|  |TAMS 0x00000000eb400000, 0x00000000eb400000| Untracked 
| 181|0x00000000eb500000, 0x00000000eb500000, 0x00000000eb600000|  0%| F|  |TAMS 0x00000000eb500000, 0x00000000eb500000| Untracked 
| 182|0x00000000eb600000, 0x00000000eb600000, 0x00000000eb700000|  0%| F|  |TAMS 0x00000000eb600000, 0x00000000eb600000| Untracked 
| 183|0x00000000eb700000, 0x00000000eb700000, 0x00000000eb800000|  0%| F|  |TAMS 0x00000000eb700000, 0x00000000eb700000| Untracked 
| 184|0x00000000eb800000, 0x00000000eb800000, 0x00000000eb900000|  0%| F|  |TAMS 0x00000000eb800000, 0x00000000eb800000| Untracked 
| 185|0x00000000eb900000, 0x00000000eb900000, 0x00000000eba00000|  0%| F|  |TAMS 0x00000000eb900000, 0x00000000eb900000| Untracked 
| 186|0x00000000eba00000, 0x00000000eba00000, 0x00000000ebb00000|  0%| F|  |TAMS 0x00000000eba00000, 0x00000000eba00000| Untracked 
| 187|0x00000000ebb00000, 0x00000000ebb00000, 0x00000000ebc00000|  0%| F|  |TAMS 0x00000000ebb00000, 0x00000000ebb00000| Untracked 
| 188|0x00000000ebc00000, 0x00000000ebc00000, 0x00000000ebd00000|  0%| F|  |TAMS 0x00000000ebc00000, 0x00000000ebc00000| Untracked 
| 189|0x00000000ebd00000, 0x00000000ebd00000, 0x00000000ebe00000|  0%| F|  |TAMS 0x00000000ebd00000, 0x00000000ebd00000| Untracked 
| 190|0x00000000ebe00000, 0x00000000ebe00000, 0x00000000ebf00000|  0%| F|  |TAMS 0x00000000ebe00000, 0x00000000ebe00000| Untracked 
| 191|0x00000000ebf00000, 0x00000000ebf00000, 0x00000000ec000000|  0%| F|  |TAMS 0x00000000ebf00000, 0x00000000ebf00000| Untracked 
| 192|0x00000000ec000000, 0x00000000ec000000, 0x00000000ec100000|  0%| F|  |TAMS 0x00000000ec000000, 0x00000000ec000000| Untracked 
| 193|0x00000000ec100000, 0x00000000ec100000, 0x00000000ec200000|  0%| F|  |TAMS 0x00000000ec100000, 0x00000000ec100000| Untracked 
| 194|0x00000000ec200000, 0x00000000ec200000, 0x00000000ec300000|  0%| F|  |TAMS 0x00000000ec200000, 0x00000000ec200000| Untracked 
| 195|0x00000000ec300000, 0x00000000ec300000, 0x00000000ec400000|  0%| F|  |TAMS 0x00000000ec300000, 0x00000000ec300000| Untracked 
| 196|0x00000000ec400000, 0x00000000ec400000, 0x00000000ec500000|  0%| F|  |TAMS 0x00000000ec400000, 0x00000000ec400000| Untracked 
| 197|0x00000000ec500000, 0x00000000ec500000, 0x00000000ec600000|  0%| F|  |TAMS 0x00000000ec500000, 0x00000000ec500000| Untracked 
| 198|0x00000000ec600000, 0x00000000ec600000, 0x00000000ec700000|  0%| F|  |TAMS 0x00000000ec600000, 0x00000000ec600000| Untracked 
| 199|0x00000000ec700000, 0x00000000ec800000, 0x00000000ec800000|100%| E|  |TAMS 0x00000000ec700000, 0x00000000ec700000| Complete 
| 200|0x00000000ec800000, 0x00000000ec900000, 0x00000000ec900000|100%| E|CS|TAMS 0x00000000ec800000, 0x00000000ec800000| Complete 
| 201|0x00000000ec900000, 0x00000000eca00000, 0x00000000eca00000|100%| E|CS|TAMS 0x00000000ec900000, 0x00000000ec900000| Complete 
| 202|0x00000000eca00000, 0x00000000ecb00000, 0x00000000ecb00000|100%| E|CS|TAMS 0x00000000eca00000, 0x00000000eca00000| Complete 
| 203|0x00000000ecb00000, 0x00000000ecc00000, 0x00000000ecc00000|100%| E|CS|TAMS 0x00000000ecb00000, 0x00000000ecb00000| Complete 
| 204|0x00000000ecc00000, 0x00000000ecd00000, 0x00000000ecd00000|100%| E|CS|TAMS 0x00000000ecc00000, 0x00000000ecc00000| Complete 
| 205|0x00000000ecd00000, 0x00000000ece00000, 0x00000000ece00000|100%| E|CS|TAMS 0x00000000ecd00000, 0x00000000ecd00000| Complete 
| 206|0x00000000ece00000, 0x00000000ecec1110, 0x00000000ecf00000| 75%| S|CS|TAMS 0x00000000ece00000, 0x00000000ece00000| Complete 
| 207|0x00000000ecf00000, 0x00000000ed000000, 0x00000000ed000000|100%| S|CS|TAMS 0x00000000ecf00000, 0x00000000ecf00000| Complete 
| 208|0x00000000ed000000, 0x00000000ed100000, 0x00000000ed100000|100%| S|CS|TAMS 0x00000000ed000000, 0x00000000ed000000| Complete 
| 209|0x00000000ed100000, 0x00000000ed200000, 0x00000000ed200000|100%| S|CS|TAMS 0x00000000ed100000, 0x00000000ed100000| Complete 
| 210|0x00000000ed200000, 0x00000000ed300000, 0x00000000ed300000|100%| S|CS|TAMS 0x00000000ed200000, 0x00000000ed200000| Complete 
| 211|0x00000000ed300000, 0x00000000ed400000, 0x00000000ed400000|100%| S|CS|TAMS 0x00000000ed300000, 0x00000000ed300000| Complete 
| 212|0x00000000ed400000, 0x00000000ed500000, 0x00000000ed500000|100%| S|CS|TAMS 0x00000000ed400000, 0x00000000ed400000| Complete 
| 213|0x00000000ed500000, 0x00000000ed600000, 0x00000000ed600000|100%| S|CS|TAMS 0x00000000ed500000, 0x00000000ed500000| Complete 
| 214|0x00000000ed600000, 0x00000000ed700000, 0x00000000ed700000|100%| S|CS|TAMS 0x00000000ed600000, 0x00000000ed600000| Complete 
| 215|0x00000000ed700000, 0x00000000ed800000, 0x00000000ed800000|100%| S|CS|TAMS 0x00000000ed700000, 0x00000000ed700000| Complete 
| 216|0x00000000ed800000, 0x00000000ed900000, 0x00000000ed900000|100%| E|CS|TAMS 0x00000000ed800000, 0x00000000ed800000| Complete 
| 217|0x00000000ed900000, 0x00000000eda00000, 0x00000000eda00000|100%| E|CS|TAMS 0x00000000ed900000, 0x00000000ed900000| Complete 
| 218|0x00000000eda00000, 0x00000000edb00000, 0x00000000edb00000|100%| E|CS|TAMS 0x00000000eda00000, 0x00000000eda00000| Complete 
| 219|0x00000000edb00000, 0x00000000edc00000, 0x00000000edc00000|100%| E|CS|TAMS 0x00000000edb00000, 0x00000000edb00000| Complete 
| 220|0x00000000edc00000, 0x00000000edd00000, 0x00000000edd00000|100%| E|CS|TAMS 0x00000000edc00000, 0x00000000edc00000| Complete 
| 221|0x00000000edd00000, 0x00000000ede00000, 0x00000000ede00000|100%| E|CS|TAMS 0x00000000edd00000, 0x00000000edd00000| Complete 
| 222|0x00000000ede00000, 0x00000000edf00000, 0x00000000edf00000|100%| E|CS|TAMS 0x00000000ede00000, 0x00000000ede00000| Complete 
| 223|0x00000000edf00000, 0x00000000ee000000, 0x00000000ee000000|100%| E|CS|TAMS 0x00000000edf00000, 0x00000000edf00000| Complete 
| 224|0x00000000ee000000, 0x00000000ee100000, 0x00000000ee100000|100%| E|CS|TAMS 0x00000000ee000000, 0x00000000ee000000| Complete 
| 225|0x00000000ee100000, 0x00000000ee200000, 0x00000000ee200000|100%| E|CS|TAMS 0x00000000ee100000, 0x00000000ee100000| Complete 
| 226|0x00000000ee200000, 0x00000000ee300000, 0x00000000ee300000|100%| E|CS|TAMS 0x00000000ee200000, 0x00000000ee200000| Complete 
| 227|0x00000000ee300000, 0x00000000ee400000, 0x00000000ee400000|100%| E|CS|TAMS 0x00000000ee300000, 0x00000000ee300000| Complete 
| 228|0x00000000ee400000, 0x00000000ee500000, 0x00000000ee500000|100%| E|CS|TAMS 0x00000000ee400000, 0x00000000ee400000| Complete 
| 229|0x00000000ee500000, 0x00000000ee600000, 0x00000000ee600000|100%| E|CS|TAMS 0x00000000ee500000, 0x00000000ee500000| Complete 
| 230|0x00000000ee600000, 0x00000000ee700000, 0x00000000ee700000|100%| E|CS|TAMS 0x00000000ee600000, 0x00000000ee600000| Complete 
| 231|0x00000000ee700000, 0x00000000ee800000, 0x00000000ee800000|100%| E|CS|TAMS 0x00000000ee700000, 0x00000000ee700000| Complete 
| 232|0x00000000ee800000, 0x00000000ee900000, 0x00000000ee900000|100%| E|CS|TAMS 0x00000000ee800000, 0x00000000ee800000| Complete 
| 233|0x00000000ee900000, 0x00000000eea00000, 0x00000000eea00000|100%| E|CS|TAMS 0x00000000ee900000, 0x00000000ee900000| Complete 
| 234|0x00000000eea00000, 0x00000000eeb00000, 0x00000000eeb00000|100%| E|CS|TAMS 0x00000000eea00000, 0x00000000eea00000| Complete 
| 235|0x00000000eeb00000, 0x00000000eec00000, 0x00000000eec00000|100%| E|CS|TAMS 0x00000000eeb00000, 0x00000000eeb00000| Complete 
| 236|0x00000000eec00000, 0x00000000eed00000, 0x00000000eed00000|100%| E|CS|TAMS 0x00000000eec00000, 0x00000000eec00000| Complete 
| 237|0x00000000eed00000, 0x00000000eee00000, 0x00000000eee00000|100%| E|CS|TAMS 0x00000000eed00000, 0x00000000eed00000| Complete 
| 238|0x00000000eee00000, 0x00000000eef00000, 0x00000000eef00000|100%| E|CS|TAMS 0x00000000eee00000, 0x00000000eee00000| Complete 
| 239|0x00000000eef00000, 0x00000000ef000000, 0x00000000ef000000|100%| E|CS|TAMS 0x00000000eef00000, 0x00000000eef00000| Complete 
| 240|0x00000000ef000000, 0x00000000ef100000, 0x00000000ef100000|100%| E|CS|TAMS 0x00000000ef000000, 0x00000000ef000000| Complete 
| 241|0x00000000ef100000, 0x00000000ef200000, 0x00000000ef200000|100%| E|CS|TAMS 0x00000000ef100000, 0x00000000ef100000| Complete 
| 242|0x00000000ef200000, 0x00000000ef300000, 0x00000000ef300000|100%| E|CS|TAMS 0x00000000ef200000, 0x00000000ef200000| Complete 
| 243|0x00000000ef300000, 0x00000000ef400000, 0x00000000ef400000|100%| E|CS|TAMS 0x00000000ef300000, 0x00000000ef300000| Complete 
| 244|0x00000000ef400000, 0x00000000ef500000, 0x00000000ef500000|100%| E|CS|TAMS 0x00000000ef400000, 0x00000000ef400000| Complete 
| 245|0x00000000ef500000, 0x00000000ef600000, 0x00000000ef600000|100%| E|CS|TAMS 0x00000000ef500000, 0x00000000ef500000| Complete 
| 246|0x00000000ef600000, 0x00000000ef700000, 0x00000000ef700000|100%| E|CS|TAMS 0x00000000ef600000, 0x00000000ef600000| Complete 
| 247|0x00000000ef700000, 0x00000000ef800000, 0x00000000ef800000|100%| E|CS|TAMS 0x00000000ef700000, 0x00000000ef700000| Complete 
| 248|0x00000000ef800000, 0x00000000ef900000, 0x00000000ef900000|100%| E|CS|TAMS 0x00000000ef800000, 0x00000000ef800000| Complete 
| 249|0x00000000ef900000, 0x00000000efa00000, 0x00000000efa00000|100%| E|CS|TAMS 0x00000000ef900000, 0x00000000ef900000| Complete 
| 250|0x00000000efa00000, 0x00000000efb00000, 0x00000000efb00000|100%| E|CS|TAMS 0x00000000efa00000, 0x00000000efa00000| Complete 
| 251|0x00000000efb00000, 0x00000000efc00000, 0x00000000efc00000|100%| E|CS|TAMS 0x00000000efb00000, 0x00000000efb00000| Complete 

Card table byte_map: [0x000001e54cc00000,0x000001e54cd00000] _byte_map_base: 0x000001e54c500000

Marking Bits (Prev, Next): (CMBitMap*) 0x000001e535edcfe0, (CMBitMap*) 0x000001e535edcfa8
 Prev Bits: [0x000001e54d600000, 0x000001e54de00000)
 Next Bits: [0x000001e54ce00000, 0x000001e54d600000)

Polling page: 0x000001e535680000

Metaspace:

Usage:
  Non-class:     52.55 MB capacity,    51.63 MB ( 98%) used,   756.61 KB (  1%) free+waste,   185.50 KB ( <1%) overhead. 
      Class:      8.39 MB capacity,     7.77 MB ( 93%) used,   542.01 KB (  6%) free+waste,    93.50 KB (  1%) overhead. 
       Both:     60.94 MB capacity,    59.40 MB ( 97%) used,     1.27 MB (  2%) free+waste,   279.00 KB ( <1%) overhead. 

Virtual space:
  Non-class space:       54.00 MB reserved,      52.67 MB ( 98%) committed 
      Class space:        1.00 GB reserved,       8.50 MB ( <1%) committed 
             Both:        1.05 GB reserved,      61.17 MB (  6%) committed 

Chunk freelists:
   Non-Class:  7.88 KB
       Class:  2.00 KB
        Both:  9.88 KB

CodeHeap 'non-profiled nmethods': size=120000Kb used=2850Kb max_used=2850Kb free=117149Kb
 bounds [0x000001e545070000, 0x000001e545340000, 0x000001e54c5a0000]
CodeHeap 'profiled nmethods': size=120000Kb used=11275Kb max_used=11275Kb free=108724Kb
 bounds [0x000001e53db40000, 0x000001e53e650000, 0x000001e545070000]
CodeHeap 'non-nmethods': size=5760Kb used=1227Kb max_used=1263Kb free=4532Kb
 bounds [0x000001e53d5a0000, 0x000001e53d810000, 0x000001e53db40000]
 total_blobs=5405 nmethods=4804 adapters=512
 compilation: enabled
              stopped_count=0, restarted_count=0
 full_count=0

Compilation events (10 events):
Event: 3.935 Thread 0x000001e551352000 nmethod 4781 0x000001e53e626f10 code [0x000001e53e6270e0, 0x000001e53e627428]
Event: 3.935 Thread 0x000001e551352000 4782   !   3       java.beans.Introspector::findCustomizerClass (45 bytes)
Event: 3.936 Thread 0x000001e551352000 nmethod 4782 0x000001e53e627590 code [0x000001e53e627980, 0x000001e53e6296f8]
Event: 3.936 Thread 0x000001e551352000 4783   !   3       com.sun.beans.introspect.ClassInfo::getProperties (47 bytes)
Event: 3.936 Thread 0x000001e551352000 nmethod 4783 0x000001e53e62a290 code [0x000001e53e62a440, 0x000001e53e62a808]
Event: 3.936 Thread 0x000001e551352000 4784       3       java.beans.GenericBeanInfo::<init> (60 bytes)
Event: 3.936 Thread 0x000001e551352000 nmethod 4784 0x000001e53e62a910 code [0x000001e53e62ab00, 0x000001e53e62b1f8]
Event: 3.936 Thread 0x000001e551352000 4785       3       java.beans.SimpleBeanInfo::<init> (5 bytes)
Event: 3.936 Thread 0x000001e551352000 nmethod 4785 0x000001e53e62b410 code [0x000001e53e62b5a0, 0x000001e53e62b6f8]
Event: 3.938 Thread 0x000001e551352000 4786       3       org.springframework.util.StringUtils::delimitedListToStringArray (164 bytes)

GC Heap History (10 events):
Event: 0.926 GC heap before
{Heap before GC invocations=2 (full 0):
 garbage-first heap   total 258048K, used 25523K [0x00000000e0000000, 0x0000000100000000)
  region size 1024K, 18 young (18432K), 2 survivors (2048K)
 Metaspace       used 20483K, capacity 21172K, committed 21296K, reserved 1069056K
  class space    used 2353K, capacity 2628K, committed 2688K, reserved 1048576K
}
Event: 0.928 GC heap after
{Heap after GC invocations=3 (full 0):
 garbage-first heap   total 258048K, used 10617K [0x00000000e0000000, 0x0000000100000000)
  region size 1024K, 2 young (2048K), 2 survivors (2048K)
 Metaspace       used 20483K, capacity 21172K, committed 21296K, reserved 1069056K
  class space    used 2353K, capacity 2628K, committed 2688K, reserved 1048576K
}
Event: 1.651 GC heap before
{Heap before GC invocations=4 (full 0):
 garbage-first heap   total 258048K, used 103801K [0x00000000e0000000, 0x0000000100000000)
  region size 1024K, 93 young (95232K), 2 survivors (2048K)
 Metaspace       used 31619K, capacity 32621K, committed 32816K, reserved 1077248K
  class space    used 3796K, capacity 4207K, committed 4224K, reserved 1048576K
}
Event: 1.654 GC heap after
{Heap after GC invocations=5 (full 0):
 garbage-first heap   total 258048K, used 14044K [0x00000000e0000000, 0x0000000100000000)
  region size 1024K, 5 young (5120K), 5 survivors (5120K)
 Metaspace       used 31619K, capacity 32621K, committed 32816K, reserved 1077248K
  class space    used 3796K, capacity 4207K, committed 4224K, reserved 1048576K
}
Event: 2.049 GC heap before
{Heap before GC invocations=5 (full 0):
 garbage-first heap   total 258048K, used 45788K [0x00000000e0000000, 0x0000000100000000)
  region size 1024K, 37 young (37888K), 5 survivors (5120K)
 Metaspace       used 34659K, capacity 35804K, committed 35888K, reserved 1081344K
  class space    used 4223K, capacity 4712K, committed 4736K, reserved 1048576K
}
Event: 2.053 GC heap after
{Heap after GC invocations=6 (full 0):
 garbage-first heap   total 258048K, used 14965K [0x00000000e0000000, 0x0000000100000000)
  region size 1024K, 6 young (6144K), 6 survivors (6144K)
 Metaspace       used 34659K, capacity 35804K, committed 35888K, reserved 1081344K
  class space    used 4223K, capacity 4712K, committed 4736K, reserved 1048576K
}
Event: 3.305 GC heap before
{Heap before GC invocations=7 (full 0):
 garbage-first heap   total 258048K, used 127605K [0x00000000e0000000, 0x0000000100000000)
  region size 1024K, 116 young (118784K), 6 survivors (6144K)
 Metaspace       used 53497K, capacity 55031K, committed 55344K, reserved 1097728K
  class space    used 6846K, capacity 7457K, committed 7552K, reserved 1048576K
}
Event: 3.310 GC heap after
{Heap after GC invocations=8 (full 0):
 garbage-first heap   total 258048K, used 21893K [0x00000000e0000000, 0x0000000100000000)
  region size 1024K, 13 young (13312K), 13 survivors (13312K)
 Metaspace       used 53497K, capacity 55031K, committed 55344K, reserved 1097728K
  class space    used 6846K, capacity 7457K, committed 7552K, reserved 1048576K
}
Event: 3.632 GC heap before
{Heap before GC invocations=8 (full 0):
 garbage-first heap   total 258048K, used 57733K [0x00000000e0000000, 0x0000000100000000)
  region size 1024K, 49 young (50176K), 13 survivors (13312K)
 Metaspace       used 58664K, capacity 60160K, committed 60208K, reserved 1101824K
  class space    used 7658K, capacity 8292K, committed 8320K, reserved 1048576K
}
Event: 3.641 GC heap after
{Heap after GC invocations=9 (full 0):
 garbage-first heap   total 258048K, used 23200K [0x00000000e0000000, 0x0000000100000000)
  region size 1024K, 10 young (10240K), 10 survivors (10240K)
 Metaspace       used 58664K, capacity 60160K, committed 60208K, reserved 1101824K
  class space    used 7658K, capacity 8292K, committed 8320K, reserved 1048576K
}

Deoptimization events (10 events):
Event: 3.573 Thread 0x000001e535eb8800 Uncommon trap: reason=bimorphic_or_optimized_type_check action=maybe_recompile pc=0x000001e54529d2d8 method=java.util.regex.Pattern$SliceI.match(Ljava/util/regex/Matcher;ILjava/lang/CharSequence;)Z @ 92 c2
Event: 3.631 Thread 0x000001e535eb8800 Uncommon trap: reason=unstable_if action=reinterpret pc=0x000001e5450efd00 method=java.lang.CharacterDataLatin1.isWhitespace(I)Z @ 14 c2
Event: 3.711 Thread 0x000001e535eb8800 Uncommon trap: reason=unstable_if action=reinterpret pc=0x000001e54525da54 method=java.io.WinNTFileSystem.resolve(Ljava/lang/String;Ljava/lang/String;)Ljava/lang/String; @ 156 c2
Event: 3.711 Thread 0x000001e535eb8800 Uncommon trap: reason=unstable_if action=reinterpret pc=0x000001e5452535b0 method=java.io.WinNTFileSystem.prefixLength(Ljava/lang/String;)I @ 42 c2
Event: 3.715 Thread 0x000001e535eb8800 Uncommon trap: reason=class_check action=maybe_recompile pc=0x000001e54524d320 method=org.springframework.beans.factory.support.AbstractBeanFactory.isTypeMatch(Ljava/lang/String;Lorg/springframework/core/ResolvableType;Z)Z @ 53 c2
Event: 3.716 Thread 0x000001e535eb8800 Uncommon trap: reason=class_check action=maybe_recompile pc=0x000001e54524d320 method=org.springframework.beans.factory.support.AbstractBeanFactory.isTypeMatch(Ljava/lang/String;Lorg/springframework/core/ResolvableType;Z)Z @ 53 c2
Event: 3.716 Thread 0x000001e535eb8800 Uncommon trap: reason=class_check action=maybe_recompile pc=0x000001e54524d320 method=org.springframework.beans.factory.support.AbstractBeanFactory.isTypeMatch(Ljava/lang/String;Lorg/springframework/core/ResolvableType;Z)Z @ 53 c2
Event: 3.731 Thread 0x000001e535eb8800 Uncommon trap: reason=class_check action=maybe_recompile pc=0x000001e54524d320 method=org.springframework.beans.factory.support.AbstractBeanFactory.isTypeMatch(Ljava/lang/String;Lorg/springframework/core/ResolvableType;Z)Z @ 53 c2
Event: 3.776 Thread 0x000001e535eb8800 Uncommon trap: reason=unstable_if action=reinterpret pc=0x000001e5452009b8 method=org.springframework.core.ResolvableType.resolveClass()Ljava/lang/Class; @ 37 c2
Event: 3.920 Thread 0x000001e535eb8800 Uncommon trap: reason=loop_limit_check action=maybe_recompile pc=0x000001e5452fd5c4 method=java.util.regex.Pattern$Start.match(Ljava/util/regex/Matcher;ILjava/lang/CharSequence;)Z @ 34 c2

Classes redefined (0 events):
No events

Internal exceptions (10 events):
Event: 3.928 Thread 0x000001e535eb8800 Exception <a 'java/lang/ClassNotFoundException'{0x00000000ecca88b8}: org/springframework/boot/jackson/JsonComponentModuleBeanInfo> (0x00000000ecca88b8) thrown at [./open/src/hotspot/share/classfile/systemDictionary.cpp, line 226]
Event: 3.928 Thread 0x000001e535eb8800 Exception <a 'java/lang/ClassNotFoundException'{0x00000000eccbe980}: org/springframework/boot/jackson/JsonComponentModuleCustomizer> (0x00000000eccbe980) thrown at [./open/src/hotspot/share/classfile/systemDictionary.cpp, line 226]
Event: 3.929 Thread 0x000001e535eb8800 Exception <a 'java/lang/ClassNotFoundException'{0x00000000ecceb978}: org/springframework/beans/factory/BeanFactoryAwareCustomizer> (0x00000000ecceb978) thrown at [./open/src/hotspot/share/classfile/systemDictionary.cpp, line 226]
Event: 3.929 Thread 0x000001e535eb8800 Exception <a 'java/lang/ClassNotFoundException'{0x00000000ecb01410}: org/springframework/beans/factory/AwareCustomizer> (0x00000000ecb01410) thrown at [./open/src/hotspot/share/classfile/systemDictionary.cpp, line 226]
Event: 3.930 Thread 0x000001e535eb8800 Exception <a 'java/lang/ClassNotFoundException'{0x00000000ecb172d0}: org/springframework/beans/factory/InitializingBeanCustomizer> (0x00000000ecb172d0) thrown at [./open/src/hotspot/share/classfile/systemDictionary.cpp, line 226]
Event: 3.930 Thread 0x000001e535eb8800 Exception <a 'java/lang/ClassNotFoundException'{0x00000000ecb2b818}: com/fasterxml/jackson/core/VersionedCustomizer> (0x00000000ecb2b818) thrown at [./open/src/hotspot/share/classfile/systemDictionary.cpp, line 226]
Event: 3.933 Thread 0x000001e535eb8800 Exception <a 'java/lang/ClassNotFoundException'{0x00000000ecb7f7e0}: org/springframework/boot/jackson/JsonMixinModuleBeanInfo> (0x00000000ecb7f7e0) thrown at [./open/src/hotspot/share/classfile/systemDictionary.cpp, line 226]
Event: 3.933 Thread 0x000001e535eb8800 Exception <a 'java/lang/ClassNotFoundException'{0x00000000ecb94e98}: org/springframework/boot/jackson/JsonMixinModuleCustomizer> (0x00000000ecb94e98) thrown at [./open/src/hotspot/share/classfile/systemDictionary.cpp, line 226]
Event: 3.934 Thread 0x000001e535eb8800 Exception <a 'java/lang/ClassNotFoundException'{0x00000000ecbbe358}: org/springframework/beans/factory/InitializingBeanCustomizer> (0x00000000ecbbe358) thrown at [./open/src/hotspot/share/classfile/systemDictionary.cpp, line 226]
Event: 3.934 Thread 0x000001e535eb8800 Exception <a 'java/lang/ClassNotFoundException'{0x00000000ecbd28a0}: com/fasterxml/jackson/core/VersionedCustomizer> (0x00000000ecbd28a0) thrown at [./open/src/hotspot/share/classfile/systemDictionary.cpp, line 226]

Events (10 events):
Event: 3.934 loading class com/fasterxml/jackson/core/VersionedCustomizer
Event: 3.934 loading class com/fasterxml/jackson/core/VersionedCustomizer done
Event: 3.934 loading class com/fasterxml/jackson/core/VersionedCustomizer
Event: 3.934 loading class com/fasterxml/jackson/core/VersionedCustomizer done
Event: 3.934 loading class com/fasterxml/jackson/core/VersionedCustomizer
Event: 3.934 loading class com/fasterxml/jackson/core/VersionedCustomizer done
Event: 3.934 loading class org/springframework/boot/jackson/JsonMixinModule$JsonMixinComponentScanner
Event: 3.934 loading class org/springframework/boot/jackson/JsonMixinModule$JsonMixinComponentScanner done
Event: 3.935 loading class org/springframework/boot/jackson/JsonMixin
Event: 3.935 loading class org/springframework/boot/jackson/JsonMixin done


Dynamic libraries:
0x00007ff7a8150000 - 0x00007ff7a8160000 	C:\Program Files\Java\jdk-11\bin\java.exe
0x00007ffa24a50000 - 0x00007ffa24c67000 	C:\windows\SYSTEM32\ntdll.dll
0x00007ffa231c0000 - 0x00007ffa23284000 	C:\windows\System32\KERNEL32.DLL
0x00007ffa22350000 - 0x00007ffa226fd000 	C:\windows\System32\KERNELBASE.dll
0x00007ffa21e80000 - 0x00007ffa21f91000 	C:\windows\System32\ucrtbase.dll
0x00007ffa1b500000 - 0x00007ffa1b51b000 	C:\Program Files\Java\jdk-11\bin\VCRUNTIME140.dll
0x00007ffa1b2d0000 - 0x00007ffa1b2e9000 	C:\Program Files\Java\jdk-11\bin\jli.dll
0x00007ffa239f0000 - 0x00007ffa23aa2000 	C:\windows\System32\ADVAPI32.dll
0x00007ffa23110000 - 0x00007ffa231b7000 	C:\windows\System32\msvcrt.dll
0x00007ffa22960000 - 0x00007ffa22a09000 	C:\windows\System32\sechost.dll
0x00007ffa22320000 - 0x00007ffa22348000 	C:\windows\System32\bcrypt.dll
0x00007ffa232f0000 - 0x00007ffa23404000 	C:\windows\System32\RPCRT4.dll
0x00007ffa23ab0000 - 0x00007ffa23c5e000 	C:\windows\System32\USER32.dll
0x00007ffa222f0000 - 0x00007ffa22316000 	C:\windows\System32\win32u.dll
0x00007ffa22920000 - 0x00007ffa22949000 	C:\windows\System32\GDI32.dll
0x00007ffa221d0000 - 0x00007ffa222e9000 	C:\windows\System32\gdi32full.dll
0x00007ffa21d70000 - 0x00007ffa21e0a000 	C:\windows\System32\msvcp_win.dll
0x00007ffa04f20000 - 0x00007ffa051b3000 	C:\windows\WinSxS\amd64_microsoft.windows.common-controls_6595b64144ccf1df_6.0.22621.3672_none_2713b9d173822955\COMCTL32.dll
0x00007ffa1a8e0000 - 0x00007ffa1a8ea000 	C:\windows\SYSTEM32\VERSION.dll
0x00007ffa22a30000 - 0x00007ffa22a61000 	C:\windows\System32\IMM32.DLL
0x00007ffa1b2c0000 - 0x00007ffa1b2cc000 	C:\Program Files\Java\jdk-11\bin\vcruntime140_1.dll
0x00007ffa1b230000 - 0x00007ffa1b2be000 	C:\Program Files\Java\jdk-11\bin\msvcp140.dll
0x00007ff9967c0000 - 0x00007ff99731e000 	C:\Program Files\Java\jdk-11\bin\server\jvm.dll
0x00007ffa22a10000 - 0x00007ffa22a18000 	C:\windows\System32\PSAPI.DLL
0x00007ffa0f140000 - 0x00007ffa0f174000 	C:\windows\SYSTEM32\WINMM.dll
0x00007ffa13180000 - 0x00007ffa13189000 	C:\windows\SYSTEM32\WSOCK32.dll
0x00007ffa234f0000 - 0x00007ffa23561000 	C:\windows\System32\WS2_32.dll
0x00007ffa20cc0000 - 0x00007ffa20cd8000 	C:\windows\SYSTEM32\kernel.appcore.dll
0x00007ffa1b220000 - 0x00007ffa1b230000 	C:\Program Files\Java\jdk-11\bin\verify.dll
0x00007ffa1c2d0000 - 0x00007ffa1c502000 	C:\windows\SYSTEM32\DBGHELP.DLL
0x00007ffa22c20000 - 0x00007ffa22fad000 	C:\windows\System32\combase.dll
0x00007ffa23e50000 - 0x00007ffa23f27000 	C:\windows\System32\OLEAUT32.dll
0x00007ffa1c100000 - 0x00007ffa1c132000 	C:\windows\SYSTEM32\dbgcore.DLL
0x00007ffa22700000 - 0x00007ffa2277b000 	C:\windows\System32\bcryptPrimitives.dll
0x00007ffa1a5f0000 - 0x00007ffa1a618000 	C:\Program Files\Java\jdk-11\bin\java.dll
0x00007ffa1a5a0000 - 0x00007ffa1a5aa000 	C:\Program Files\Java\jdk-11\bin\jimage.dll
0x00007ffa114e0000 - 0x00007ffa114f7000 	C:\Program Files\Java\jdk-11\bin\zip.dll
0x00007ffa240f0000 - 0x00007ffa24958000 	C:\windows\System32\SHELL32.dll
0x00007ffa1fc70000 - 0x00007ffa2056e000 	C:\windows\SYSTEM32\windows.storage.dll
0x00007ffa1fb30000 - 0x00007ffa1fc6f000 	C:\windows\SYSTEM32\wintypes.dll
0x00007ffa22820000 - 0x00007ffa22919000 	C:\windows\System32\SHCORE.dll
0x00007ffa23290000 - 0x00007ffa232ee000 	C:\windows\System32\shlwapi.dll
0x00007ffa21ca0000 - 0x00007ffa21cc1000 	C:\windows\SYSTEM32\profapi.dll
0x00007ffa114c0000 - 0x00007ffa114d9000 	C:\Program Files\Java\jdk-11\bin\net.dll
0x00007ffa1e910000 - 0x00007ffa1ea46000 	C:\windows\SYSTEM32\WINHTTP.dll
0x00007ffa211c0000 - 0x00007ffa21229000 	C:\windows\system32\mswsock.dll
0x00007ff9fc880000 - 0x00007ff9fc892000 	C:\Program Files\Java\jdk-11\bin\nio.dll
0x00007ffa21510000 - 0x00007ffa2152b000 	C:\windows\SYSTEM32\CRYPTSP.dll
0x00007ffa20ce0000 - 0x00007ffa20d15000 	C:\windows\system32\rsaenh.dll
0x00007ffa21260000 - 0x00007ffa21288000 	C:\windows\SYSTEM32\USERENV.dll
0x00007ffa214f0000 - 0x00007ffa214fc000 	C:\windows\SYSTEM32\CRYPTBASE.dll
0x00007ffa20810000 - 0x00007ffa2083d000 	C:\windows\SYSTEM32\IPHLPAPI.DLL
0x00007ffa22a20000 - 0x00007ffa22a29000 	C:\windows\System32\NSI.dll
0x00007ffa1ebe0000 - 0x00007ffa1ebf9000 	C:\windows\SYSTEM32\dhcpcsvc6.DLL
0x00007ffa1e850000 - 0x00007ffa1e86f000 	C:\windows\SYSTEM32\dhcpcsvc.DLL
0x00007ffa20840000 - 0x00007ffa20938000 	C:\windows\SYSTEM32\DNSAPI.dll
0x00007ffa114b0000 - 0x00007ffa114b9000 	C:\Program Files\Java\jdk-11\bin\management.dll
0x00007ff9fce10000 - 0x00007ff9fce1b000 	C:\Program Files\Java\jdk-11\bin\management_ext.dll
0x00007ffa10e30000 - 0x00007ffa10e47000 	C:\windows\system32\napinsp.dll
0x00007ffa073d0000 - 0x00007ffa073eb000 	C:\windows\system32\pnrpnsp.dll
0x00007ffa07390000 - 0x00007ffa073a1000 	C:\windows\System32\winrnr.dll
0x00007ffa07370000 - 0x00007ffa07385000 	C:\windows\system32\wshbth.dll
0x00007ffa07340000 - 0x00007ffa07367000 	C:\windows\system32\nlansp_c.dll
0x00007ffa18c20000 - 0x00007ffa18c2a000 	C:\Windows\System32\rasadhlp.dll
0x00007ffa1c240000 - 0x00007ffa1c2c3000 	C:\windows\System32\fwpuclnt.dll
0x00007ffa134d0000 - 0x00007ffa134f7000 	C:\Program Files\Java\jdk-11\bin\sunec.dll
0x00007ffa1a4b0000 - 0x00007ffa1a4be000 	C:\Program Files\Java\jdk-11\bin\sunmscapi.dll
0x00007ffa22060000 - 0x00007ffa221c7000 	C:\windows\System32\CRYPT32.dll
0x00007ffa21630000 - 0x00007ffa2165e000 	C:\windows\SYSTEM32\ncrypt.dll
0x00007ffa215f0000 - 0x00007ffa21627000 	C:\windows\SYSTEM32\NTASN1.dll

dbghelp: loaded successfully - version: 4.0.5 - missing functions: none
symbol engine: initialized successfully - sym options: 0x614 - pdb path: .;C:\Program Files\Java\jdk-11\bin;C:\windows\SYSTEM32;C:\windows\WinSxS\amd64_microsoft.windows.common-controls_6595b64144ccf1df_6.0.22621.3672_none_2713b9d173822955;C:\Program Files\Java\jdk-11\bin\server

VM Arguments:
jvm_args: -Dorg.gradle.internal.worker.tmpdir=C:\Users\user\Desktop\course\intelij\workspace\BootJpa\build\tmp\test\work -Xmx512m -Dfile.encoding=x-windows-949 -Duser.country=KR -Duser.language=ko -Duser.variant -ea 
java_command: worker.org.gradle.process.internal.worker.GradleWorkerMain 'Gradle Test Executor 3'
java_class_path (initial): C:\\Users\\user\\.gradle\\caches\\8.8\\workerMain\\gradle-worker.jar;C:\\Users\\user\\Desktop\\course\\intelij\\workspace\\BootJpa\\build\\classes\\java\\test;C:\\Users\\user\\Desktop\\course\\intelij\\workspace\\BootJpa\\build\\classes\\java\\main;C:\\Users\\user\\Desktop\\course\\intelij\\workspace\\BootJpa\\build\\resources\\main;C:\\Users\\user\\.gradle\\caches\\modules-2\\files-2.1\\org.springframework.boot\\spring-boot-starter-data-jpa\\2.7.18\\ffc6aa225da2a9987238ad88ae4550e5ee68da61\\spring-boot-starter-data-jpa-2.7.18.jar;C:\\Users\\user\\.gradle\\caches\\modules-2\\files-2.1\\org.springframework.boot\\spring-boot-starter-thymeleaf\\2.7.18\\c87a27e30720c43372ceb0476b5b00c6f5296df3\\spring-boot-starter-thymeleaf-2.7.18.jar;C:\\Users\\user\\.gradle\\caches\\modules-2\\files-2.1\\org.springframework.boot\\spring-boot-starter-web\\2.7.18\\dd62ea85098187b4604e78dc15a7ff87dba173d\\spring-boot-starter-web-2.7.18.jar;C:\\Users\\user\\.gradle\\caches\\modules-2\\files-2.1\\com.mysql\\mysql-connector-j\\8.0.33\\9e64d997873abc4318620264703d3fdb6b02dd5a\\mysql-connector-j-8.0.33.jar;C:\\Users\\user\\.gradle\\caches\\modules-2\\files-2.1\\org.springframework.boot\\spring-boot-starter-test\\2.7.18\\5a77fb8356e869b880914838843eb73ccb2ba676\\spring-boot-starter-test-2.7.18.jar;C:\\Users\\user\\.gradle\\caches\\modules-2\\files-2.1\\org.junit.jupiter\\junit-jupiter\\5.8.2\\5a817b1e63f1217e5c586090c45e681281f097ad\\junit-jupiter-5.8.2.jar;C:\\Users\\user\\.gradle\\caches\\modules-2\\files-2.1\\org.junit.jupiter\\junit-jupiter-engine\\5.8.2\\c598b4328d2f397194d11df3b1648d68d7d990e3\\junit-jupiter-engine-5.8.2.jar;C:\\Users\\user\\.gradle\\caches\\modules-2\\files-2.1\\org.junit.platform\\junit-platform-engine\\1.8.2\\b737de09f19864bd136805c84df7999a142fec29\\junit-platform-engine-1.8.2.jar;C:\\Users\\user\\.gradle\\caches\\modules-2\\files-2.1\\org.mockito\\mockito-junit-jupiter\\4.5.1\\f81fb60bd69b3a6e5537ae23b883326f01632a61\\mockito-junit-jupit
Launcher Type: SUN_STANDARD

[Global flags]
     intx CICompilerCount                          = 4                                         {product} {ergonomic}
     uint ConcGCThreads                            = 3                                         {product} {ergonomic}
     uint G1ConcRefinementThreads                  = 10                                        {product} {ergonomic}
   size_t G1HeapRegionSize                         = 1048576                                   {product} {ergonomic}
    uintx GCDrainStackTargetSize                   = 64                                        {product} {ergonomic}
   size_t InitialHeapSize                          = 264241152                                 {product} {ergonomic}
   size_t MarkStackSize                            = 4194304                                   {product} {ergonomic}
   size_t MaxHeapSize                              = 536870912                                 {product} {command line}
   size_t MaxNewSize                               = 321912832                                 {product} {ergonomic}
   size_t MinHeapDeltaBytes                        = 1048576                                   {product} {ergonomic}
    uintx NonNMethodCodeHeapSize                   = 5836300                                {pd product} {ergonomic}
    uintx NonProfiledCodeHeapSize                  = 122910970                              {pd product} {ergonomic}
    uintx ProfiledCodeHeapSize                     = 122910970                              {pd product} {ergonomic}
    uintx ReservedCodeCacheSize                    = 251658240                              {pd product} {ergonomic}
     bool SegmentedCodeCache                       = true                                      {product} {ergonomic}
     bool UseCompressedClassPointers               = true                                 {lp64_product} {ergonomic}
     bool UseCompressedOops                        = true                                 {lp64_product} {ergonomic}
     bool UseG1GC                                  = true                                      {product} {ergonomic}
     bool UseLargePagesIndividualAllocation        = false                                  {pd product} {ergonomic}

Logging:
Log output configuration:
 #0: stdout all=warning uptime,level,tags
 #1: stderr all=off uptime,level,tags

Environment Variables:
PATH=C:\oraclexe\app\oracle\product\11.2.0\server\bin;;C:\Program Files\Common Files\Oracle\Java\javapath;C:\windows\system32;C:\windows;C:\windows\System32\Wbem;C:\windows\System32\WindowsPowerShell\v1.0\;C:\windows\System32\OpenSSH\;C:\Program Files\Bandizip\;C:\Program Files\Git\cmd;C:\Users\user\AppData\Local\Microsoft\WindowsApps;C:\Users\user\AppData\Local\Programs\Microsoft VS Code\bin
USERNAME=user
OS=Windows_NT
PROCESSOR_IDENTIFIER=Intel64 Family 6 Model 151 Stepping 2, GenuineIntel



---------------  S Y S T E M  ---------------

OS: Windows 11 , 64 bit Build 22621 (10.0.22621.3958)
Hyper-V role detected

CPU:total 12 (initial active 12) (6 cores per cpu, 2 threads per core) family 6 model 151 stepping 2 microcode 0x1e, cmov, cx8, fxsr, mmx, sse, sse2, sse3, ssse3, sse4.1, sse4.2, popcnt, avx, avx2, aes, clmul, erms, 3dnowpref, lzcnt, ht, tsc, tscinvbit, bmi1, bmi2, adx, sha, fma

Memory: 4k page, system-wide physical 16098M (4046M free)
TotalPageFile size 65250M (AvailPageFile size 10M)
current process WorkingSet (physical memory assigned to process): 319M, peak: 324M
current process commit charge ("private bytes"): 474M, peak: 479M

vm_info: Java HotSpot(TM) 64-Bit Server VM (11.0.23+7-LTS-222) for windows-amd64 JRE (11.0.23+7-LTS-222), built on Mar 11 2024 22:13:52 by "mach5one" with MS VC++ 17.6 (VS2022)

END.
