#
# There is insufficient memory for the Java Runtime Environment to continue.
# Native memory allocation (malloc) failed to allocate 1527696 bytes for Chunk::new
# Possible reasons:
#   The system is out of physical RAM or swap space
#   The process is running with CompressedOops enabled, and the Java Heap may be blocking the growth of the native heap
# Possible solutions:
#   Reduce memory load on the system
#   Increase physical memory or swap space
#   Check if swap backing store is full
#   Decrease Java heap size (-Xmx/-Xms)
#   Decrease number of Java threads
#   Decrease Java thread stack sizes (-Xss)
#   Set larger code cache with -XX:ReservedCodeCacheSize=
#   JVM is running with Unscaled Compressed Oops mode in which the Java heap is
#     placed in the first 4GB address space. The Java Heap base address is the
#     maximum limit for the native heap growth. Please use -XX:HeapBaseMinAddress
#     to set the Java Heap base and to place the Java Heap above 4GB virtual address.
# This output file may be truncated or incomplete.
#
#  Out of Memory Error (./open/src/hotspot/share/memory/arena.cpp:197), pid=20384, tid=52568
#
# JRE version: Java(TM) SE Runtime Environment 18.9 (11.0.23+7) (build 11.0.23+7-LTS-222)
# Java VM: Java HotSpot(TM) 64-Bit Server VM 18.9 (11.0.23+7-LTS-222, mixed mode, tiered, compressed oops, g1 gc, windows-amd64)
# No core dump will be written. Minidumps are not enabled by default on client versions of Windows
#

---------------  S U M M A R Y ------------

Command Line: --add-opens=java.base/java.util=ALL-UNNAMED --add-opens=java.base/java.lang=ALL-UNNAMED --add-opens=java.base/java.lang.invoke=ALL-UNNAMED --add-opens=java.prefs/java.util.prefs=ALL-UNNAMED --add-opens=java.base/java.nio.charset=ALL-UNNAMED --add-opens=java.base/java.net=ALL-UNNAMED --add-opens=java.base/java.util.concurrent.atomic=ALL-UNNAMED -XX:MaxMetaspaceSize=384m -XX:+HeapDumpOnOutOfMemoryError -Xms256m -Xmx512m -Dfile.encoding=x-windows-949 -Duser.country=KR -Duser.language=ko -Duser.variant -javaagent:C:\Users\user\.gradle\wrapper\dists\gradle-8.8-bin\dl7vupf4psengwqhwktix4v1\gradle-8.8\lib\agents\gradle-instrumentation-agent-8.8.jar org.gradle.launcher.daemon.bootstrap.GradleDaemon 8.8

Host: 12th Gen Intel(R) Core(TM) i5-12400, 12 cores, 15G,  Windows 11 , 64 bit Build 22621 (10.0.22621.3672)
Time: Tue Aug  6 12:52:33 2024  Windows 11 , 64 bit Build 22621 (10.0.22621.3672) elapsed time: 7.210239 seconds (0d 0h 0m 7s)

---------------  T H R E A D  ---------------

Current thread (0x000002421461b800):  JavaThread "C2 CompilerThread2" daemon [_thread_in_native, id=52568, stack(0x000000bd08f00000,0x000000bd09000000)]


Current CompileTask:
C2:   7210 6134       4       org.gradle.internal.serialize.HierarchicalNameSerializer::readFirstOccurrenceOfName (60 bytes)

Stack: [0x000000bd08f00000,0x000000bd09000000]
Native frames: (J=compiled Java code, j=interpreted, Vv=VM code, C=native code)
V  [jvm.dll+0x65524a]
V  [jvm.dll+0x79646f]
V  [jvm.dll+0x797b39]
V  [jvm.dll+0x7981e3]
V  [jvm.dll+0x254ee5]
V  [jvm.dll+0xb310c]
V  [jvm.dll+0xb371c]
V  [jvm.dll+0x35ecbf]
V  [jvm.dll+0x1a0e72]
V  [jvm.dll+0x20efad]
V  [jvm.dll+0x20de2d]
V  [jvm.dll+0x18b291]
V  [jvm.dll+0x21def4]
V  [jvm.dll+0x21c21c]
V  [jvm.dll+0x75a5f1]
V  [jvm.dll+0x752ef4]
V  [jvm.dll+0x6540f5]
C  [ucrtbase.dll+0x29333]
C  [KERNEL32.DLL+0x1257d]
C  [ntdll.dll+0x5af28]


---------------  P R O C E S S  ---------------

Threads class SMR info:
_java_thread_list=0x000002421199cff0, length=60, elements={
0x0000024273764000, 0x000002427fb48000, 0x000002427fb49000, 0x000002427fbdc800,
0x000002427fbde000, 0x000002427fbdf800, 0x000002427fbe2800, 0x000002427fbe5800,
0x000002427fbea800, 0x000002427fd4f000, 0x00000242107c2800, 0x000002427fd7e000,
0x000002421103b800, 0x0000024210060800, 0x000002420f79f000, 0x0000024210321800,
0x0000024210322800, 0x000002420ff18000, 0x000002420ff19000, 0x0000024211305800,
0x0000024211309800, 0x0000024211309000, 0x0000024211304000, 0x0000024211306800,
0x0000024211304800, 0x000002421130a800, 0x0000024211307000, 0x0000024211308000,
0x0000024213aaf800, 0x0000024213aad000, 0x0000024213ab3800, 0x0000024213ab0000,
0x0000024213ab1000, 0x0000024213ab1800, 0x0000024213ab2800, 0x0000024213aad800,
0x0000024213ab4000, 0x000002421461a800, 0x000002421461b800, 0x0000024213aae800,
0x0000024213ab7800, 0x0000024213ab6000, 0x0000024213ab6800, 0x0000024213ab9000,
0x0000024213aba800, 0x0000024213ab5000, 0x0000024213abb800, 0x000002421353f000,
0x0000024213541800, 0x0000024213544000, 0x0000024213543000, 0x0000024213542800,
0x0000024213545800, 0x0000024213545000, 0x0000024213540000, 0x0000024213546800,
0x0000024213540800, 0x0000024213549000, 0x0000024213549800, 0x000002421354b800
}

Java Threads: ( => current thread )
  0x0000024273764000 JavaThread "main" [_thread_blocked, id=54592, stack(0x000000bd05700000,0x000000bd05800000)]
  0x000002427fb48000 JavaThread "Reference Handler" daemon [_thread_blocked, id=37408, stack(0x000000bd05e00000,0x000000bd05f00000)]
  0x000002427fb49000 JavaThread "Finalizer" daemon [_thread_blocked, id=54408, stack(0x000000bd05f00000,0x000000bd06000000)]
  0x000002427fbdc800 JavaThread "Signal Dispatcher" daemon [_thread_blocked, id=22752, stack(0x000000bd06000000,0x000000bd06100000)]
  0x000002427fbde000 JavaThread "Attach Listener" daemon [_thread_blocked, id=48676, stack(0x000000bd06100000,0x000000bd06200000)]
  0x000002427fbdf800 JavaThread "Service Thread" daemon [_thread_blocked, id=28828, stack(0x000000bd06200000,0x000000bd06300000)]
  0x000002427fbe2800 JavaThread "C2 CompilerThread0" daemon [_thread_in_native, id=34928, stack(0x000000bd06300000,0x000000bd06400000)]
  0x000002427fbe5800 JavaThread "C1 CompilerThread0" daemon [_thread_in_native, id=53660, stack(0x000000bd06400000,0x000000bd06500000)]
  0x000002427fbea800 JavaThread "Sweeper thread" daemon [_thread_blocked, id=53392, stack(0x000000bd06500000,0x000000bd06600000)]
  0x000002427fd4f000 JavaThread "Common-Cleaner" daemon [_thread_blocked, id=7152, stack(0x000000bd06600000,0x000000bd06700000)]
  0x00000242107c2800 JavaThread "Daemon health stats" [_thread_blocked, id=30072, stack(0x000000bd06f00000,0x000000bd07000000)]
  0x000002427fd7e000 JavaThread "Incoming local TCP Connector on port 54192" [_thread_in_native, id=17052, stack(0x000000bd06700000,0x000000bd06800000)]
  0x000002421103b800 JavaThread "Daemon periodic checks" [_thread_blocked, id=14072, stack(0x000000bd06900000,0x000000bd06a00000)]
  0x0000024210060800 JavaThread "Daemon" [_thread_blocked, id=21920, stack(0x000000bd07000000,0x000000bd07100000)]
  0x000002420f79f000 JavaThread "Handler for socket connection from /127.0.0.1:54192 to /127.0.0.1:54193" [_thread_in_native, id=37868, stack(0x000000bd07100000,0x000000bd07200000)]
  0x0000024210321800 JavaThread "Cancel handler" [_thread_blocked, id=13576, stack(0x000000bd07200000,0x000000bd07300000)]
  0x0000024210322800 JavaThread "Daemon worker" [_thread_in_Java, id=31400, stack(0x000000bd07300000,0x000000bd07400000)]
  0x000002420ff18000 JavaThread "Asynchronous log dispatcher for DefaultDaemonConnection: socket connection from /127.0.0.1:54192 to /127.0.0.1:54193" [_thread_blocked, id=43272, stack(0x000000bd07400000,0x000000bd07500000)]
  0x000002420ff19000 JavaThread "Stdin handler" [_thread_blocked, id=52092, stack(0x000000bd07500000,0x000000bd07600000)]
  0x0000024211305800 JavaThread "Daemon client event forwarder" [_thread_blocked, id=25992, stack(0x000000bd07600000,0x000000bd07700000)]
  0x0000024211309800 JavaThread "Cache worker for journal cache (C:\Users\user\.gradle\caches\journal-1)" [_thread_blocked, id=42368, stack(0x000000bd07d00000,0x000000bd07e00000)]
  0x0000024211309000 JavaThread "File lock request listener" [_thread_in_native, id=24384, stack(0x000000bd07e00000,0x000000bd07f00000)]
  0x0000024211304000 JavaThread "Cache worker for file hash cache (C:\Users\user\.gradle\caches\8.8\fileHashes)" [_thread_blocked, id=31824, stack(0x000000bd07f00000,0x000000bd08000000)]
  0x0000024211306800 JavaThread "Cache worker for file hash cache (C:\Users\user\Desktop\course\intelij\workspace\BootBasic\.gradle\8.8\fileHashes)" [_thread_blocked, id=47672, stack(0x000000bd08200000,0x000000bd08300000)]
  0x0000024211304800 JavaThread "File watcher server" daemon [_thread_in_native, id=36492, stack(0x000000bd08300000,0x000000bd08400000)]
  0x000002421130a800 JavaThread "File watcher consumer" daemon [_thread_blocked, id=4904, stack(0x000000bd08400000,0x000000bd08500000)]
  0x0000024211307000 JavaThread "jar transforms" [_thread_blocked, id=53756, stack(0x000000bd08000000,0x000000bd08100000)]
  0x0000024211308000 JavaThread "jar transforms Thread 2" [_thread_blocked, id=30272, stack(0x000000bd08100000,0x000000bd08200000)]
  0x0000024213aaf800 JavaThread "jar transforms Thread 3" [_thread_blocked, id=41340, stack(0x000000bd08500000,0x000000bd08600000)]
  0x0000024213aad000 JavaThread "jar transforms Thread 4" [_thread_blocked, id=24268, stack(0x000000bd08600000,0x000000bd08700000)]
  0x0000024213ab3800 JavaThread "jar transforms Thread 5" [_thread_blocked, id=4284, stack(0x000000bd08700000,0x000000bd08800000)]
  0x0000024213ab0000 JavaThread "jar transforms Thread 6" [_thread_blocked, id=26888, stack(0x000000bd08800000,0x000000bd08900000)]
  0x0000024213ab1000 JavaThread "jar transforms Thread 7" [_thread_blocked, id=41872, stack(0x000000bd08900000,0x000000bd08a00000)]
  0x0000024213ab1800 JavaThread "jar transforms Thread 8" [_thread_blocked, id=30896, stack(0x000000bd08a00000,0x000000bd08b00000)]
  0x0000024213ab2800 JavaThread "jar transforms Thread 9" [_thread_blocked, id=10484, stack(0x000000bd08b00000,0x000000bd08c00000)]
  0x0000024213aad800 JavaThread "jar transforms Thread 10" [_thread_blocked, id=8276, stack(0x000000bd08c00000,0x000000bd08d00000)]
  0x0000024213ab4000 JavaThread "jar transforms Thread 11" [_thread_blocked, id=48176, stack(0x000000bd08d00000,0x000000bd08e00000)]
  0x000002421461a800 JavaThread "C2 CompilerThread1" daemon [_thread_in_native, id=49028, stack(0x000000bd08e00000,0x000000bd08f00000)]
=>0x000002421461b800 JavaThread "C2 CompilerThread2" daemon [_thread_in_native, id=52568, stack(0x000000bd08f00000,0x000000bd09000000)]
  0x0000024213aae800 JavaThread "Cache worker for checksums cache (C:\Users\user\Desktop\course\intelij\workspace\BootBasic\.gradle\8.8\checksums)" [_thread_blocked, id=38140, stack(0x000000bd09000000,0x000000bd09100000)]
  0x0000024213ab7800 JavaThread "Cache worker for file content cache (C:\Users\user\.gradle\caches\8.8\fileContent)" [_thread_blocked, id=11808, stack(0x000000bd09100000,0x000000bd09200000)]
  0x0000024213ab6000 JavaThread "Cache worker for cache directory md-rule (C:\Users\user\.gradle\caches\8.8\md-rule)" [_thread_blocked, id=45184, stack(0x000000bd09200000,0x000000bd09300000)]
  0x0000024213ab6800 JavaThread "Cache worker for cache directory md-supplier (C:\Users\user\.gradle\caches\8.8\md-supplier)" [_thread_blocked, id=55116, stack(0x000000bd09300000,0x000000bd09400000)]
  0x0000024213ab9000 JavaThread "jar transforms Thread 12" [_thread_blocked, id=47600, stack(0x000000bd09400000,0x000000bd09500000)]
  0x0000024213aba800 JavaThread "Unconstrained build operations" [_thread_blocked, id=52452, stack(0x000000bd09500000,0x000000bd09600000)]
  0x0000024213ab5000 JavaThread "Unconstrained build operations Thread 2" [_thread_blocked, id=28712, stack(0x000000bd09600000,0x000000bd09700000)]
  0x0000024213abb800 JavaThread "Unconstrained build operations Thread 3" [_thread_blocked, id=50956, stack(0x000000bd09700000,0x000000bd09800000)]
  0x000002421353f000 JavaThread "Unconstrained build operations Thread 4" [_thread_blocked, id=25404, stack(0x000000bd09800000,0x000000bd09900000)]
  0x0000024213541800 JavaThread "Unconstrained build operations Thread 5" [_thread_blocked, id=1968, stack(0x000000bd09900000,0x000000bd09a00000)]
  0x0000024213544000 JavaThread "Unconstrained build operations Thread 6" [_thread_blocked, id=47292, stack(0x000000bd09a00000,0x000000bd09b00000)]
  0x0000024213543000 JavaThread "Unconstrained build operations Thread 7" [_thread_blocked, id=52648, stack(0x000000bd09b00000,0x000000bd09c00000)]
  0x0000024213542800 JavaThread "Unconstrained build operations Thread 8" [_thread_blocked, id=24888, stack(0x000000bd09c00000,0x000000bd09d00000)]
  0x0000024213545800 JavaThread "Unconstrained build operations Thread 9" [_thread_in_Java, id=55004, stack(0x000000bd09d00000,0x000000bd09e00000)]
  0x0000024213545000 JavaThread "Unconstrained build operations Thread 10" [_thread_blocked, id=10208, stack(0x000000bd09e00000,0x000000bd09f00000)]
  0x0000024213540000 JavaThread "Unconstrained build operations Thread 11" [_thread_blocked, id=21788, stack(0x000000bd09f00000,0x000000bd0a000000)]
  0x0000024213546800 JavaThread "Unconstrained build operations Thread 12" [_thread_in_native, id=47756, stack(0x000000bd0a000000,0x000000bd0a100000)]
  0x0000024213540800 JavaThread "Unconstrained build operations Thread 13" [_thread_in_vm, id=13924, stack(0x000000bd0a100000,0x000000bd0a200000)]
  0x0000024213549000 JavaThread "Unconstrained build operations Thread 14" [_thread_in_Java, id=25884, stack(0x000000bd0a200000,0x000000bd0a300000)]
  0x0000024213549800 JavaThread "Unconstrained build operations Thread 15" [_thread_in_Java, id=20464, stack(0x000000bd0a300000,0x000000bd0a400000)]
  0x000002421354b800 JavaThread "Unconstrained build operations Thread 16" [_thread_blocked, id=51372, stack(0x000000bd0a400000,0x000000bd0a500000)]

Other Threads:
  0x000002427fb44800 VMThread "VM Thread" [stack: 0x000000bd05d00000,0x000000bd05e00000] [id=16568]
  0x000002420f01e000 WatcherThread [stack: 0x000000bd06800000,0x000000bd06900000] [id=2536]
  0x0000024273779800 GCTaskThread "GC Thread#0" [stack: 0x000000bd05800000,0x000000bd05900000] [id=51824]
  0x000002420f8e3000 GCTaskThread "GC Thread#1" [stack: 0x000000bd06a00000,0x000000bd06b00000] [id=49072]
  0x000002420fda6000 GCTaskThread "GC Thread#2" [stack: 0x000000bd06b00000,0x000000bd06c00000] [id=49040]
  0x000002420f28b800 GCTaskThread "GC Thread#3" [stack: 0x000000bd06c00000,0x000000bd06d00000] [id=39500]
  0x000002420f79d800 GCTaskThread "GC Thread#4" [stack: 0x000000bd06d00000,0x000000bd06e00000] [id=42160]
  0x000002420f79e800 GCTaskThread "GC Thread#5" [stack: 0x000000bd06e00000,0x000000bd06f00000] [id=19252]
  0x00000242112ef000 GCTaskThread "GC Thread#6" [stack: 0x000000bd07700000,0x000000bd07800000] [id=30040]
  0x000002421139e800 GCTaskThread "GC Thread#7" [stack: 0x000000bd07800000,0x000000bd07900000] [id=20320]
  0x00000242113e9000 GCTaskThread "GC Thread#8" [stack: 0x000000bd07900000,0x000000bd07a00000] [id=1040]
  0x00000242112cb800 GCTaskThread "GC Thread#9" [stack: 0x000000bd07a00000,0x000000bd07b00000] [id=54680]
  0x000002427378b000 ConcurrentGCThread "G1 Main Marker" [stack: 0x000000bd05900000,0x000000bd05a00000] [id=41932]
  0x000002427378d800 ConcurrentGCThread "G1 Conc#0" [stack: 0x000000bd05a00000,0x000000bd05b00000] [id=53124]
  0x0000024211555800 ConcurrentGCThread "G1 Conc#1" [stack: 0x000000bd07b00000,0x000000bd07c00000] [id=8080]
  0x0000024211441000 ConcurrentGCThread "G1 Conc#2" [stack: 0x000000bd07c00000,0x000000bd07d00000] [id=52304]
  0x000002427f1d6800 ConcurrentGCThread "G1 Refine#0" [stack: 0x000000bd05b00000,0x000000bd05c00000] [id=25764]
  0x00000242164ba800 ConcurrentGCThread "G1 Refine#1" [stack: 0x000000bd0a500000,0x000000bd0a600000] [id=52320]
  0x0000024216591000 ConcurrentGCThread "G1 Refine#2" [stack: 0x000000bd0a600000,0x000000bd0a700000] [id=41264]
  0x0000024216592000 ConcurrentGCThread "G1 Refine#3" [stack: 0x000000bd0a700000,0x000000bd0a800000] [id=29172]
  0x0000024216592800 ConcurrentGCThread "G1 Refine#4" [stack: 0x000000bd0a800000,0x000000bd0a900000] [id=1888]
  0x0000024216497000 ConcurrentGCThread "G1 Refine#5" [stack: 0x000000bd0a900000,0x000000bd0aa00000] [id=52928]
  0x00000242104c4000 ConcurrentGCThread "G1 Refine#6" [stack: 0x000000bd0aa00000,0x000000bd0ab00000] [id=53996]
  0x0000024212f7c800 ConcurrentGCThread "G1 Refine#7" [stack: 0x000000bd0ab00000,0x000000bd0ac00000] [id=13476]
  0x000002427f1d7800 ConcurrentGCThread "G1 Young RemSet Sampling" [stack: 0x000000bd05c00000,0x000000bd05d00000] [id=42580]

Threads with active compile tasks:
C2 CompilerThread0     7256 6120       4       org.gradle.internal.serialize.HierarchicalNameSerializer::readName (51 bytes)
C1 CompilerThread0     7256 6695       2       org.objectweb.asm.SymbolTable::addConstantLongOrDouble (109 bytes)
C2 CompilerThread1     7256 6574       4       org.objectweb.asm.ClassReader::readCode (5117 bytes)
C2 CompilerThread2     7256 6134       4       org.gradle.internal.serialize.HierarchicalNameSerializer::readFirstOccurrenceOfName (60 bytes)

VM state:not at safepoint (normal execution)

VM Mutex/Monitor currently owned by a thread:  ([mutex/lock_event])
[0x0000024273760bc0] Compile_lock - owner thread: 0x000002427fbe5800
[0x00000242737610d0] MethodCompileQueue_lock - owner thread: 0x0000000000000000

Heap address: 0x00000000e0000000, size: 512 MB, Compressed Oops mode: 32-bit
Narrow klass base: 0x0000000000000000, Narrow klass shift: 3
Compressed class space size: 394264576 Address: 0x0000000100000000

Heap:
 garbage-first heap   total 272384K, used 147456K [0x00000000e0000000, 0x0000000100000000)
  region size 1024K, 27 young (27648K), 9 survivors (9216K)
 Metaspace       used 57088K, capacity 58967K, committed 59312K, reserved 436224K
  class space    used 7542K, capacity 8275K, committed 8368K, reserved 385024K
Heap Regions: E=young(eden), S=young(survivor), O=old, HS=humongous(starts), HC=humongous(continues), CS=collection set, F=free, A=archive, TAMS=top-at-mark-start (previous, next)
|   0|0x00000000e0000000, 0x00000000e0100000, 0x00000000e0100000|100%|HS|  |TAMS 0x00000000e0100000, 0x00000000e0000000| Complete 
|   1|0x00000000e0100000, 0x00000000e0200000, 0x00000000e0200000|100%|HC|  |TAMS 0x00000000e0200000, 0x00000000e0100000| Complete 
|   2|0x00000000e0200000, 0x00000000e0300000, 0x00000000e0300000|100%|HC|  |TAMS 0x00000000e0300000, 0x00000000e0200000| Complete 
|   3|0x00000000e0300000, 0x00000000e0400000, 0x00000000e0400000|100%|HC|  |TAMS 0x00000000e0400000, 0x00000000e0300000| Complete 
|   4|0x00000000e0400000, 0x00000000e0500000, 0x00000000e0500000|100%| O|  |TAMS 0x00000000e0500000, 0x00000000e0400000| Untracked 
|   5|0x00000000e0500000, 0x00000000e0600000, 0x00000000e0600000|100%| O|  |TAMS 0x00000000e0600000, 0x00000000e0500000| Untracked 
|   6|0x00000000e0600000, 0x00000000e0700000, 0x00000000e0700000|100%| O|  |TAMS 0x00000000e0700000, 0x00000000e0600000| Untracked 
|   7|0x00000000e0700000, 0x00000000e0800000, 0x00000000e0800000|100%| O|  |TAMS 0x00000000e0800000, 0x00000000e0700000| Untracked 
|   8|0x00000000e0800000, 0x00000000e0900000, 0x00000000e0900000|100%|HS|  |TAMS 0x00000000e0900000, 0x00000000e0800000| Complete 
|   9|0x00000000e0900000, 0x00000000e0a00000, 0x00000000e0a00000|100%| O|  |TAMS 0x00000000e0a00000, 0x00000000e0900000| Untracked 
|  10|0x00000000e0a00000, 0x00000000e0b00000, 0x00000000e0b00000|100%| O|  |TAMS 0x00000000e0b00000, 0x00000000e0a00000| Untracked 
|  11|0x00000000e0b00000, 0x00000000e0c00000, 0x00000000e0c00000|100%| O|  |TAMS 0x00000000e0c00000, 0x00000000e0b00000| Untracked 
|  12|0x00000000e0c00000, 0x00000000e0d00000, 0x00000000e0d00000|100%| O|  |TAMS 0x00000000e0d00000, 0x00000000e0c00000| Untracked 
|  13|0x00000000e0d00000, 0x00000000e0e00000, 0x00000000e0e00000|100%| O|  |TAMS 0x00000000e0e00000, 0x00000000e0d00000| Untracked 
|  14|0x00000000e0e00000, 0x00000000e0f00000, 0x00000000e0f00000|100%| O|  |TAMS 0x00000000e0f00000, 0x00000000e0e00000| Untracked 
|  15|0x00000000e0f00000, 0x00000000e1000000, 0x00000000e1000000|100%| O|  |TAMS 0x00000000e1000000, 0x00000000e0f00000| Untracked 
|  16|0x00000000e1000000, 0x00000000e1100000, 0x00000000e1100000|100%| O|  |TAMS 0x00000000e1100000, 0x00000000e1000000| Untracked 
|  17|0x00000000e1100000, 0x00000000e1200000, 0x00000000e1200000|100%| O|  |TAMS 0x00000000e1200000, 0x00000000e1100000| Untracked 
|  18|0x00000000e1200000, 0x00000000e1300000, 0x00000000e1300000|100%| O|  |TAMS 0x00000000e1300000, 0x00000000e1200000| Untracked 
|  19|0x00000000e1300000, 0x00000000e1400000, 0x00000000e1400000|100%| O|  |TAMS 0x00000000e1395c00, 0x00000000e1300000| Untracked 
|  20|0x00000000e1400000, 0x00000000e1500000, 0x00000000e1500000|100%|HS|  |TAMS 0x00000000e1500000, 0x00000000e1400000| Complete 
|  21|0x00000000e1500000, 0x00000000e1600000, 0x00000000e1600000|100%|HC|  |TAMS 0x00000000e1600000, 0x00000000e1500000| Complete 
|  22|0x00000000e1600000, 0x00000000e1700000, 0x00000000e1700000|100%|HC|  |TAMS 0x00000000e1700000, 0x00000000e1600000| Complete 
|  23|0x00000000e1700000, 0x00000000e1800000, 0x00000000e1800000|100%|HC|  |TAMS 0x00000000e1800000, 0x00000000e1700000| Complete 
|  24|0x00000000e1800000, 0x00000000e1900000, 0x00000000e1900000|100%|HC|  |TAMS 0x00000000e1900000, 0x00000000e1800000| Complete 
|  25|0x00000000e1900000, 0x00000000e1a00000, 0x00000000e1a00000|100%|HS|  |TAMS 0x00000000e1a00000, 0x00000000e1900000| Complete 
|  26|0x00000000e1a00000, 0x00000000e1b00000, 0x00000000e1b00000|100%|HC|  |TAMS 0x00000000e1b00000, 0x00000000e1a00000| Complete 
|  27|0x00000000e1b00000, 0x00000000e1c00000, 0x00000000e1c00000|100%|HC|  |TAMS 0x00000000e1c00000, 0x00000000e1b00000| Complete 
|  28|0x00000000e1c00000, 0x00000000e1d00000, 0x00000000e1d00000|100%|HS|  |TAMS 0x00000000e1c00000, 0x00000000e1c00000| Complete 
|  29|0x00000000e1d00000, 0x00000000e1e00000, 0x00000000e1e00000|100%|HS|  |TAMS 0x00000000e1d00000, 0x00000000e1d00000| Complete 
|  30|0x00000000e1e00000, 0x00000000e1f00000, 0x00000000e1f00000|100%| O|  |TAMS 0x00000000e1e00000, 0x00000000e1e00000| Untracked 
|  31|0x00000000e1f00000, 0x00000000e2000000, 0x00000000e2000000|100%| O|  |TAMS 0x00000000e1f00000, 0x00000000e1f00000| Untracked 
|  32|0x00000000e2000000, 0x00000000e2100000, 0x00000000e2100000|100%| O|  |TAMS 0x00000000e2000000, 0x00000000e2000000| Untracked 
|  33|0x00000000e2100000, 0x00000000e2200000, 0x00000000e2200000|100%| O|  |TAMS 0x00000000e2100000, 0x00000000e2100000| Untracked 
|  34|0x00000000e2200000, 0x00000000e2300000, 0x00000000e2300000|100%| O|  |TAMS 0x00000000e2200000, 0x00000000e2200000| Untracked 
|  35|0x00000000e2300000, 0x00000000e2400000, 0x00000000e2400000|100%| O|  |TAMS 0x00000000e2300000, 0x00000000e2300000| Untracked 
|  36|0x00000000e2400000, 0x00000000e2500000, 0x00000000e2500000|100%| O|  |TAMS 0x00000000e2400000, 0x00000000e2400000| Untracked 
|  37|0x00000000e2500000, 0x00000000e2600000, 0x00000000e2600000|100%| O|  |TAMS 0x00000000e2500000, 0x00000000e2500000| Untracked 
|  38|0x00000000e2600000, 0x00000000e2700000, 0x00000000e2700000|100%| O|  |TAMS 0x00000000e2600000, 0x00000000e2600000| Untracked 
|  39|0x00000000e2700000, 0x00000000e2800000, 0x00000000e2800000|100%|HS|  |TAMS 0x00000000e2700000, 0x00000000e2700000| Complete 
|  40|0x00000000e2800000, 0x00000000e2900000, 0x00000000e2900000|100%|HS|  |TAMS 0x00000000e2800000, 0x00000000e2800000| Complete 
|  41|0x00000000e2900000, 0x00000000e2a00000, 0x00000000e2a00000|100%|HS|  |TAMS 0x00000000e2900000, 0x00000000e2900000| Complete 
|  42|0x00000000e2a00000, 0x00000000e2b00000, 0x00000000e2b00000|100%| O|  |TAMS 0x00000000e2a00000, 0x00000000e2a00000| Untracked 
|  43|0x00000000e2b00000, 0x00000000e2c00000, 0x00000000e2c00000|100%| O|  |TAMS 0x00000000e2b00000, 0x00000000e2b00000| Untracked 
|  44|0x00000000e2c00000, 0x00000000e2d00000, 0x00000000e2d00000|100%| O|  |TAMS 0x00000000e2c00000, 0x00000000e2c00000| Untracked 
|  45|0x00000000e2d00000, 0x00000000e2e00000, 0x00000000e2e00000|100%| O|  |TAMS 0x00000000e2d00000, 0x00000000e2d00000| Untracked 
|  46|0x00000000e2e00000, 0x00000000e2f00000, 0x00000000e2f00000|100%| O|  |TAMS 0x00000000e2e00000, 0x00000000e2e00000| Untracked 
|  47|0x00000000e2f00000, 0x00000000e3000000, 0x00000000e3000000|100%| O|  |TAMS 0x00000000e2f00000, 0x00000000e2f00000| Untracked 
|  48|0x00000000e3000000, 0x00000000e3100000, 0x00000000e3100000|100%| O|  |TAMS 0x00000000e3000000, 0x00000000e3000000| Untracked 
|  49|0x00000000e3100000, 0x00000000e3200000, 0x00000000e3200000|100%| O|  |TAMS 0x00000000e3100000, 0x00000000e3100000| Untracked 
|  50|0x00000000e3200000, 0x00000000e3300000, 0x00000000e3300000|100%| O|  |TAMS 0x00000000e3200000, 0x00000000e3200000| Untracked 
|  51|0x00000000e3300000, 0x00000000e3400000, 0x00000000e3400000|100%| O|  |TAMS 0x00000000e3300000, 0x00000000e3300000| Untracked 
|  52|0x00000000e3400000, 0x00000000e3500000, 0x00000000e3500000|100%| O|  |TAMS 0x00000000e3400000, 0x00000000e3400000| Untracked 
|  53|0x00000000e3500000, 0x00000000e3600000, 0x00000000e3600000|100%| O|  |TAMS 0x00000000e3500000, 0x00000000e3500000| Untracked 
|  54|0x00000000e3600000, 0x00000000e3700000, 0x00000000e3700000|100%| O|  |TAMS 0x00000000e3600000, 0x00000000e3600000| Untracked 
|  55|0x00000000e3700000, 0x00000000e3800000, 0x00000000e3800000|100%| O|  |TAMS 0x00000000e3700000, 0x00000000e3700000| Untracked 
|  56|0x00000000e3800000, 0x00000000e3900000, 0x00000000e3900000|100%| O|  |TAMS 0x00000000e3800000, 0x00000000e3800000| Untracked 
|  57|0x00000000e3900000, 0x00000000e3a00000, 0x00000000e3a00000|100%| O|  |TAMS 0x00000000e3900000, 0x00000000e3900000| Untracked 
|  58|0x00000000e3a00000, 0x00000000e3b00000, 0x00000000e3b00000|100%| O|  |TAMS 0x00000000e3a00000, 0x00000000e3a00000| Untracked 
|  59|0x00000000e3b00000, 0x00000000e3c00000, 0x00000000e3c00000|100%| O|  |TAMS 0x00000000e3b00000, 0x00000000e3b00000| Untracked 
|  60|0x00000000e3c00000, 0x00000000e3d00000, 0x00000000e3d00000|100%| O|  |TAMS 0x00000000e3c00000, 0x00000000e3c00000| Untracked 
|  61|0x00000000e3d00000, 0x00000000e3e00000, 0x00000000e3e00000|100%|HS|  |TAMS 0x00000000e3d00000, 0x00000000e3d00000| Complete 
|  62|0x00000000e3e00000, 0x00000000e3f00000, 0x00000000e3f00000|100%| O|  |TAMS 0x00000000e3e00000, 0x00000000e3e00000| Untracked 
|  63|0x00000000e3f00000, 0x00000000e4000000, 0x00000000e4000000|100%| O|  |TAMS 0x00000000e3f00000, 0x00000000e3f00000| Untracked 
|  64|0x00000000e4000000, 0x00000000e4100000, 0x00000000e4100000|100%| O|  |TAMS 0x00000000e4000000, 0x00000000e4000000| Untracked 
|  65|0x00000000e4100000, 0x00000000e4200000, 0x00000000e4200000|100%| O|  |TAMS 0x00000000e4100000, 0x00000000e4100000| Untracked 
|  66|0x00000000e4200000, 0x00000000e4300000, 0x00000000e4300000|100%| O|  |TAMS 0x00000000e4200000, 0x00000000e4200000| Untracked 
|  67|0x00000000e4300000, 0x00000000e4400000, 0x00000000e4400000|100%| O|  |TAMS 0x00000000e4300000, 0x00000000e4300000| Untracked 
|  68|0x00000000e4400000, 0x00000000e4500000, 0x00000000e4500000|100%| O|  |TAMS 0x00000000e4400000, 0x00000000e4400000| Untracked 
|  69|0x00000000e4500000, 0x00000000e4600000, 0x00000000e4600000|100%| O|  |TAMS 0x00000000e4500000, 0x00000000e4500000| Untracked 
|  70|0x00000000e4600000, 0x00000000e4700000, 0x00000000e4700000|100%| O|  |TAMS 0x00000000e4600000, 0x00000000e4600000| Untracked 
|  71|0x00000000e4700000, 0x00000000e4800000, 0x00000000e4800000|100%| O|  |TAMS 0x00000000e4700000, 0x00000000e4700000| Untracked 
|  72|0x00000000e4800000, 0x00000000e4900000, 0x00000000e4900000|100%| O|  |TAMS 0x00000000e4800000, 0x00000000e4800000| Untracked 
|  73|0x00000000e4900000, 0x00000000e4a00000, 0x00000000e4a00000|100%| O|  |TAMS 0x00000000e4900000, 0x00000000e4900000| Untracked 
|  74|0x00000000e4a00000, 0x00000000e4b00000, 0x00000000e4b00000|100%| O|  |TAMS 0x00000000e4a00000, 0x00000000e4a00000| Untracked 
|  75|0x00000000e4b00000, 0x00000000e4c00000, 0x00000000e4c00000|100%| O|  |TAMS 0x00000000e4b00000, 0x00000000e4b00000| Untracked 
|  76|0x00000000e4c00000, 0x00000000e4d00000, 0x00000000e4d00000|100%| O|  |TAMS 0x00000000e4c00000, 0x00000000e4c00000| Untracked 
|  77|0x00000000e4d00000, 0x00000000e4e00000, 0x00000000e4e00000|100%| O|  |TAMS 0x00000000e4d00000, 0x00000000e4d00000| Untracked 
|  78|0x00000000e4e00000, 0x00000000e4f00000, 0x00000000e4f00000|100%| O|  |TAMS 0x00000000e4e00000, 0x00000000e4e00000| Untracked 
|  79|0x00000000e4f00000, 0x00000000e5000000, 0x00000000e5000000|100%| O|  |TAMS 0x00000000e4f00000, 0x00000000e4f00000| Untracked 
|  80|0x00000000e5000000, 0x00000000e5100000, 0x00000000e5100000|100%| O|  |TAMS 0x00000000e5000000, 0x00000000e5000000| Untracked 
|  81|0x00000000e5100000, 0x00000000e5200000, 0x00000000e5200000|100%| O|  |TAMS 0x00000000e5100000, 0x00000000e5100000| Untracked 
|  82|0x00000000e5200000, 0x00000000e5300000, 0x00000000e5300000|100%| O|  |TAMS 0x00000000e5200000, 0x00000000e5200000| Untracked 
|  83|0x00000000e5300000, 0x00000000e5400000, 0x00000000e5400000|100%| O|  |TAMS 0x00000000e5300000, 0x00000000e5300000| Untracked 
|  84|0x00000000e5400000, 0x00000000e5500000, 0x00000000e5500000|100%| O|  |TAMS 0x00000000e5400000, 0x00000000e5400000| Untracked 
|  85|0x00000000e5500000, 0x00000000e5600000, 0x00000000e5600000|100%| O|  |TAMS 0x00000000e5500000, 0x00000000e5500000| Untracked 
|  86|0x00000000e5600000, 0x00000000e5700000, 0x00000000e5700000|100%| O|  |TAMS 0x00000000e5600000, 0x00000000e5600000| Untracked 
|  87|0x00000000e5700000, 0x00000000e5800000, 0x00000000e5800000|100%| O|  |TAMS 0x00000000e5700000, 0x00000000e5700000| Untracked 
|  88|0x00000000e5800000, 0x00000000e5900000, 0x00000000e5900000|100%|HS|  |TAMS 0x00000000e5800000, 0x00000000e5800000| Complete 
|  89|0x00000000e5900000, 0x00000000e5a00000, 0x00000000e5a00000|100%|HC|  |TAMS 0x00000000e5900000, 0x00000000e5900000| Complete 
|  90|0x00000000e5a00000, 0x00000000e5b00000, 0x00000000e5b00000|100%|HC|  |TAMS 0x00000000e5a00000, 0x00000000e5a00000| Complete 
|  91|0x00000000e5b00000, 0x00000000e5b00000, 0x00000000e5c00000|  0%| F|  |TAMS 0x00000000e5b00000, 0x00000000e5b00000| Untracked 
|  92|0x00000000e5c00000, 0x00000000e5c00000, 0x00000000e5d00000|  0%| F|  |TAMS 0x00000000e5c00000, 0x00000000e5c00000| Untracked 
|  93|0x00000000e5d00000, 0x00000000e5d00000, 0x00000000e5e00000|  0%| F|  |TAMS 0x00000000e5d00000, 0x00000000e5d00000| Untracked 
|  94|0x00000000e5e00000, 0x00000000e5e00000, 0x00000000e5f00000|  0%| F|  |TAMS 0x00000000e5e00000, 0x00000000e5e00000| Untracked 
|  95|0x00000000e5f00000, 0x00000000e5f00000, 0x00000000e6000000|  0%| F|  |TAMS 0x00000000e5f00000, 0x00000000e5f00000| Untracked 
|  96|0x00000000e6000000, 0x00000000e6000000, 0x00000000e6100000|  0%| F|  |TAMS 0x00000000e6000000, 0x00000000e6000000| Untracked 
|  97|0x00000000e6100000, 0x00000000e6100000, 0x00000000e6200000|  0%| F|  |TAMS 0x00000000e6100000, 0x00000000e6100000| Untracked 
|  98|0x00000000e6200000, 0x00000000e6200000, 0x00000000e6300000|  0%| F|  |TAMS 0x00000000e6200000, 0x00000000e6200000| Untracked 
|  99|0x00000000e6300000, 0x00000000e6300000, 0x00000000e6400000|  0%| F|  |TAMS 0x00000000e6300000, 0x00000000e6300000| Untracked 
| 100|0x00000000e6400000, 0x00000000e6400000, 0x00000000e6500000|  0%| F|  |TAMS 0x00000000e6400000, 0x00000000e6400000| Untracked 
| 101|0x00000000e6500000, 0x00000000e6600000, 0x00000000e6600000|100%| O|  |TAMS 0x00000000e6500000, 0x00000000e6500000| Untracked 
| 102|0x00000000e6600000, 0x00000000e6700000, 0x00000000e6700000|100%| O|  |TAMS 0x00000000e6600000, 0x00000000e6600000| Untracked 
| 103|0x00000000e6700000, 0x00000000e6700000, 0x00000000e6800000|  0%| F|  |TAMS 0x00000000e6700000, 0x00000000e6700000| Untracked 
| 104|0x00000000e6800000, 0x00000000e6800000, 0x00000000e6900000|  0%| F|  |TAMS 0x00000000e6800000, 0x00000000e6800000| Untracked 
| 105|0x00000000e6900000, 0x00000000e6900000, 0x00000000e6a00000|  0%| F|  |TAMS 0x00000000e6900000, 0x00000000e6900000| Untracked 
| 106|0x00000000e6a00000, 0x00000000e6a00000, 0x00000000e6b00000|  0%| F|  |TAMS 0x00000000e6a00000, 0x00000000e6a00000| Untracked 
| 107|0x00000000e6b00000, 0x00000000e6b00000, 0x00000000e6c00000|  0%| F|  |TAMS 0x00000000e6b00000, 0x00000000e6b00000| Untracked 
| 108|0x00000000e6c00000, 0x00000000e6c00000, 0x00000000e6d00000|  0%| F|  |TAMS 0x00000000e6c00000, 0x00000000e6c00000| Untracked 
| 109|0x00000000e6d00000, 0x00000000e6e00000, 0x00000000e6e00000|100%| O|  |TAMS 0x00000000e6d00000, 0x00000000e6d00000| Untracked 
| 110|0x00000000e6e00000, 0x00000000e6f00000, 0x00000000e6f00000|100%| O|  |TAMS 0x00000000e6e00000, 0x00000000e6e00000| Untracked 
| 111|0x00000000e6f00000, 0x00000000e7000000, 0x00000000e7000000|100%| O|  |TAMS 0x00000000e6f00000, 0x00000000e6f00000| Untracked 
| 112|0x00000000e7000000, 0x00000000e7100000, 0x00000000e7100000|100%| O|  |TAMS 0x00000000e7000000, 0x00000000e7000000| Untracked 
| 113|0x00000000e7100000, 0x00000000e7200000, 0x00000000e7200000|100%| O|  |TAMS 0x00000000e7100000, 0x00000000e7100000| Untracked 
| 114|0x00000000e7200000, 0x00000000e7300000, 0x00000000e7300000|100%| O|  |TAMS 0x00000000e7200000, 0x00000000e7200000| Untracked 
| 115|0x00000000e7300000, 0x00000000e7400000, 0x00000000e7400000|100%| O|  |TAMS 0x00000000e7300000, 0x00000000e7300000| Untracked 
| 116|0x00000000e7400000, 0x00000000e7500000, 0x00000000e7500000|100%| O|  |TAMS 0x00000000e7400000, 0x00000000e7400000| Untracked 
| 117|0x00000000e7500000, 0x00000000e7600000, 0x00000000e7600000|100%| O|  |TAMS 0x00000000e7500000, 0x00000000e7500000| Untracked 
| 118|0x00000000e7600000, 0x00000000e7700000, 0x00000000e7700000|100%| O|  |TAMS 0x00000000e7600000, 0x00000000e7600000| Untracked 
| 119|0x00000000e7700000, 0x00000000e7800000, 0x00000000e7800000|100%| O|  |TAMS 0x00000000e7700000, 0x00000000e7700000| Untracked 
| 120|0x00000000e7800000, 0x00000000e7900000, 0x00000000e7900000|100%| O|  |TAMS 0x00000000e7800000, 0x00000000e7800000| Untracked 
| 121|0x00000000e7900000, 0x00000000e7a00000, 0x00000000e7a00000|100%| O|  |TAMS 0x00000000e7900000, 0x00000000e7900000| Untracked 
| 122|0x00000000e7a00000, 0x00000000e7b00000, 0x00000000e7b00000|100%| O|  |TAMS 0x00000000e7a00000, 0x00000000e7a00000| Untracked 
| 123|0x00000000e7b00000, 0x00000000e7c00000, 0x00000000e7c00000|100%| O|  |TAMS 0x00000000e7b00000, 0x00000000e7b00000| Untracked 
| 124|0x00000000e7c00000, 0x00000000e7c00000, 0x00000000e7d00000|  0%| F|  |TAMS 0x00000000e7c00000, 0x00000000e7c00000| Untracked 
| 125|0x00000000e7d00000, 0x00000000e7d00000, 0x00000000e7e00000|  0%| F|  |TAMS 0x00000000e7d00000, 0x00000000e7d00000| Untracked 
| 126|0x00000000e7e00000, 0x00000000e7e00000, 0x00000000e7f00000|  0%| F|  |TAMS 0x00000000e7e00000, 0x00000000e7e00000| Untracked 
| 127|0x00000000e7f00000, 0x00000000e7f00000, 0x00000000e8000000|  0%| F|  |TAMS 0x00000000e7f00000, 0x00000000e7f00000| Untracked 
| 128|0x00000000e8000000, 0x00000000e8000000, 0x00000000e8100000|  0%| F|  |TAMS 0x00000000e8000000, 0x00000000e8000000| Untracked 
| 129|0x00000000e8100000, 0x00000000e8100000, 0x00000000e8200000|  0%| F|  |TAMS 0x00000000e8100000, 0x00000000e8100000| Untracked 
| 130|0x00000000e8200000, 0x00000000e8200000, 0x00000000e8300000|  0%| F|  |TAMS 0x00000000e8200000, 0x00000000e8200000| Untracked 
| 131|0x00000000e8300000, 0x00000000e8300000, 0x00000000e8400000|  0%| F|  |TAMS 0x00000000e8300000, 0x00000000e8300000| Untracked 
| 132|0x00000000e8400000, 0x00000000e8400000, 0x00000000e8500000|  0%| F|  |TAMS 0x00000000e8400000, 0x00000000e8400000| Untracked 
| 133|0x00000000e8500000, 0x00000000e8500000, 0x00000000e8600000|  0%| F|  |TAMS 0x00000000e8500000, 0x00000000e8500000| Untracked 
| 134|0x00000000e8600000, 0x00000000e8600000, 0x00000000e8700000|  0%| F|  |TAMS 0x00000000e8600000, 0x00000000e8600000| Untracked 
| 135|0x00000000e8700000, 0x00000000e8700000, 0x00000000e8800000|  0%| F|  |TAMS 0x00000000e8700000, 0x00000000e8700000| Untracked 
| 136|0x00000000e8800000, 0x00000000e8800000, 0x00000000e8900000|  0%| F|  |TAMS 0x00000000e8800000, 0x00000000e8800000| Untracked 
| 137|0x00000000e8900000, 0x00000000e8900000, 0x00000000e8a00000|  0%| F|  |TAMS 0x00000000e8900000, 0x00000000e8900000| Untracked 
| 138|0x00000000e8a00000, 0x00000000e8a00000, 0x00000000e8b00000|  0%| F|  |TAMS 0x00000000e8a00000, 0x00000000e8a00000| Untracked 
| 139|0x00000000e8b00000, 0x00000000e8b00000, 0x00000000e8c00000|  0%| F|  |TAMS 0x00000000e8b00000, 0x00000000e8b00000| Untracked 
| 140|0x00000000e8c00000, 0x00000000e8c00000, 0x00000000e8d00000|  0%| F|  |TAMS 0x00000000e8c00000, 0x00000000e8c00000| Untracked 
| 141|0x00000000e8d00000, 0x00000000e8d00000, 0x00000000e8e00000|  0%| F|  |TAMS 0x00000000e8d00000, 0x00000000e8d00000| Untracked 
| 142|0x00000000e8e00000, 0x00000000e8e00000, 0x00000000e8f00000|  0%| F|  |TAMS 0x00000000e8e00000, 0x00000000e8e00000| Untracked 
| 143|0x00000000e8f00000, 0x00000000e8f00000, 0x00000000e9000000|  0%| F|  |TAMS 0x00000000e8f00000, 0x00000000e8f00000| Untracked 
| 144|0x00000000e9000000, 0x00000000e9000000, 0x00000000e9100000|  0%| F|  |TAMS 0x00000000e9000000, 0x00000000e9000000| Untracked 
| 145|0x00000000e9100000, 0x00000000e9100000, 0x00000000e9200000|  0%| F|  |TAMS 0x00000000e9100000, 0x00000000e9100000| Untracked 
| 146|0x00000000e9200000, 0x00000000e9200000, 0x00000000e9300000|  0%| F|  |TAMS 0x00000000e9200000, 0x00000000e9200000| Untracked 
| 147|0x00000000e9300000, 0x00000000e9300000, 0x00000000e9400000|  0%| F|  |TAMS 0x00000000e9300000, 0x00000000e9300000| Untracked 
| 148|0x00000000e9400000, 0x00000000e9400000, 0x00000000e9500000|  0%| F|  |TAMS 0x00000000e9400000, 0x00000000e9400000| Untracked 
| 149|0x00000000e9500000, 0x00000000e9500000, 0x00000000e9600000|  0%| F|  |TAMS 0x00000000e9500000, 0x00000000e9500000| Untracked 
| 150|0x00000000e9600000, 0x00000000e9600000, 0x00000000e9700000|  0%| F|  |TAMS 0x00000000e9600000, 0x00000000e9600000| Untracked 
| 151|0x00000000e9700000, 0x00000000e9700000, 0x00000000e9800000|  0%| F|  |TAMS 0x00000000e9700000, 0x00000000e9700000| Untracked 
| 152|0x00000000e9800000, 0x00000000e9800000, 0x00000000e9900000|  0%| F|  |TAMS 0x00000000e9800000, 0x00000000e9800000| Untracked 
| 153|0x00000000e9900000, 0x00000000e9900000, 0x00000000e9a00000|  0%| F|  |TAMS 0x00000000e9900000, 0x00000000e9900000| Untracked 
| 154|0x00000000e9a00000, 0x00000000e9a00000, 0x00000000e9b00000|  0%| F|  |TAMS 0x00000000e9a00000, 0x00000000e9a00000| Untracked 
| 155|0x00000000e9b00000, 0x00000000e9b00000, 0x00000000e9c00000|  0%| F|  |TAMS 0x00000000e9b00000, 0x00000000e9b00000| Untracked 
| 156|0x00000000e9c00000, 0x00000000e9c00000, 0x00000000e9d00000|  0%| F|  |TAMS 0x00000000e9c00000, 0x00000000e9c00000| Untracked 
| 157|0x00000000e9d00000, 0x00000000e9d00000, 0x00000000e9e00000|  0%| F|  |TAMS 0x00000000e9d00000, 0x00000000e9d00000| Untracked 
| 158|0x00000000e9e00000, 0x00000000e9e00000, 0x00000000e9f00000|  0%| F|  |TAMS 0x00000000e9e00000, 0x00000000e9e00000| Untracked 
| 159|0x00000000e9f00000, 0x00000000e9f00000, 0x00000000ea000000|  0%| F|  |TAMS 0x00000000e9f00000, 0x00000000e9f00000| Untracked 
| 160|0x00000000ea000000, 0x00000000ea000000, 0x00000000ea100000|  0%| F|  |TAMS 0x00000000ea000000, 0x00000000ea000000| Untracked 
| 161|0x00000000ea100000, 0x00000000ea100000, 0x00000000ea200000|  0%| F|  |TAMS 0x00000000ea100000, 0x00000000ea100000| Untracked 
| 162|0x00000000ea200000, 0x00000000ea200000, 0x00000000ea300000|  0%| F|  |TAMS 0x00000000ea200000, 0x00000000ea200000| Untracked 
| 163|0x00000000ea300000, 0x00000000ea300000, 0x00000000ea400000|  0%| F|  |TAMS 0x00000000ea300000, 0x00000000ea300000| Untracked 
| 164|0x00000000ea400000, 0x00000000ea400000, 0x00000000ea500000|  0%| F|  |TAMS 0x00000000ea400000, 0x00000000ea400000| Untracked 
| 165|0x00000000ea500000, 0x00000000ea500000, 0x00000000ea600000|  0%| F|  |TAMS 0x00000000ea500000, 0x00000000ea500000| Untracked 
| 166|0x00000000ea600000, 0x00000000ea600000, 0x00000000ea700000|  0%| F|  |TAMS 0x00000000ea600000, 0x00000000ea600000| Untracked 
| 167|0x00000000ea700000, 0x00000000ea700000, 0x00000000ea800000|  0%| F|  |TAMS 0x00000000ea700000, 0x00000000ea700000| Untracked 
| 168|0x00000000ea800000, 0x00000000ea800000, 0x00000000ea900000|  0%| F|  |TAMS 0x00000000ea800000, 0x00000000ea800000| Untracked 
| 169|0x00000000ea900000, 0x00000000ea900000, 0x00000000eaa00000|  0%| F|  |TAMS 0x00000000ea900000, 0x00000000ea900000| Untracked 
| 170|0x00000000eaa00000, 0x00000000eaa00000, 0x00000000eab00000|  0%| F|  |TAMS 0x00000000eaa00000, 0x00000000eaa00000| Untracked 
| 171|0x00000000eab00000, 0x00000000eab00000, 0x00000000eac00000|  0%| F|  |TAMS 0x00000000eab00000, 0x00000000eab00000| Untracked 
| 172|0x00000000eac00000, 0x00000000eac00000, 0x00000000ead00000|  0%| F|  |TAMS 0x00000000eac00000, 0x00000000eac00000| Untracked 
| 173|0x00000000ead00000, 0x00000000ead00000, 0x00000000eae00000|  0%| F|  |TAMS 0x00000000ead00000, 0x00000000ead00000| Untracked 
| 174|0x00000000eae00000, 0x00000000eae00000, 0x00000000eaf00000|  0%| F|  |TAMS 0x00000000eae00000, 0x00000000eae00000| Untracked 
| 175|0x00000000eaf00000, 0x00000000eaf00000, 0x00000000eb000000|  0%| F|  |TAMS 0x00000000eaf00000, 0x00000000eaf00000| Untracked 
| 176|0x00000000eb000000, 0x00000000eb000000, 0x00000000eb100000|  0%| F|  |TAMS 0x00000000eb000000, 0x00000000eb000000| Untracked 
| 177|0x00000000eb100000, 0x00000000eb100000, 0x00000000eb200000|  0%| F|  |TAMS 0x00000000eb100000, 0x00000000eb100000| Untracked 
| 178|0x00000000eb200000, 0x00000000eb200000, 0x00000000eb300000|  0%| F|  |TAMS 0x00000000eb200000, 0x00000000eb200000| Untracked 
| 179|0x00000000eb300000, 0x00000000eb300000, 0x00000000eb400000|  0%| F|  |TAMS 0x00000000eb300000, 0x00000000eb300000| Untracked 
| 180|0x00000000eb400000, 0x00000000eb400000, 0x00000000eb500000|  0%| F|  |TAMS 0x00000000eb400000, 0x00000000eb400000| Untracked 
| 181|0x00000000eb500000, 0x00000000eb500000, 0x00000000eb600000|  0%| F|  |TAMS 0x00000000eb500000, 0x00000000eb500000| Untracked 
| 182|0x00000000eb600000, 0x00000000eb600000, 0x00000000eb700000|  0%| F|  |TAMS 0x00000000eb600000, 0x00000000eb600000| Untracked 
| 183|0x00000000eb700000, 0x00000000eb700000, 0x00000000eb800000|  0%| F|  |TAMS 0x00000000eb700000, 0x00000000eb700000| Untracked 
| 184|0x00000000eb800000, 0x00000000eb800000, 0x00000000eb900000|  0%| F|  |TAMS 0x00000000eb800000, 0x00000000eb800000| Untracked 
| 185|0x00000000eb900000, 0x00000000eb900000, 0x00000000eba00000|  0%| F|  |TAMS 0x00000000eb900000, 0x00000000eb900000| Untracked 
| 186|0x00000000eba00000, 0x00000000eba00000, 0x00000000ebb00000|  0%| F|  |TAMS 0x00000000eba00000, 0x00000000eba00000| Untracked 
| 187|0x00000000ebb00000, 0x00000000ebb00000, 0x00000000ebc00000|  0%| F|  |TAMS 0x00000000ebb00000, 0x00000000ebb00000| Untracked 
| 188|0x00000000ebc00000, 0x00000000ebc00000, 0x00000000ebd00000|  0%| F|  |TAMS 0x00000000ebc00000, 0x00000000ebc00000| Untracked 
| 189|0x00000000ebd00000, 0x00000000ebd00000, 0x00000000ebe00000|  0%| F|  |TAMS 0x00000000ebd00000, 0x00000000ebd00000| Untracked 
| 190|0x00000000ebe00000, 0x00000000ebe00000, 0x00000000ebf00000|  0%| F|  |TAMS 0x00000000ebe00000, 0x00000000ebe00000| Untracked 
| 191|0x00000000ebf00000, 0x00000000ebf00000, 0x00000000ec000000|  0%| F|  |TAMS 0x00000000ebf00000, 0x00000000ebf00000| Untracked 
| 192|0x00000000ec000000, 0x00000000ec000000, 0x00000000ec100000|  0%| F|  |TAMS 0x00000000ec000000, 0x00000000ec000000| Untracked 
| 193|0x00000000ec100000, 0x00000000ec100000, 0x00000000ec200000|  0%| F|  |TAMS 0x00000000ec100000, 0x00000000ec100000| Untracked 
| 194|0x00000000ec200000, 0x00000000ec300000, 0x00000000ec300000|100%| S|CS|TAMS 0x00000000ec200000, 0x00000000ec200000| Complete 
| 195|0x00000000ec300000, 0x00000000ec400000, 0x00000000ec400000|100%| S|CS|TAMS 0x00000000ec300000, 0x00000000ec300000| Complete 
| 196|0x00000000ec400000, 0x00000000ec500000, 0x00000000ec500000|100%| S|CS|TAMS 0x00000000ec400000, 0x00000000ec400000| Complete 
| 197|0x00000000ec500000, 0x00000000ec600000, 0x00000000ec600000|100%| S|CS|TAMS 0x00000000ec500000, 0x00000000ec500000| Complete 
| 198|0x00000000ec600000, 0x00000000ec700000, 0x00000000ec700000|100%| S|CS|TAMS 0x00000000ec600000, 0x00000000ec600000| Complete 
| 199|0x00000000ec700000, 0x00000000ec800000, 0x00000000ec800000|100%| S|CS|TAMS 0x00000000ec700000, 0x00000000ec700000| Complete 
| 200|0x00000000ec800000, 0x00000000ec900000, 0x00000000ec900000|100%| S|CS|TAMS 0x00000000ec800000, 0x00000000ec800000| Complete 
| 201|0x00000000ec900000, 0x00000000eca00000, 0x00000000eca00000|100%| S|CS|TAMS 0x00000000ec900000, 0x00000000ec900000| Complete 
| 202|0x00000000eca00000, 0x00000000ecb00000, 0x00000000ecb00000|100%| S|CS|TAMS 0x00000000eca00000, 0x00000000eca00000| Complete 
| 203|0x00000000ecb00000, 0x00000000ecb00000, 0x00000000ecc00000|  0%| F|  |TAMS 0x00000000ecb00000, 0x00000000ecb00000| Untracked 
| 204|0x00000000ecc00000, 0x00000000ecc00000, 0x00000000ecd00000|  0%| F|  |TAMS 0x00000000ecc00000, 0x00000000ecc00000| Untracked 
| 205|0x00000000ecd00000, 0x00000000ecd00000, 0x00000000ece00000|  0%| F|  |TAMS 0x00000000ecd00000, 0x00000000ecd00000| Untracked 
| 206|0x00000000ece00000, 0x00000000ece00000, 0x00000000ecf00000|  0%| F|  |TAMS 0x00000000ece00000, 0x00000000ece00000| Untracked 
| 207|0x00000000ecf00000, 0x00000000ecf00000, 0x00000000ed000000|  0%| F|  |TAMS 0x00000000ecf00000, 0x00000000ecf00000| Untracked 
| 208|0x00000000ed000000, 0x00000000ed000000, 0x00000000ed100000|  0%| F|  |TAMS 0x00000000ed000000, 0x00000000ed000000| Untracked 
| 209|0x00000000ed100000, 0x00000000ed100000, 0x00000000ed200000|  0%| F|  |TAMS 0x00000000ed100000, 0x00000000ed100000| Untracked 
| 210|0x00000000ed200000, 0x00000000ed200000, 0x00000000ed300000|  0%| F|  |TAMS 0x00000000ed200000, 0x00000000ed200000| Untracked 
| 211|0x00000000ed300000, 0x00000000ed300000, 0x00000000ed400000|  0%| F|  |TAMS 0x00000000ed300000, 0x00000000ed300000| Untracked 
| 212|0x00000000ed400000, 0x00000000ed400000, 0x00000000ed500000|  0%| F|  |TAMS 0x00000000ed400000, 0x00000000ed400000| Untracked 
| 213|0x00000000ed500000, 0x00000000ed500000, 0x00000000ed600000|  0%| F|  |TAMS 0x00000000ed500000, 0x00000000ed500000| Untracked 
| 214|0x00000000ed600000, 0x00000000ed600000, 0x00000000ed700000|  0%| F|  |TAMS 0x00000000ed600000, 0x00000000ed600000| Untracked 
| 215|0x00000000ed700000, 0x00000000ed700000, 0x00000000ed800000|  0%| F|  |TAMS 0x00000000ed700000, 0x00000000ed700000| Untracked 
| 216|0x00000000ed800000, 0x00000000ed800000, 0x00000000ed900000|  0%| F|  |TAMS 0x00000000ed800000, 0x00000000ed800000| Untracked 
| 217|0x00000000ed900000, 0x00000000ed900000, 0x00000000eda00000|  0%| F|  |TAMS 0x00000000ed900000, 0x00000000ed900000| Untracked 
| 218|0x00000000eda00000, 0x00000000eda00000, 0x00000000edb00000|  0%| F|  |TAMS 0x00000000eda00000, 0x00000000eda00000| Untracked 
| 219|0x00000000edb00000, 0x00000000edb00000, 0x00000000edc00000|  0%| F|  |TAMS 0x00000000edb00000, 0x00000000edb00000| Untracked 
| 220|0x00000000edc00000, 0x00000000edc00000, 0x00000000edd00000|  0%| F|  |TAMS 0x00000000edc00000, 0x00000000edc00000| Untracked 
| 221|0x00000000edd00000, 0x00000000edd00000, 0x00000000ede00000|  0%| F|  |TAMS 0x00000000edd00000, 0x00000000edd00000| Untracked 
| 222|0x00000000ede00000, 0x00000000ede00000, 0x00000000edf00000|  0%| F|  |TAMS 0x00000000ede00000, 0x00000000ede00000| Untracked 
| 223|0x00000000edf00000, 0x00000000edf00000, 0x00000000ee000000|  0%| F|  |TAMS 0x00000000edf00000, 0x00000000edf00000| Untracked 
| 224|0x00000000ee000000, 0x00000000ee000000, 0x00000000ee100000|  0%| F|  |TAMS 0x00000000ee000000, 0x00000000ee000000| Untracked 
| 225|0x00000000ee100000, 0x00000000ee100000, 0x00000000ee200000|  0%| F|  |TAMS 0x00000000ee100000, 0x00000000ee100000| Untracked 
| 226|0x00000000ee200000, 0x00000000ee200000, 0x00000000ee300000|  0%| F|  |TAMS 0x00000000ee200000, 0x00000000ee200000| Untracked 
| 227|0x00000000ee300000, 0x00000000ee3583c0, 0x00000000ee400000| 45%| E|  |TAMS 0x00000000ee300000, 0x00000000ee300000| Complete 
| 228|0x00000000ee400000, 0x00000000ee500000, 0x00000000ee500000|100%| E|CS|TAMS 0x00000000ee400000, 0x00000000ee400000| Complete 
| 229|0x00000000ee500000, 0x00000000ee600000, 0x00000000ee600000|100%| E|CS|TAMS 0x00000000ee500000, 0x00000000ee500000| Complete 
| 230|0x00000000ee600000, 0x00000000ee700000, 0x00000000ee700000|100%| E|CS|TAMS 0x00000000ee600000, 0x00000000ee600000| Complete 
| 231|0x00000000ee700000, 0x00000000ee800000, 0x00000000ee800000|100%| E|CS|TAMS 0x00000000ee700000, 0x00000000ee700000| Complete 
| 232|0x00000000ee800000, 0x00000000ee900000, 0x00000000ee900000|100%| E|CS|TAMS 0x00000000ee800000, 0x00000000ee800000| Complete 
| 233|0x00000000ee900000, 0x00000000eea00000, 0x00000000eea00000|100%| E|CS|TAMS 0x00000000ee900000, 0x00000000ee900000| Complete 
| 234|0x00000000eea00000, 0x00000000eeb00000, 0x00000000eeb00000|100%| E|CS|TAMS 0x00000000eea00000, 0x00000000eea00000| Complete 
| 235|0x00000000eeb00000, 0x00000000eec00000, 0x00000000eec00000|100%| E|CS|TAMS 0x00000000eeb00000, 0x00000000eeb00000| Complete 
| 236|0x00000000eec00000, 0x00000000eed00000, 0x00000000eed00000|100%| E|CS|TAMS 0x00000000eec00000, 0x00000000eec00000| Complete 
| 237|0x00000000eed00000, 0x00000000eee00000, 0x00000000eee00000|100%| E|CS|TAMS 0x00000000eed00000, 0x00000000eed00000| Complete 
| 238|0x00000000eee00000, 0x00000000eef00000, 0x00000000eef00000|100%| E|CS|TAMS 0x00000000eee00000, 0x00000000eee00000| Complete 
| 239|0x00000000eef00000, 0x00000000ef000000, 0x00000000ef000000|100%| E|CS|TAMS 0x00000000eef00000, 0x00000000eef00000| Complete 
| 240|0x00000000ef000000, 0x00000000ef100000, 0x00000000ef100000|100%| E|CS|TAMS 0x00000000ef000000, 0x00000000ef000000| Complete 
| 241|0x00000000ef100000, 0x00000000ef200000, 0x00000000ef200000|100%| E|CS|TAMS 0x00000000ef100000, 0x00000000ef100000| Complete 
| 242|0x00000000ef200000, 0x00000000ef300000, 0x00000000ef300000|100%| E|CS|TAMS 0x00000000ef200000, 0x00000000ef200000| Complete 
| 243|0x00000000ef300000, 0x00000000ef400000, 0x00000000ef400000|100%| E|CS|TAMS 0x00000000ef300000, 0x00000000ef300000| Complete 
| 244|0x00000000ef400000, 0x00000000ef500000, 0x00000000ef500000|100%| E|CS|TAMS 0x00000000ef400000, 0x00000000ef400000| Complete 
| 245|0x00000000ef500000, 0x00000000ef600000, 0x00000000ef600000|100%| E|CS|TAMS 0x00000000ef500000, 0x00000000ef500000| Complete 
| 246|0x00000000ef600000, 0x00000000ef700000, 0x00000000ef700000|100%| E|CS|TAMS 0x00000000ef600000, 0x00000000ef600000| Complete 
| 247|0x00000000ef700000, 0x00000000ef800000, 0x00000000ef800000|100%| E|CS|TAMS 0x00000000ef700000, 0x00000000ef700000| Complete 
| 248|0x00000000ef800000, 0x00000000ef900000, 0x00000000ef900000|100%| E|CS|TAMS 0x00000000ef800000, 0x00000000ef800000| Complete 
| 249|0x00000000ef900000, 0x00000000efa00000, 0x00000000efa00000|100%| E|CS|TAMS 0x00000000ef900000, 0x00000000ef900000| Complete 
| 250|0x00000000efa00000, 0x00000000efb00000, 0x00000000efb00000|100%| E|CS|TAMS 0x00000000efa00000, 0x00000000efa00000| Complete 
| 251|0x00000000efb00000, 0x00000000efc00000, 0x00000000efc00000|100%| E|CS|TAMS 0x00000000efb00000, 0x00000000efb00000| Complete 
| 252|0x00000000efc00000, 0x00000000efd00000, 0x00000000efd00000|100%| E|CS|TAMS 0x00000000efc00000, 0x00000000efc00000| Complete 
| 253|0x00000000efd00000, 0x00000000efe00000, 0x00000000efe00000|100%| E|CS|TAMS 0x00000000efd00000, 0x00000000efd00000| Complete 
| 254|0x00000000efe00000, 0x00000000eff00000, 0x00000000eff00000|100%| E|CS|TAMS 0x00000000efe00000, 0x00000000efe00000| Complete 
| 255|0x00000000eff00000, 0x00000000f0000000, 0x00000000f0000000|100%| E|CS|TAMS 0x00000000eff00000, 0x00000000eff00000| Complete 
| 256|0x00000000f0000000, 0x00000000f0100000, 0x00000000f0100000|100%| O|  |TAMS 0x00000000f0000000, 0x00000000f0000000| Untracked 
| 257|0x00000000f0100000, 0x00000000f0200000, 0x00000000f0200000|100%| O|  |TAMS 0x00000000f0100000, 0x00000000f0100000| Untracked 
| 258|0x00000000f0200000, 0x00000000f0300000, 0x00000000f0300000|100%| O|  |TAMS 0x00000000f0200000, 0x00000000f0200000| Untracked 
| 259|0x00000000f0300000, 0x00000000f0400000, 0x00000000f0400000|100%| O|  |TAMS 0x00000000f0300000, 0x00000000f0300000| Untracked 
| 260|0x00000000f0400000, 0x00000000f0500000, 0x00000000f0500000|100%| O|  |TAMS 0x00000000f0400000, 0x00000000f0400000| Untracked 
| 261|0x00000000f0500000, 0x00000000f0600000, 0x00000000f0600000|100%| O|  |TAMS 0x00000000f0500000, 0x00000000f0500000| Untracked 
| 262|0x00000000f0600000, 0x00000000f0700000, 0x00000000f0700000|100%| O|  |TAMS 0x00000000f0600000, 0x00000000f0600000| Untracked 
| 263|0x00000000f0700000, 0x00000000f0800000, 0x00000000f0800000|100%| O|  |TAMS 0x00000000f0700000, 0x00000000f0700000| Untracked 
| 264|0x00000000f0800000, 0x00000000f0900000, 0x00000000f0900000|100%| O|  |TAMS 0x00000000f0800000, 0x00000000f0800000| Untracked 
| 265|0x00000000f0900000, 0x00000000f0a00000, 0x00000000f0a00000|100%| O|  |TAMS 0x00000000f0900000, 0x00000000f0900000| Untracked 

Card table byte_map: [0x000002427b490000,0x000002427b590000] _byte_map_base: 0x000002427ad90000

Marking Bits (Prev, Next): (CMBitMap*) 0x00000242737882e8, (CMBitMap*) 0x0000024273788320
 Prev Bits: [0x000002427b690000, 0x000002427be90000)
 Next Bits: [0x000002427be90000, 0x000002427c690000)

Polling page: 0x0000024272f20000

Metaspace:

Usage:
  Non-class:     49.50 MB capacity,    48.39 MB ( 98%) used,   940.19 KB (  2%) free+waste,   203.69 KB ( <1%) overhead. 
      Class:      8.08 MB capacity,     7.37 MB ( 91%) used,   629.14 KB (  8%) free+waste,   102.88 KB (  1%) overhead. 
       Both:     57.58 MB capacity,    55.75 MB ( 97%) used,     1.53 MB (  3%) free+waste,   306.56 KB ( <1%) overhead. 

Virtual space:
  Non-class space:       50.00 MB reserved,      49.75 MB (>99%) committed 
      Class space:      376.00 MB reserved,       8.17 MB (  2%) committed 
             Both:      426.00 MB reserved,      57.92 MB ( 14%) committed 

Chunk freelists:
   Non-Class:  7.50 KB
       Class:  1.62 KB
        Both:  9.12 KB

CodeHeap 'non-profiled nmethods': size=120000Kb used=4317Kb max_used=4317Kb free=115682Kb
 bounds [0x0000024207ad0000, 0x0000024207f10000, 0x000002420f000000]
CodeHeap 'profiled nmethods': size=120000Kb used=13405Kb max_used=13405Kb free=106594Kb
 bounds [0x00000242005a0000, 0x00000242012c0000, 0x0000024207ad0000]
CodeHeap 'non-nmethods': size=5760Kb used=2226Kb max_used=2301Kb free=3533Kb
 bounds [0x0000024200000000, 0x0000024200270000, 0x00000242005a0000]
 total_blobs=7410 nmethods=6602 adapters=719
 compilation: enabled
              stopped_count=0, restarted_count=0
 full_count=0

Compilation events (10 events):
Event: 7.203 Thread 0x000002427fbe5800 nmethod 6564 0x0000024201262f90 code [0x0000024201263120, 0x0000024201263238]
Event: 7.203 Thread 0x000002427fbe5800 6565       2       org.apache.commons.compress.archivers.zip.ZipArchiveOutputStream::write (57 bytes)
Event: 7.203 Thread 0x000002427fbe5800 nmethod 6565 0x0000024201263310 code [0x00000242012634e0, 0x0000024201263748]
Event: 7.203 Thread 0x000002427fbe5800 6566       2       org.apache.commons.compress.archivers.zip.ZipUtil::supportsEncryptionOf (16 bytes)
Event: 7.204 Thread 0x000002427fbe5800 nmethod 6566 0x0000024201263990 code [0x0000024201263b20, 0x0000024201263c18]
Event: 7.204 Thread 0x000002427fbe5800 6567       2       org.apache.commons.compress.archivers.zip.StreamCompressor::write (59 bytes)
Event: 7.204 Thread 0x000002427fbe5800 nmethod 6567 0x0000024201263d10 code [0x0000024201263ec0, 0x00000242012640e8]
Event: 7.204 Thread 0x000002427fbe5800 6576       2       org.objectweb.asm.ClassWriter::toByteArray (1535 bytes)
Event: 7.205 Thread 0x000002421461a800 nmethod 6287 0x0000024207f03290 code [0x0000024207f03460, 0x0000024207f03998]
Event: 7.205 Thread 0x000002421461a800 6574       4       org.objectweb.asm.ClassReader::readCode (5117 bytes)

GC Heap History (10 events):
Event: 6.332 GC heap before
{Heap before GC invocations=9 (full 0):
 garbage-first heap   total 262144K, used 198358K [0x00000000e0000000, 0x0000000100000000)
  region size 1024K, 153 young (156672K), 14 survivors (14336K)
 Metaspace       used 55734K, capacity 57574K, committed 57904K, reserved 436224K
  class space    used 7408K, capacity 8115K, committed 8240K, reserved 385024K
}
Event: 6.339 GC heap after
{Heap after GC invocations=10 (full 0):
 garbage-first heap   total 262144K, used 60856K [0x00000000e0000000, 0x0000000100000000)
  region size 1024K, 11 young (11264K), 11 survivors (11264K)
 Metaspace       used 55734K, capacity 57574K, committed 57904K, reserved 436224K
  class space    used 7408K, capacity 8115K, committed 8240K, reserved 385024K
}
Event: 6.488 GC heap before
{Heap before GC invocations=10 (full 0):
 garbage-first heap   total 262144K, used 202168K [0x00000000e0000000, 0x0000000100000000)
  region size 1024K, 149 young (152576K), 11 survivors (11264K)
 Metaspace       used 55752K, capacity 57577K, committed 57904K, reserved 436224K
  class space    used 7410K, capacity 8116K, committed 8240K, reserved 385024K
}
Event: 6.494 GC heap after
{Heap after GC invocations=11 (full 0):
 garbage-first heap   total 262144K, used 65858K [0x00000000e0000000, 0x0000000100000000)
  region size 1024K, 16 young (16384K), 16 survivors (16384K)
 Metaspace       used 55752K, capacity 57577K, committed 57904K, reserved 436224K
  class space    used 7410K, capacity 8116K, committed 8240K, reserved 385024K
}
Event: 6.626 GC heap before
{Heap before GC invocations=11 (full 0):
 garbage-first heap   total 262144K, used 206146K [0x00000000e0000000, 0x0000000100000000)
  region size 1024K, 153 young (156672K), 16 survivors (16384K)
 Metaspace       used 55752K, capacity 57577K, committed 57904K, reserved 436224K
  class space    used 7410K, capacity 8116K, committed 8240K, reserved 385024K
}
Event: 6.634 GC heap after
{Heap after GC invocations=12 (full 0):
 garbage-first heap   total 262144K, used 73109K [0x00000000e0000000, 0x0000000100000000)
  region size 1024K, 18 young (18432K), 18 survivors (18432K)
 Metaspace       used 55752K, capacity 57577K, committed 57904K, reserved 436224K
  class space    used 7410K, capacity 8116K, committed 8240K, reserved 385024K
}
Event: 6.843 GC heap before
{Heap before GC invocations=12 (full 0):
 garbage-first heap   total 262144K, used 208277K [0x00000000e0000000, 0x0000000100000000)
  region size 1024K, 151 young (154624K), 18 survivors (18432K)
 Metaspace       used 55792K, capacity 57641K, committed 57904K, reserved 436224K
  class space    used 7410K, capacity 8116K, committed 8240K, reserved 385024K
}
Event: 6.848 GC heap after
{Heap after GC invocations=13 (full 0):
 garbage-first heap   total 262144K, used 69058K [0x00000000e0000000, 0x0000000100000000)
  region size 1024K, 10 young (10240K), 10 survivors (10240K)
 Metaspace       used 55792K, capacity 57641K, committed 57904K, reserved 436224K
  class space    used 7410K, capacity 8116K, committed 8240K, reserved 385024K
}
Event: 7.141 GC heap before
{Heap before GC invocations=13 (full 0):
 garbage-first heap   total 262144K, used 214466K [0x00000000e0000000, 0x0000000100000000)
  region size 1024K, 149 young (152576K), 10 survivors (10240K)
 Metaspace       used 56878K, capacity 58763K, committed 59056K, reserved 436224K
  class space    used 7540K, capacity 8273K, committed 8368K, reserved 385024K
}
Event: 7.166 GC heap after
{Heap after GC invocations=14 (full 0):
 garbage-first heap   total 272384K, used 113859K [0x00000000e0000000, 0x0000000100000000)
  region size 1024K, 19 young (19456K), 19 survivors (19456K)
 Metaspace       used 56878K, capacity 58763K, committed 59056K, reserved 436224K
  class space    used 7540K, capacity 8273K, committed 8368K, reserved 385024K
}

Deoptimization events (10 events):
Event: 7.111 Thread 0x0000024213546800 Uncommon trap: reason=unstable_if action=reinterpret pc=0x0000024207d606b4 method=java.util.zip.CRC32.updateBytesCheck([BII)V @ 1 c2
Event: 7.111 Thread 0x0000024213549800 Uncommon trap: reason=unstable_if action=reinterpret pc=0x0000024207d606b4 method=java.util.zip.CRC32.updateBytesCheck([BII)V @ 1 c2
Event: 7.111 Thread 0x0000024213540800 Uncommon trap: reason=unstable_if action=reinterpret pc=0x0000024207d606b4 method=java.util.zip.CRC32.updateBytesCheck([BII)V @ 1 c2
Event: 7.111 Thread 0x0000024213545000 Uncommon trap: reason=unstable_if action=reinterpret pc=0x0000024207d606b4 method=java.util.zip.CRC32.updateBytesCheck([BII)V @ 1 c2
Event: 7.112 Thread 0x0000024213540800 Uncommon trap: reason=unstable_if action=reinterpret pc=0x0000024207d6024c method=java.util.zip.CRC32.updateBytesCheck([BII)V @ 1 c2
Event: 7.112 Thread 0x0000024213540000 Uncommon trap: reason=unstable_if action=reinterpret pc=0x0000024207d6024c method=java.util.zip.CRC32.updateBytesCheck([BII)V @ 1 c2
Event: 7.112 Thread 0x0000024213549800 Uncommon trap: reason=unstable_if action=reinterpret pc=0x0000024207d6024c method=java.util.zip.CRC32.updateBytesCheck([BII)V @ 1 c2
Event: 7.112 Thread 0x0000024213545000 Uncommon trap: reason=unstable_if action=reinterpret pc=0x0000024207d6024c method=java.util.zip.CRC32.updateBytesCheck([BII)V @ 1 c2
Event: 7.120 Thread 0x0000024210322800 Uncommon trap: reason=unstable_if action=reinterpret pc=0x0000024207d622e4 method=org.objectweb.asm.ClassReader.readUtf(II[C)Ljava/lang/String; @ 41 c2
Event: 7.166 Thread 0x0000024213549000 Uncommon trap: reason=unstable_if action=reinterpret pc=0x0000024207ef4160 method=com.google.common.collect.MapMakerInternalMap$Segment.drainKeyReferenceQueue(Ljava/lang/ref/ReferenceQueue;)V @ 8 c2

Classes redefined (0 events):
No events

Internal exceptions (10 events):
Event: 6.218 Thread 0x0000024210322800 Exception <a 'java/lang/NoSuchMethodError'{0x00000000eafb4a68}: java.lang.invoke.DirectMethodHandle$Holder.invokeStatic(Ljava/lang/Object;Ljava/lang/Object;Ljava/lang/Object;Ljava/lang/Object;ILjava/lang/Object;)Ljava/lang/Object;> (0x00000000eafb4a68) th
Event: 6.218 Thread 0x0000024210322800 Exception <a 'java/lang/NoSuchMethodError'{0x00000000eafbc6c0}: java.lang.invoke.Invokers$Holder.linkToTargetMethod(Ljava/lang/Object;Ljava/lang/Object;Ljava/lang/Object;ILjava/lang/Object;Ljava/lang/Object;)Ljava/lang/Object;> (0x00000000eafbc6c0) thrown
Event: 6.991 Thread 0x0000024210322800 Exception <a 'java/lang/NoSuchMethodError'{0x00000000ebecb840}: java.lang.invoke.DirectMethodHandle$Holder.invokeSpecialIFC(Ljava/lang/Object;Ljava/lang/Object;Ljava/lang/Object;)Ljava/lang/Object;> (0x00000000ebecb840) thrown at [./open/src/hotspot/share
Event: 7.077 Thread 0x0000024213540000 Exception <a 'sun/nio/fs/WindowsException'{0x00000000ea796ec8}> (0x00000000ea796ec8) thrown at [./open/src/hotspot/share/prims/jni.cpp, line 611]
Event: 7.077 Thread 0x0000024213540800 Exception <a 'sun/nio/fs/WindowsException'{0x00000000ea5cc078}> (0x00000000ea5cc078) thrown at [./open/src/hotspot/share/prims/jni.cpp, line 611]
Event: 7.077 Thread 0x0000024213545000 Exception <a 'sun/nio/fs/WindowsException'{0x00000000ea572128}> (0x00000000ea572128) thrown at [./open/src/hotspot/share/prims/jni.cpp, line 611]
Event: 7.078 Thread 0x0000024213546800 Exception <a 'sun/nio/fs/WindowsException'{0x00000000eaae36c0}> (0x00000000eaae36c0) thrown at [./open/src/hotspot/share/prims/jni.cpp, line 611]
Event: 7.078 Thread 0x0000024213549800 Exception <a 'sun/nio/fs/WindowsException'{0x00000000eb44fea0}> (0x00000000eb44fea0) thrown at [./open/src/hotspot/share/prims/jni.cpp, line 611]
Event: 7.081 Thread 0x0000024210322800 Exception <a 'sun/nio/fs/WindowsException'{0x00000000eaec41e0}> (0x00000000eaec41e0) thrown at [./open/src/hotspot/share/prims/jni.cpp, line 611]
Event: 7.186 Thread 0x0000024213540000 Exception <a 'sun/nio/fs/WindowsException'{0x00000000eff1ac20}> (0x00000000eff1ac20) thrown at [./open/src/hotspot/share/prims/jni.cpp, line 611]

Events (10 events):
Event: 7.166 Executing VM operation: G1CollectForAllocation done
Event: 7.166 Thread 0x0000024213549000 Uncommon trap: trap_request=0xffffff4d fr.pc=0x0000024207ef4160 relative=0x00000000000002c0
Event: 7.166 Thread 0x0000024213549000 DEOPT PACKING pc=0x0000024207ef4160 sp=0x000000bd0a2fbbe0
Event: 7.166 Thread 0x0000024213549000 DEOPT UNPACKING pc=0x00000242000265af sp=0x000000bd0a2fbba8 mode 2
Event: 7.170 loading class org/objectweb/asm/tree/MethodNode
Event: 7.170 loading class org/objectweb/asm/tree/MethodNode done
Event: 7.170 loading class org/objectweb/asm/tree/MethodNode
Event: 7.170 loading class org/objectweb/asm/tree/MethodNode done
Event: 7.172 Thread 0x0000024213540800 DEOPT PACKING pc=0x0000024201205ff9 sp=0x000000bd0a1fb410
Event: 7.172 Thread 0x0000024213540800 DEOPT UNPACKING pc=0x0000024200026d5e sp=0x000000bd0a1fa900 mode 0


Dynamic libraries:
0x00007ff7c4480000 - 0x00007ff7c4490000 	C:\Program Files\Java\jdk-11\bin\java.exe
0x00007ffab7c50000 - 0x00007ffab7e67000 	C:\windows\SYSTEM32\ntdll.dll
0x00007ffab60f0000 - 0x00007ffab61b4000 	C:\windows\System32\KERNEL32.DLL
0x00007ffab53e0000 - 0x00007ffab578d000 	C:\windows\System32\KERNELBASE.dll
0x00007ffab1f70000 - 0x00007ffab2007000 	C:\windows\SYSTEM32\apphelp.dll
0x00007ffab50a0000 - 0x00007ffab51b1000 	C:\windows\System32\ucrtbase.dll
0x00007ffaadcf0000 - 0x00007ffaadd09000 	C:\Program Files\Java\jdk-11\bin\jli.dll
0x00007ffaaa850000 - 0x00007ffaaa86b000 	C:\Program Files\Java\jdk-11\bin\VCRUNTIME140.dll
0x00007ffab7500000 - 0x00007ffab75b2000 	C:\windows\System32\ADVAPI32.dll
0x00007ffab5bd0000 - 0x00007ffab5c77000 	C:\windows\System32\msvcrt.dll
0x00007ffab5b20000 - 0x00007ffab5bc9000 	C:\windows\System32\sechost.dll
0x00007ffab5240000 - 0x00007ffab5268000 	C:\windows\System32\bcrypt.dll
0x00007ffab5990000 - 0x00007ffab5aa4000 	C:\windows\System32\RPCRT4.dll
0x00007ffab78a0000 - 0x00007ffab7a4e000 	C:\windows\System32\USER32.dll
0x00007ffab5830000 - 0x00007ffab5856000 	C:\windows\System32\win32u.dll
0x00007ffab74d0000 - 0x00007ffab74f9000 	C:\windows\System32\GDI32.dll
0x00007ffab4f80000 - 0x00007ffab5099000 	C:\windows\System32\gdi32full.dll
0x00007ffab5790000 - 0x00007ffab582a000 	C:\windows\System32\msvcp_win.dll
0x00007ffa979e0000 - 0x00007ffa97c73000 	C:\windows\WinSxS\amd64_microsoft.windows.common-controls_6595b64144ccf1df_6.0.22621.3672_none_2713b9d173822955\COMCTL32.dll
0x00007ffaa22c0000 - 0x00007ffaa22ca000 	C:\windows\SYSTEM32\VERSION.dll
0x00007ffab6a80000 - 0x00007ffab6ab1000 	C:\windows\System32\IMM32.DLL
0x00007ffaaa840000 - 0x00007ffaaa84c000 	C:\Program Files\Java\jdk-11\bin\vcruntime140_1.dll
0x00007ffa83bf0000 - 0x00007ffa83c7e000 	C:\Program Files\Java\jdk-11\bin\msvcp140.dll
0x00007ffa60830000 - 0x00007ffa6138e000 	C:\Program Files\Java\jdk-11\bin\server\jvm.dll
0x00007ffab60e0000 - 0x00007ffab60e8000 	C:\windows\System32\PSAPI.DLL
0x00007ffa9d4c0000 - 0x00007ffa9d4c9000 	C:\windows\SYSTEM32\WSOCK32.dll
0x00007ffa9fd00000 - 0x00007ffa9fd34000 	C:\windows\SYSTEM32\WINMM.dll
0x00007ffab5d30000 - 0x00007ffab5da1000 	C:\windows\System32\WS2_32.dll
0x00007ffab4000000 - 0x00007ffab4018000 	C:\windows\SYSTEM32\kernel.appcore.dll
0x00007ffaaa830000 - 0x00007ffaaa840000 	C:\Program Files\Java\jdk-11\bin\verify.dll
0x00007ffa9d090000 - 0x00007ffa9d2c2000 	C:\windows\SYSTEM32\DBGHELP.DLL
0x00007ffab66f0000 - 0x00007ffab6a78000 	C:\windows\System32\combase.dll
0x00007ffab5ff0000 - 0x00007ffab60c7000 	C:\windows\System32\OLEAUT32.dll
0x00007ffa91f50000 - 0x00007ffa91f82000 	C:\windows\SYSTEM32\dbgcore.DLL
0x00007ffab51c0000 - 0x00007ffab523b000 	C:\windows\System32\bcryptPrimitives.dll
0x00007ffaa73e0000 - 0x00007ffaa7408000 	C:\Program Files\Java\jdk-11\bin\java.dll
0x00007ffaaa6e0000 - 0x00007ffaaa6ea000 	C:\Program Files\Java\jdk-11\bin\jimage.dll
0x00007ffaaa6d0000 - 0x00007ffaaa6de000 	C:\Program Files\Java\jdk-11\bin\instrument.dll
0x00007ffaaa240000 - 0x00007ffaaa257000 	C:\Program Files\Java\jdk-11\bin\zip.dll
0x00007ffab6c70000 - 0x00007ffab74cf000 	C:\windows\System32\SHELL32.dll
0x00007ffab2e80000 - 0x00007ffab377c000 	C:\windows\SYSTEM32\windows.storage.dll
0x00007ffab2d40000 - 0x00007ffab2e7f000 	C:\windows\SYSTEM32\wintypes.dll
0x00007ffab5e40000 - 0x00007ffab5f34000 	C:\windows\System32\SHCORE.dll
0x00007ffab5f40000 - 0x00007ffab5f9e000 	C:\windows\System32\shlwapi.dll
0x00007ffab4eb0000 - 0x00007ffab4ed1000 	C:\windows\SYSTEM32\profapi.dll
0x00007ffaa7320000 - 0x00007ffaa7339000 	C:\Program Files\Java\jdk-11\bin\net.dll
0x00007ffaaffa0000 - 0x00007ffab00d6000 	C:\windows\SYSTEM32\WINHTTP.dll
0x00007ffab44c0000 - 0x00007ffab4529000 	C:\windows\system32\mswsock.dll
0x00007ffaa7300000 - 0x00007ffaa7312000 	C:\Program Files\Java\jdk-11\bin\nio.dll
0x00007ffaaa170000 - 0x00007ffaaa197000 	C:\Users\user\.gradle\native\c067742578af261105cb4f569cf0c3c89f3d7b1fecec35dd04571415982c5e48\windows-amd64\native-platform.dll
0x00007ffa838d0000 - 0x00007ffa83a14000 	C:\Users\user\.gradle\native\100fb08df4bc3b14c8652ba06237920a3bd2aa13389f12d3474272988ae205f9\windows-amd64\native-platform-file-events.dll
0x00007ffaaa360000 - 0x00007ffaaa369000 	C:\Program Files\Java\jdk-11\bin\management.dll
0x00007ffaa97f0000 - 0x00007ffaa97fb000 	C:\Program Files\Java\jdk-11\bin\management_ext.dll
0x00007ffab4810000 - 0x00007ffab482b000 	C:\windows\SYSTEM32\CRYPTSP.dll
0x00007ffab3fc0000 - 0x00007ffab3ff5000 	C:\windows\system32\rsaenh.dll
0x00007ffab4560000 - 0x00007ffab4588000 	C:\windows\SYSTEM32\USERENV.dll
0x00007ffab47f0000 - 0x00007ffab47fc000 	C:\windows\SYSTEM32\CRYPTBASE.dll
0x00007ffab3a20000 - 0x00007ffab3a4d000 	C:\windows\SYSTEM32\IPHLPAPI.DLL
0x00007ffab5ab0000 - 0x00007ffab5ab9000 	C:\windows\System32\NSI.dll
0x00007ffab0760000 - 0x00007ffab0779000 	C:\windows\SYSTEM32\dhcpcsvc6.DLL
0x00007ffaafdf0000 - 0x00007ffaafe0f000 	C:\windows\SYSTEM32\dhcpcsvc.DLL
0x00007ffab3a50000 - 0x00007ffab3b48000 	C:\windows\SYSTEM32\DNSAPI.dll
0x00007ffab4080000 - 0x00007ffab40b4000 	C:\windows\SYSTEM32\ntmarta.dll

dbghelp: loaded successfully - version: 4.0.5 - missing functions: none
symbol engine: initialized successfully - sym options: 0x614 - pdb path: .;C:\Program Files\Java\jdk-11\bin;C:\windows\SYSTEM32;C:\windows\WinSxS\amd64_microsoft.windows.common-controls_6595b64144ccf1df_6.0.22621.3672_none_2713b9d173822955;C:\Program Files\Java\jdk-11\bin\server;C:\Users\user\.gradle\native\c067742578af261105cb4f569cf0c3c89f3d7b1fecec35dd04571415982c5e48\windows-amd64;C:\Users\user\.gradle\native\100fb08df4bc3b14c8652ba06237920a3bd2aa13389f12d3474272988ae205f9\windows-amd64

VM Arguments:
jvm_args: --add-opens=java.base/java.util=ALL-UNNAMED --add-opens=java.base/java.lang=ALL-UNNAMED --add-opens=java.base/java.lang.invoke=ALL-UNNAMED --add-opens=java.prefs/java.util.prefs=ALL-UNNAMED --add-opens=java.base/java.nio.charset=ALL-UNNAMED --add-opens=java.base/java.net=ALL-UNNAMED --add-opens=java.base/java.util.concurrent.atomic=ALL-UNNAMED -XX:MaxMetaspaceSize=384m -XX:+HeapDumpOnOutOfMemoryError -Xms256m -Xmx512m -Dfile.encoding=x-windows-949 -Duser.country=KR -Duser.language=ko -Duser.variant -javaagent:C:\Users\user\.gradle\wrapper\dists\gradle-8.8-bin\dl7vupf4psengwqhwktix4v1\gradle-8.8\lib\agents\gradle-instrumentation-agent-8.8.jar 
java_command: org.gradle.launcher.daemon.bootstrap.GradleDaemon 8.8
java_class_path (initial): C:\Users\user\.gradle\wrapper\dists\gradle-8.8-bin\dl7vupf4psengwqhwktix4v1\gradle-8.8\lib\gradle-launcher-8.8.jar
Launcher Type: SUN_STANDARD

[Global flags]
     intx CICompilerCount                          = 4                                         {product} {ergonomic}
   size_t CompressedClassSpaceSize                 = 394264576                                 {product} {ergonomic}
     uint ConcGCThreads                            = 3                                         {product} {ergonomic}
     uint G1ConcRefinementThreads                  = 10                                        {product} {ergonomic}
   size_t G1HeapRegionSize                         = 1048576                                   {product} {ergonomic}
    uintx GCDrainStackTargetSize                   = 64                                        {product} {ergonomic}
     bool HeapDumpOnOutOfMemoryError               = true                                   {manageable} {command line}
   size_t InitialHeapSize                          = 268435456                                 {product} {command line}
   size_t MarkStackSize                            = 4194304                                   {product} {ergonomic}
   size_t MaxHeapSize                              = 536870912                                 {product} {command line}
   size_t MaxMetaspaceSize                         = 402653184                                 {product} {command line}
   size_t MaxNewSize                               = 321912832                                 {product} {ergonomic}
   size_t MinHeapDeltaBytes                        = 1048576                                   {product} {ergonomic}
    uintx NonNMethodCodeHeapSize                   = 5836300                                {pd product} {ergonomic}
    uintx NonProfiledCodeHeapSize                  = 122910970                              {pd product} {ergonomic}
    uintx ProfiledCodeHeapSize                     = 122910970                              {pd product} {ergonomic}
    uintx ReservedCodeCacheSize                    = 251658240                              {pd product} {ergonomic}
     bool SegmentedCodeCache                       = true                                      {product} {ergonomic}
     bool UseCompressedClassPointers               = true                                 {lp64_product} {ergonomic}
     bool UseCompressedOops                        = true                                 {lp64_product} {ergonomic}
     bool UseG1GC                                  = true                                      {product} {ergonomic}
     bool UseLargePagesIndividualAllocation        = false                                  {pd product} {ergonomic}

Logging:
Log output configuration:
 #0: stdout all=warning uptime,level,tags
 #1: stderr all=off uptime,level,tags

Environment Variables:
PATH=C:\oraclexe\app\oracle\product\11.2.0\server\bin;;C:\Program Files\Common Files\Oracle\Java\javapath;C:\windows\system32;C:\windows;C:\windows\System32\Wbem;C:\windows\System32\WindowsPowerShell\v1.0\;C:\windows\System32\OpenSSH\;C:\Program Files\Bandizip\;C:\Program Files\Git\cmd;C:\Users\user\AppData\Local\Microsoft\WindowsApps;C:\Users\user\AppData\Local\Programs\Microsoft VS Code\bin
USERNAME=user
OS=Windows_NT
PROCESSOR_IDENTIFIER=Intel64 Family 6 Model 151 Stepping 2, GenuineIntel



---------------  S Y S T E M  ---------------

OS: Windows 11 , 64 bit Build 22621 (10.0.22621.3672)
Hyper-V role detected

CPU:total 12 (initial active 12) (6 cores per cpu, 2 threads per core) family 6 model 151 stepping 2 microcode 0x1e, cmov, cx8, fxsr, mmx, sse, sse2, sse3, ssse3, sse4.1, sse4.2, popcnt, avx, avx2, aes, clmul, erms, 3dnowpref, lzcnt, ht, tsc, tscinvbit, bmi1, bmi2, adx, sha, fma

Memory: 4k page, system-wide physical 16098M (3322M free)
TotalPageFile size 44470M (AvailPageFile size 3M)
current process WorkingSet (physical memory assigned to process): 479M, peak: 479M
current process commit charge ("private bytes"): 530M, peak: 532M

vm_info: Java HotSpot(TM) 64-Bit Server VM (11.0.23+7-LTS-222) for windows-amd64 JRE (11.0.23+7-LTS-222), built on Mar 11 2024 22:13:52 by "mach5one" with MS VC++ 17.6 (VS2022)

END.
