#
# There is insufficient memory for the Java Runtime Environment to continue.
# Native memory allocation (mmap) failed to map 53477376 bytes for Failed to commit area from 0x0000000714200000 to 0x0000000717500000 of length 53477376.
# Possible reasons:
#   The system is out of physical RAM or swap space
#   The process is running with CompressedOops enabled, and the Java Heap may be blocking the growth of the native heap
# Possible solutions:
#   Reduce memory load on the system
#   Increase physical memory or swap space
#   Check if swap backing store is full
#   Decrease Java heap size (-Xmx/-Xms)
#   Decrease number of Java threads
#   Decrease Java thread stack sizes (-Xss)
#   Set larger code cache with -XX:ReservedCodeCacheSize=
#   JVM is running with Zero Based Compressed Oops mode in which the Java heap is
#     placed in the first 32GB address space. The Java Heap base address is the
#     maximum limit for the native heap growth. Please use -XX:HeapBaseMinAddress
#     to set the Java Heap base and to place the Java Heap above 32GB virtual address.
# This output file may be truncated or incomplete.
#
#  Out of Memory Error (./open/src/hotspot/os/windows/os_windows.cpp:3298), pid=28072, tid=6380
#
# JRE version: Java(TM) SE Runtime Environment 18.9 (11.0.23+7) (build 11.0.23+7-LTS-222)
# Java VM: Java HotSpot(TM) 64-Bit Server VM 18.9 (11.0.23+7-LTS-222, mixed mode, tiered, compressed oops, g1 gc, windows-amd64)
# No core dump will be written. Minidumps are not enabled by default on client versions of Windows
#

---------------  S U M M A R Y ------------

Command Line: -javaagent:C:\Users\user\Desktop\course\intelij\lib\idea_rt.jar=61706:C:\Users\user\Desktop\course\intelij\bin -Dfile.encoding=UTF-8 com.coding404.myweb.BootMywebApplication

Host: 12th Gen Intel(R) Core(TM) i5-12400, 12 cores, 15G,  Windows 11 , 64 bit Build 22621 (10.0.22621.3672)
Time: Thu Aug  8 17:22:27 2024  Windows 11 , 64 bit Build 22621 (10.0.22621.3672) elapsed time: 1.657513 seconds (0d 0h 0m 1s)

---------------  T H R E A D  ---------------

Current thread (0x000001d26472e800):  VMThread "VM Thread" [stack: 0x000000089ff00000,0x00000008a0000000] [id=6380]

Stack: [0x000000089ff00000,0x00000008a0000000]
[error occurred during error reporting (printing stack bounds), id 0xc0000005, EXCEPTION_ACCESS_VIOLATION (0xc0000005) at pc=0x000001d248e90f2d]

Native frames: (J=compiled Java code, j=interpreted, Vv=VM code, C=native code)
V  [jvm.dll+0x65524a]
V  [jvm.dll+0x79646f]
V  [jvm.dll+0x797b39]
V  [jvm.dll+0x798145]
V  [jvm.dll+0x7980fb]
V  [jvm.dll+0x65475d]
V  [jvm.dll+0x654e48]
C  [ntdll.dll+0xa504f]
C  [ntdll.dll+0x1e866]
C  [ntdll.dll+0xa403e]
C  0x000001d248e90f2d

VM_Operation (0x00000008a13fbea0): CollectForMetadataAllocation, mode: safepoint, requested by thread 0x000001d26607e000


---------------  P R O C E S S  ---------------

Threads class SMR info:
_java_thread_list=0x000001d2680f82f0, length=15, elements={
0x000001d2417ac800, 0x000001d264fd3000, 0x000001d264fe4800, 0x000001d265048000,
0x000001d26504b000, 0x000001d26504c000, 0x000001d265050000, 0x000001d265052000,
0x000001d265053000, 0x000001d2651bc000, 0x000001d2651d4000, 0x000001d26540e800,
0x000001d265a1e800, 0x000001d265b3e800, 0x000001d26607e000
}

Java Threads: ( => current thread )
  0x000001d2417ac800 JavaThread "main" [_thread_blocked, id=14320, stack(0x000000089f900000,0x000000089fa00000)]
  0x000001d264fd3000 JavaThread "Reference Handler" daemon [_thread_blocked, id=22808, stack(0x00000008a0000000,0x00000008a0100000)]
  0x000001d264fe4800 JavaThread "Finalizer" daemon [_thread_blocked, id=11888, stack(0x00000008a0100000,0x00000008a0200000)]
  0x000001d265048000 JavaThread "Signal Dispatcher" daemon [_thread_blocked, id=22648, stack(0x00000008a0200000,0x00000008a0300000)]
  0x000001d26504b000 JavaThread "Attach Listener" daemon [_thread_blocked, id=7868, stack(0x00000008a0300000,0x00000008a0400000)]
  0x000001d26504c000 JavaThread "Service Thread" daemon [_thread_blocked, id=7544, stack(0x00000008a0400000,0x00000008a0500000)]
  0x000001d265050000 JavaThread "C2 CompilerThread0" daemon [_thread_in_native, id=28048, stack(0x00000008a0500000,0x00000008a0600000)]
  0x000001d265052000 JavaThread "C1 CompilerThread0" daemon [_thread_blocked, id=27852, stack(0x00000008a0600000,0x00000008a0700000)]
  0x000001d265053000 JavaThread "Sweeper thread" daemon [_thread_blocked, id=15464, stack(0x00000008a0700000,0x00000008a0800000)]
  0x000001d2651bc000 JavaThread "Common-Cleaner" daemon [_thread_blocked, id=20048, stack(0x00000008a0800000,0x00000008a0900000)]
  0x000001d2651d4000 JavaThread "C2 CompilerThread1" daemon [_thread_blocked, id=26636, stack(0x00000008a0900000,0x00000008a0a00000)]
  0x000001d26540e800 JavaThread "Monitor Ctrl-Break" daemon [_thread_in_native, id=15068, stack(0x00000008a0a00000,0x00000008a0b00000)]
  0x000001d265a1e800 JavaThread "C2 CompilerThread2" daemon [_thread_blocked, id=20612, stack(0x00000008a0c00000,0x00000008a0d00000)]
  0x000001d265b3e800 JavaThread "Thread-0" [_thread_blocked, id=18036, stack(0x00000008a1200000,0x00000008a1300000)]
  0x000001d26607e000 JavaThread "restartedMain" [_thread_blocked, id=9576, stack(0x00000008a1300000,0x00000008a1400000)]

Other Threads:
=>0x000001d26472e800 VMThread "VM Thread" [stack: 0x000000089ff00000,0x00000008a0000000] [id=6380]
  0x000001d2653f7800 WatcherThread [stack: 0x00000008a0b00000,0x00000008a0c00000] [id=26072]
  0x000001d2417c3800 GCTaskThread "GC Thread#0" [stack: 0x000000089fa00000,0x000000089fb00000] [id=28116]
  0x000001d265771000 GCTaskThread "GC Thread#1" [stack: 0x00000008a0d00000,0x00000008a0e00000] [id=26304]
  0x000001d265fcc000 GCTaskThread "GC Thread#2" [stack: 0x00000008a0e00000,0x00000008a0f00000] [id=25836]
  0x000001d266146000 GCTaskThread "GC Thread#3" [stack: 0x00000008a0f00000,0x00000008a1000000] [id=24064]
  0x000001d265fa7800 GCTaskThread "GC Thread#4" [stack: 0x00000008a1000000,0x00000008a1100000] [id=29236]
  0x000001d265fa8800 GCTaskThread "GC Thread#5" [stack: 0x00000008a1100000,0x00000008a1200000] [id=23824]
  0x000001d2663df800 GCTaskThread "GC Thread#6" [stack: 0x00000008a1500000,0x00000008a1600000] [id=23232]
  0x000001d265f4d800 GCTaskThread "GC Thread#7" [stack: 0x00000008a1600000,0x00000008a1700000] [id=21460]
  0x000001d241820800 ConcurrentGCThread "G1 Main Marker" [stack: 0x000000089fb00000,0x000000089fc00000] [id=22780]
  0x000001d241823800 ConcurrentGCThread "G1 Conc#0" [stack: 0x000000089fc00000,0x000000089fd00000] [id=14352]
  0x000001d265be5800 ConcurrentGCThread "G1 Conc#1" [stack: 0x00000008a1700000,0x00000008a1800000] [id=28460]
  0x000001d266456800 ConcurrentGCThread "G1 Conc#2" [stack: 0x00000008a1800000,0x00000008a1900000] [id=28312]
  0x000001d26460e800 ConcurrentGCThread "G1 Refine#0" [stack: 0x000000089fd00000,0x000000089fe00000] [id=28852]
  0x000001d26460f800 ConcurrentGCThread "G1 Young RemSet Sampling" [stack: 0x000000089fe00000,0x000000089ff00000] [id=8472]

Threads with active compile tasks:
C2 CompilerThread0     1666 3129       4       org.springframework.beans.factory.support.AbstractBeanFactory::isTypeMatch (607 bytes)
C2 CompilerThread2     1666 3246       4       java.util.Arrays::equals (57 bytes)

VM state:at safepoint (normal execution)

VM Mutex/Monitor currently owned by a thread:  ([mutex/lock_event])
[0x000001d2417a95e0] Threads_lock - owner thread: 0x000001d26472e800
[0x000001d2417a9280] Heap_lock - owner thread: 0x000001d26607e000

Heap address: 0x0000000704600000, size: 4026 MB, Compressed Oops mode: Zero based, Oop shift amount: 3
Narrow klass base: 0x0000000800000000, Narrow klass shift: 0
Compressed class space size: 1073741824 Address: 0x0000000800000000

Heap:
 garbage-first heap   total 310272K, used 12530K [0x0000000704600000, 0x0000000800000000)
  region size 1024K, 8 young (8192K), 8 survivors (8192K)
 Metaspace       used 34969K, capacity 35811K, committed 35840K, reserved 1081344K
  class space    used 4144K, capacity 4451K, committed 4480K, reserved 1048576K
Heap Regions: E=young(eden), S=young(survivor), O=old, HS=humongous(starts), HC=humongous(continues), CS=collection set, F=free, A=archive, TAMS=top-at-mark-start (previous, next)
|   0|0x0000000704600000, 0x0000000704700000, 0x0000000704700000|100%| O|  |TAMS 0x0000000704700000, 0x0000000704700000| Untracked 
|   1|0x0000000704700000, 0x0000000704800000, 0x0000000704800000|100%| O|  |TAMS 0x00000007047d5600, 0x0000000704800000| Untracked 
|   2|0x0000000704800000, 0x0000000704900000, 0x0000000704900000|100%| O|  |TAMS 0x0000000704800000, 0x0000000704900000| Untracked 
|   3|0x0000000704900000, 0x0000000704a00000, 0x0000000704a00000|100%| O|  |TAMS 0x0000000704900000, 0x0000000704a00000| Untracked 
|   4|0x0000000704a00000, 0x0000000704ae3400, 0x0000000704b00000| 88%| O|  |TAMS 0x0000000704a00000, 0x0000000704ae3400| Untracked 
|   5|0x0000000704b00000, 0x0000000704b00000, 0x0000000704c00000|  0%| F|  |TAMS 0x0000000704b00000, 0x0000000704b00000| Untracked 
|   6|0x0000000704c00000, 0x0000000704c00000, 0x0000000704d00000|  0%| F|  |TAMS 0x0000000704c00000, 0x0000000704c00000| Untracked 
|   7|0x0000000704d00000, 0x0000000704d00000, 0x0000000704e00000|  0%| F|  |TAMS 0x0000000704d00000, 0x0000000704d00000| Untracked 
|   8|0x0000000704e00000, 0x0000000704e00000, 0x0000000704f00000|  0%| F|  |TAMS 0x0000000704e00000, 0x0000000704e00000| Untracked 
|   9|0x0000000704f00000, 0x0000000704f00000, 0x0000000705000000|  0%| F|  |TAMS 0x0000000704f00000, 0x0000000704f00000| Untracked 
|  10|0x0000000705000000, 0x0000000705000000, 0x0000000705100000|  0%| F|  |TAMS 0x0000000705000000, 0x0000000705000000| Untracked 
|  11|0x0000000705100000, 0x0000000705100000, 0x0000000705200000|  0%| F|  |TAMS 0x0000000705100000, 0x0000000705100000| Untracked 
|  12|0x0000000705200000, 0x0000000705200000, 0x0000000705300000|  0%| F|  |TAMS 0x0000000705200000, 0x0000000705200000| Untracked 
|  13|0x0000000705300000, 0x0000000705300000, 0x0000000705400000|  0%| F|  |TAMS 0x0000000705300000, 0x0000000705300000| Untracked 
|  14|0x0000000705400000, 0x0000000705400000, 0x0000000705500000|  0%| F|  |TAMS 0x0000000705400000, 0x0000000705400000| Untracked 
|  15|0x0000000705500000, 0x0000000705500000, 0x0000000705600000|  0%| F|  |TAMS 0x0000000705500000, 0x0000000705500000| Untracked 
|  16|0x0000000705600000, 0x0000000705600000, 0x0000000705700000|  0%| F|  |TAMS 0x0000000705600000, 0x0000000705600000| Untracked 
|  17|0x0000000705700000, 0x0000000705700000, 0x0000000705800000|  0%| F|  |TAMS 0x0000000705700000, 0x0000000705700000| Untracked 
|  18|0x0000000705800000, 0x0000000705800000, 0x0000000705900000|  0%| F|  |TAMS 0x0000000705800000, 0x0000000705800000| Untracked 
|  19|0x0000000705900000, 0x0000000705900000, 0x0000000705a00000|  0%| F|  |TAMS 0x0000000705900000, 0x0000000705900000| Untracked 
|  20|0x0000000705a00000, 0x0000000705a00000, 0x0000000705b00000|  0%| F|  |TAMS 0x0000000705a00000, 0x0000000705a00000| Untracked 
|  21|0x0000000705b00000, 0x0000000705b00000, 0x0000000705c00000|  0%| F|  |TAMS 0x0000000705b00000, 0x0000000705b00000| Untracked 
|  22|0x0000000705c00000, 0x0000000705c00000, 0x0000000705d00000|  0%| F|  |TAMS 0x0000000705c00000, 0x0000000705c00000| Untracked 
|  23|0x0000000705d00000, 0x0000000705d00000, 0x0000000705e00000|  0%| F|  |TAMS 0x0000000705d00000, 0x0000000705d00000| Untracked 
|  24|0x0000000705e00000, 0x0000000705e00000, 0x0000000705f00000|  0%| F|  |TAMS 0x0000000705e00000, 0x0000000705e00000| Untracked 
|  25|0x0000000705f00000, 0x0000000705f00000, 0x0000000706000000|  0%| F|  |TAMS 0x0000000705f00000, 0x0000000705f00000| Untracked 
|  26|0x0000000706000000, 0x0000000706000000, 0x0000000706100000|  0%| F|  |TAMS 0x0000000706000000, 0x0000000706000000| Untracked 
|  27|0x0000000706100000, 0x0000000706100000, 0x0000000706200000|  0%| F|  |TAMS 0x0000000706100000, 0x0000000706100000| Untracked 
|  28|0x0000000706200000, 0x0000000706200000, 0x0000000706300000|  0%| F|  |TAMS 0x0000000706200000, 0x0000000706200000| Untracked 
|  29|0x0000000706300000, 0x0000000706300000, 0x0000000706400000|  0%| F|  |TAMS 0x0000000706300000, 0x0000000706300000| Untracked 
|  30|0x0000000706400000, 0x0000000706400000, 0x0000000706500000|  0%| F|  |TAMS 0x0000000706400000, 0x0000000706400000| Untracked 
|  31|0x0000000706500000, 0x0000000706500000, 0x0000000706600000|  0%| F|  |TAMS 0x0000000706500000, 0x0000000706500000| Untracked 
|  32|0x0000000706600000, 0x0000000706600000, 0x0000000706700000|  0%| F|  |TAMS 0x0000000706600000, 0x0000000706600000| Untracked 
|  33|0x0000000706700000, 0x0000000706700000, 0x0000000706800000|  0%| F|  |TAMS 0x0000000706700000, 0x0000000706700000| Untracked 
|  34|0x0000000706800000, 0x0000000706800000, 0x0000000706900000|  0%| F|  |TAMS 0x0000000706800000, 0x0000000706800000| Untracked 
|  35|0x0000000706900000, 0x0000000706900000, 0x0000000706a00000|  0%| F|  |TAMS 0x0000000706900000, 0x0000000706900000| Untracked 
|  36|0x0000000706a00000, 0x0000000706a00000, 0x0000000706b00000|  0%| F|  |TAMS 0x0000000706a00000, 0x0000000706a00000| Untracked 
|  37|0x0000000706b00000, 0x0000000706b00000, 0x0000000706c00000|  0%| F|  |TAMS 0x0000000706b00000, 0x0000000706b00000| Untracked 
|  38|0x0000000706c00000, 0x0000000706c00000, 0x0000000706d00000|  0%| F|  |TAMS 0x0000000706c00000, 0x0000000706c00000| Untracked 
|  39|0x0000000706d00000, 0x0000000706d00000, 0x0000000706e00000|  0%| F|  |TAMS 0x0000000706d00000, 0x0000000706d00000| Untracked 
|  40|0x0000000706e00000, 0x0000000706e00000, 0x0000000706f00000|  0%| F|  |TAMS 0x0000000706e00000, 0x0000000706e00000| Untracked 
|  41|0x0000000706f00000, 0x0000000706f00000, 0x0000000707000000|  0%| F|  |TAMS 0x0000000706f00000, 0x0000000706f00000| Untracked 
|  42|0x0000000707000000, 0x0000000707000000, 0x0000000707100000|  0%| F|  |TAMS 0x0000000707000000, 0x0000000707000000| Untracked 
|  43|0x0000000707100000, 0x0000000707100000, 0x0000000707200000|  0%| F|  |TAMS 0x0000000707100000, 0x0000000707100000| Untracked 
|  44|0x0000000707200000, 0x0000000707200000, 0x0000000707300000|  0%| F|  |TAMS 0x0000000707200000, 0x0000000707200000| Untracked 
|  45|0x0000000707300000, 0x0000000707300000, 0x0000000707400000|  0%| F|  |TAMS 0x0000000707300000, 0x0000000707300000| Untracked 
|  46|0x0000000707400000, 0x0000000707400000, 0x0000000707500000|  0%| F|  |TAMS 0x0000000707400000, 0x0000000707400000| Untracked 
|  47|0x0000000707500000, 0x0000000707500000, 0x0000000707600000|  0%| F|  |TAMS 0x0000000707500000, 0x0000000707500000| Untracked 
|  48|0x0000000707600000, 0x0000000707600000, 0x0000000707700000|  0%| F|  |TAMS 0x0000000707600000, 0x0000000707600000| Untracked 
|  49|0x0000000707700000, 0x0000000707700000, 0x0000000707800000|  0%| F|  |TAMS 0x0000000707700000, 0x0000000707700000| Untracked 
|  50|0x0000000707800000, 0x0000000707800000, 0x0000000707900000|  0%| F|  |TAMS 0x0000000707800000, 0x0000000707800000| Untracked 
|  51|0x0000000707900000, 0x0000000707900000, 0x0000000707a00000|  0%| F|  |TAMS 0x0000000707900000, 0x0000000707900000| Untracked 
|  52|0x0000000707a00000, 0x0000000707a00000, 0x0000000707b00000|  0%| F|  |TAMS 0x0000000707a00000, 0x0000000707a00000| Untracked 
|  53|0x0000000707b00000, 0x0000000707b00000, 0x0000000707c00000|  0%| F|  |TAMS 0x0000000707b00000, 0x0000000707b00000| Untracked 
|  54|0x0000000707c00000, 0x0000000707c00000, 0x0000000707d00000|  0%| F|  |TAMS 0x0000000707c00000, 0x0000000707c00000| Untracked 
|  55|0x0000000707d00000, 0x0000000707d00000, 0x0000000707e00000|  0%| F|  |TAMS 0x0000000707d00000, 0x0000000707d00000| Untracked 
|  56|0x0000000707e00000, 0x0000000707e00000, 0x0000000707f00000|  0%| F|  |TAMS 0x0000000707e00000, 0x0000000707e00000| Untracked 
|  57|0x0000000707f00000, 0x0000000707f00000, 0x0000000708000000|  0%| F|  |TAMS 0x0000000707f00000, 0x0000000707f00000| Untracked 
|  58|0x0000000708000000, 0x0000000708000000, 0x0000000708100000|  0%| F|  |TAMS 0x0000000708000000, 0x0000000708000000| Untracked 
|  59|0x0000000708100000, 0x0000000708100000, 0x0000000708200000|  0%| F|  |TAMS 0x0000000708100000, 0x0000000708100000| Untracked 
|  60|0x0000000708200000, 0x0000000708200000, 0x0000000708300000|  0%| F|  |TAMS 0x0000000708200000, 0x0000000708200000| Untracked 
|  61|0x0000000708300000, 0x0000000708300000, 0x0000000708400000|  0%| F|  |TAMS 0x0000000708300000, 0x0000000708300000| Untracked 
|  62|0x0000000708400000, 0x0000000708400000, 0x0000000708500000|  0%| F|  |TAMS 0x0000000708400000, 0x0000000708400000| Untracked 
|  63|0x0000000708500000, 0x0000000708500000, 0x0000000708600000|  0%| F|  |TAMS 0x0000000708500000, 0x0000000708500000| Untracked 
|  64|0x0000000708600000, 0x0000000708600000, 0x0000000708700000|  0%| F|  |TAMS 0x0000000708600000, 0x0000000708600000| Untracked 
|  65|0x0000000708700000, 0x0000000708700000, 0x0000000708800000|  0%| F|  |TAMS 0x0000000708700000, 0x0000000708700000| Untracked 
|  66|0x0000000708800000, 0x0000000708800000, 0x0000000708900000|  0%| F|  |TAMS 0x0000000708800000, 0x0000000708800000| Untracked 
|  67|0x0000000708900000, 0x0000000708900000, 0x0000000708a00000|  0%| F|  |TAMS 0x0000000708900000, 0x0000000708900000| Untracked 
|  68|0x0000000708a00000, 0x0000000708a00000, 0x0000000708b00000|  0%| F|  |TAMS 0x0000000708a00000, 0x0000000708a00000| Untracked 
|  69|0x0000000708b00000, 0x0000000708b00000, 0x0000000708c00000|  0%| F|  |TAMS 0x0000000708b00000, 0x0000000708b00000| Untracked 
|  70|0x0000000708c00000, 0x0000000708c00000, 0x0000000708d00000|  0%| F|  |TAMS 0x0000000708c00000, 0x0000000708c00000| Untracked 
|  71|0x0000000708d00000, 0x0000000708d00000, 0x0000000708e00000|  0%| F|  |TAMS 0x0000000708d00000, 0x0000000708d00000| Untracked 
|  72|0x0000000708e00000, 0x0000000708e00000, 0x0000000708f00000|  0%| F|  |TAMS 0x0000000708e00000, 0x0000000708e00000| Untracked 
|  73|0x0000000708f00000, 0x0000000708f00000, 0x0000000709000000|  0%| F|  |TAMS 0x0000000708f00000, 0x0000000708f00000| Untracked 
|  74|0x0000000709000000, 0x0000000709000000, 0x0000000709100000|  0%| F|  |TAMS 0x0000000709000000, 0x0000000709000000| Untracked 
|  75|0x0000000709100000, 0x0000000709100000, 0x0000000709200000|  0%| F|  |TAMS 0x0000000709100000, 0x0000000709100000| Untracked 
|  76|0x0000000709200000, 0x0000000709200000, 0x0000000709300000|  0%| F|  |TAMS 0x0000000709200000, 0x0000000709200000| Untracked 
|  77|0x0000000709300000, 0x0000000709300000, 0x0000000709400000|  0%| F|  |TAMS 0x0000000709300000, 0x0000000709300000| Untracked 
|  78|0x0000000709400000, 0x0000000709400000, 0x0000000709500000|  0%| F|  |TAMS 0x0000000709400000, 0x0000000709400000| Untracked 
|  79|0x0000000709500000, 0x0000000709500000, 0x0000000709600000|  0%| F|  |TAMS 0x0000000709500000, 0x0000000709500000| Untracked 
|  80|0x0000000709600000, 0x0000000709600000, 0x0000000709700000|  0%| F|  |TAMS 0x0000000709600000, 0x0000000709600000| Untracked 
|  81|0x0000000709700000, 0x0000000709700000, 0x0000000709800000|  0%| F|  |TAMS 0x0000000709700000, 0x0000000709700000| Untracked 
|  82|0x0000000709800000, 0x0000000709800000, 0x0000000709900000|  0%| F|  |TAMS 0x0000000709800000, 0x0000000709800000| Untracked 
|  83|0x0000000709900000, 0x0000000709900000, 0x0000000709a00000|  0%| F|  |TAMS 0x0000000709900000, 0x0000000709900000| Untracked 
|  84|0x0000000709a00000, 0x0000000709a00000, 0x0000000709b00000|  0%| F|  |TAMS 0x0000000709a00000, 0x0000000709a00000| Untracked 
|  85|0x0000000709b00000, 0x0000000709b00000, 0x0000000709c00000|  0%| F|  |TAMS 0x0000000709b00000, 0x0000000709b00000| Untracked 
|  86|0x0000000709c00000, 0x0000000709c00000, 0x0000000709d00000|  0%| F|  |TAMS 0x0000000709c00000, 0x0000000709c00000| Untracked 
|  87|0x0000000709d00000, 0x0000000709d00000, 0x0000000709e00000|  0%| F|  |TAMS 0x0000000709d00000, 0x0000000709d00000| Untracked 
|  88|0x0000000709e00000, 0x0000000709e00000, 0x0000000709f00000|  0%| F|  |TAMS 0x0000000709e00000, 0x0000000709e00000| Untracked 
|  89|0x0000000709f00000, 0x0000000709f00000, 0x000000070a000000|  0%| F|  |TAMS 0x0000000709f00000, 0x0000000709f00000| Untracked 
|  90|0x000000070a000000, 0x000000070a000000, 0x000000070a100000|  0%| F|  |TAMS 0x000000070a000000, 0x000000070a000000| Untracked 
|  91|0x000000070a100000, 0x000000070a100000, 0x000000070a200000|  0%| F|  |TAMS 0x000000070a100000, 0x000000070a100000| Untracked 
|  92|0x000000070a200000, 0x000000070a200000, 0x000000070a300000|  0%| F|  |TAMS 0x000000070a200000, 0x000000070a200000| Untracked 
|  93|0x000000070a300000, 0x000000070a300000, 0x000000070a400000|  0%| F|  |TAMS 0x000000070a300000, 0x000000070a300000| Untracked 
|  94|0x000000070a400000, 0x000000070a400000, 0x000000070a500000|  0%| F|  |TAMS 0x000000070a400000, 0x000000070a400000| Untracked 
|  95|0x000000070a500000, 0x000000070a500000, 0x000000070a600000|  0%| F|  |TAMS 0x000000070a500000, 0x000000070a500000| Untracked 
|  96|0x000000070a600000, 0x000000070a600000, 0x000000070a700000|  0%| F|  |TAMS 0x000000070a600000, 0x000000070a600000| Untracked 
|  97|0x000000070a700000, 0x000000070a700000, 0x000000070a800000|  0%| F|  |TAMS 0x000000070a700000, 0x000000070a700000| Untracked 
|  98|0x000000070a800000, 0x000000070a800000, 0x000000070a900000|  0%| F|  |TAMS 0x000000070a800000, 0x000000070a800000| Untracked 
|  99|0x000000070a900000, 0x000000070a900000, 0x000000070aa00000|  0%| F|  |TAMS 0x000000070a900000, 0x000000070a900000| Untracked 
| 100|0x000000070aa00000, 0x000000070aa00000, 0x000000070ab00000|  0%| F|  |TAMS 0x000000070aa00000, 0x000000070aa00000| Untracked 
| 101|0x000000070ab00000, 0x000000070ab00000, 0x000000070ac00000|  0%| F|  |TAMS 0x000000070ab00000, 0x000000070ab00000| Untracked 
| 102|0x000000070ac00000, 0x000000070ac00000, 0x000000070ad00000|  0%| F|  |TAMS 0x000000070ac00000, 0x000000070ac00000| Untracked 
| 103|0x000000070ad00000, 0x000000070ad00000, 0x000000070ae00000|  0%| F|  |TAMS 0x000000070ad00000, 0x000000070ad00000| Untracked 
| 104|0x000000070ae00000, 0x000000070ae00000, 0x000000070af00000|  0%| F|  |TAMS 0x000000070ae00000, 0x000000070ae00000| Untracked 
| 105|0x000000070af00000, 0x000000070af00000, 0x000000070b000000|  0%| F|  |TAMS 0x000000070af00000, 0x000000070af00000| Untracked 
| 106|0x000000070b000000, 0x000000070b000000, 0x000000070b100000|  0%| F|  |TAMS 0x000000070b000000, 0x000000070b000000| Untracked 
| 107|0x000000070b100000, 0x000000070b100000, 0x000000070b200000|  0%| F|  |TAMS 0x000000070b100000, 0x000000070b100000| Untracked 
| 108|0x000000070b200000, 0x000000070b200000, 0x000000070b300000|  0%| F|  |TAMS 0x000000070b200000, 0x000000070b200000| Untracked 
| 109|0x000000070b300000, 0x000000070b300000, 0x000000070b400000|  0%| F|  |TAMS 0x000000070b300000, 0x000000070b300000| Untracked 
| 110|0x000000070b400000, 0x000000070b400000, 0x000000070b500000|  0%| F|  |TAMS 0x000000070b400000, 0x000000070b400000| Untracked 
| 111|0x000000070b500000, 0x000000070b500000, 0x000000070b600000|  0%| F|  |TAMS 0x000000070b500000, 0x000000070b500000| Untracked 
| 112|0x000000070b600000, 0x000000070b600000, 0x000000070b700000|  0%| F|  |TAMS 0x000000070b600000, 0x000000070b600000| Untracked 
| 113|0x000000070b700000, 0x000000070b700000, 0x000000070b800000|  0%| F|  |TAMS 0x000000070b700000, 0x000000070b700000| Untracked 
| 114|0x000000070b800000, 0x000000070b800000, 0x000000070b900000|  0%| F|  |TAMS 0x000000070b800000, 0x000000070b800000| Untracked 
| 115|0x000000070b900000, 0x000000070b900000, 0x000000070ba00000|  0%| F|  |TAMS 0x000000070b900000, 0x000000070b900000| Untracked 
| 116|0x000000070ba00000, 0x000000070ba00000, 0x000000070bb00000|  0%| F|  |TAMS 0x000000070ba00000, 0x000000070ba00000| Untracked 
| 117|0x000000070bb00000, 0x000000070bb00000, 0x000000070bc00000|  0%| F|  |TAMS 0x000000070bb00000, 0x000000070bb00000| Untracked 
| 118|0x000000070bc00000, 0x000000070bc00000, 0x000000070bd00000|  0%| F|  |TAMS 0x000000070bc00000, 0x000000070bc00000| Untracked 
| 119|0x000000070bd00000, 0x000000070bd00000, 0x000000070be00000|  0%| F|  |TAMS 0x000000070bd00000, 0x000000070bd00000| Untracked 
| 120|0x000000070be00000, 0x000000070be00000, 0x000000070bf00000|  0%| F|  |TAMS 0x000000070be00000, 0x000000070be00000| Untracked 
| 121|0x000000070bf00000, 0x000000070bf00000, 0x000000070c000000|  0%| F|  |TAMS 0x000000070bf00000, 0x000000070bf00000| Untracked 
| 122|0x000000070c000000, 0x000000070c000000, 0x000000070c100000|  0%| F|  |TAMS 0x000000070c000000, 0x000000070c000000| Untracked 
| 123|0x000000070c100000, 0x000000070c100000, 0x000000070c200000|  0%| F|  |TAMS 0x000000070c100000, 0x000000070c100000| Untracked 
| 124|0x000000070c200000, 0x000000070c200000, 0x000000070c300000|  0%| F|  |TAMS 0x000000070c200000, 0x000000070c200000| Untracked 
| 125|0x000000070c300000, 0x000000070c300000, 0x000000070c400000|  0%| F|  |TAMS 0x000000070c300000, 0x000000070c300000| Untracked 
| 126|0x000000070c400000, 0x000000070c400000, 0x000000070c500000|  0%| F|  |TAMS 0x000000070c400000, 0x000000070c400000| Untracked 
| 127|0x000000070c500000, 0x000000070c500000, 0x000000070c600000|  0%| F|  |TAMS 0x000000070c500000, 0x000000070c500000| Untracked 
| 128|0x000000070c600000, 0x000000070c600000, 0x000000070c700000|  0%| F|  |TAMS 0x000000070c600000, 0x000000070c600000| Untracked 
| 129|0x000000070c700000, 0x000000070c700000, 0x000000070c800000|  0%| F|  |TAMS 0x000000070c700000, 0x000000070c700000| Untracked 
| 130|0x000000070c800000, 0x000000070c800000, 0x000000070c900000|  0%| F|  |TAMS 0x000000070c800000, 0x000000070c800000| Untracked 
| 131|0x000000070c900000, 0x000000070c900000, 0x000000070ca00000|  0%| F|  |TAMS 0x000000070c900000, 0x000000070c900000| Untracked 
| 132|0x000000070ca00000, 0x000000070ca00000, 0x000000070cb00000|  0%| F|  |TAMS 0x000000070ca00000, 0x000000070ca00000| Untracked 
| 133|0x000000070cb00000, 0x000000070cb00000, 0x000000070cc00000|  0%| F|  |TAMS 0x000000070cb00000, 0x000000070cb00000| Untracked 
| 134|0x000000070cc00000, 0x000000070cc00000, 0x000000070cd00000|  0%| F|  |TAMS 0x000000070cc00000, 0x000000070cc00000| Untracked 
| 135|0x000000070cd00000, 0x000000070cd00000, 0x000000070ce00000|  0%| F|  |TAMS 0x000000070cd00000, 0x000000070cd00000| Untracked 
| 136|0x000000070ce00000, 0x000000070ce00000, 0x000000070cf00000|  0%| F|  |TAMS 0x000000070ce00000, 0x000000070ce00000| Untracked 
| 137|0x000000070cf00000, 0x000000070cf00000, 0x000000070d000000|  0%| F|  |TAMS 0x000000070cf00000, 0x000000070cf00000| Untracked 
| 138|0x000000070d000000, 0x000000070d000000, 0x000000070d100000|  0%| F|  |TAMS 0x000000070d000000, 0x000000070d000000| Untracked 
| 139|0x000000070d100000, 0x000000070d100000, 0x000000070d200000|  0%| F|  |TAMS 0x000000070d100000, 0x000000070d100000| Untracked 
| 140|0x000000070d200000, 0x000000070d200000, 0x000000070d300000|  0%| F|  |TAMS 0x000000070d200000, 0x000000070d200000| Untracked 
| 141|0x000000070d300000, 0x000000070d300000, 0x000000070d400000|  0%| F|  |TAMS 0x000000070d300000, 0x000000070d300000| Untracked 
| 142|0x000000070d400000, 0x000000070d400000, 0x000000070d500000|  0%| F|  |TAMS 0x000000070d400000, 0x000000070d400000| Untracked 
| 143|0x000000070d500000, 0x000000070d500000, 0x000000070d600000|  0%| F|  |TAMS 0x000000070d500000, 0x000000070d500000| Untracked 
| 144|0x000000070d600000, 0x000000070d600000, 0x000000070d700000|  0%| F|  |TAMS 0x000000070d600000, 0x000000070d600000| Untracked 
| 145|0x000000070d700000, 0x000000070d700000, 0x000000070d800000|  0%| F|  |TAMS 0x000000070d700000, 0x000000070d700000| Untracked 
| 146|0x000000070d800000, 0x000000070d800000, 0x000000070d900000|  0%| F|  |TAMS 0x000000070d800000, 0x000000070d800000| Untracked 
| 147|0x000000070d900000, 0x000000070d900000, 0x000000070da00000|  0%| F|  |TAMS 0x000000070d900000, 0x000000070d900000| Untracked 
| 148|0x000000070da00000, 0x000000070da00000, 0x000000070db00000|  0%| F|  |TAMS 0x000000070da00000, 0x000000070da00000| Untracked 
| 149|0x000000070db00000, 0x000000070db00000, 0x000000070dc00000|  0%| F|  |TAMS 0x000000070db00000, 0x000000070db00000| Untracked 
| 150|0x000000070dc00000, 0x000000070dc00000, 0x000000070dd00000|  0%| F|  |TAMS 0x000000070dc00000, 0x000000070dc00000| Untracked 
| 151|0x000000070dd00000, 0x000000070dd00000, 0x000000070de00000|  0%| F|  |TAMS 0x000000070dd00000, 0x000000070dd00000| Untracked 
| 152|0x000000070de00000, 0x000000070de00000, 0x000000070df00000|  0%| F|  |TAMS 0x000000070de00000, 0x000000070de00000| Untracked 
| 153|0x000000070df00000, 0x000000070df00000, 0x000000070e000000|  0%| F|  |TAMS 0x000000070df00000, 0x000000070df00000| Untracked 
| 154|0x000000070e000000, 0x000000070e000000, 0x000000070e100000|  0%| F|  |TAMS 0x000000070e000000, 0x000000070e000000| Untracked 
| 155|0x000000070e100000, 0x000000070e100000, 0x000000070e200000|  0%| F|  |TAMS 0x000000070e100000, 0x000000070e100000| Untracked 
| 156|0x000000070e200000, 0x000000070e200000, 0x000000070e300000|  0%| F|  |TAMS 0x000000070e200000, 0x000000070e200000| Untracked 
| 157|0x000000070e300000, 0x000000070e300000, 0x000000070e400000|  0%| F|  |TAMS 0x000000070e300000, 0x000000070e300000| Untracked 
| 158|0x000000070e400000, 0x000000070e400000, 0x000000070e500000|  0%| F|  |TAMS 0x000000070e400000, 0x000000070e400000| Untracked 
| 159|0x000000070e500000, 0x000000070e500000, 0x000000070e600000|  0%| F|  |TAMS 0x000000070e500000, 0x000000070e500000| Untracked 
| 160|0x000000070e600000, 0x000000070e600000, 0x000000070e700000|  0%| F|  |TAMS 0x000000070e600000, 0x000000070e600000| Untracked 
| 161|0x000000070e700000, 0x000000070e700000, 0x000000070e800000|  0%| F|  |TAMS 0x000000070e700000, 0x000000070e700000| Untracked 
| 162|0x000000070e800000, 0x000000070e800000, 0x000000070e900000|  0%| F|  |TAMS 0x000000070e800000, 0x000000070e800000| Untracked 
| 163|0x000000070e900000, 0x000000070e900000, 0x000000070ea00000|  0%| F|  |TAMS 0x000000070e900000, 0x000000070e900000| Untracked 
| 164|0x000000070ea00000, 0x000000070ea00000, 0x000000070eb00000|  0%| F|  |TAMS 0x000000070ea00000, 0x000000070ea00000| Untracked 
| 165|0x000000070eb00000, 0x000000070eb00000, 0x000000070ec00000|  0%| F|  |TAMS 0x000000070eb00000, 0x000000070eb00000| Untracked 
| 166|0x000000070ec00000, 0x000000070ec00000, 0x000000070ed00000|  0%| F|  |TAMS 0x000000070ec00000, 0x000000070ec00000| Untracked 
| 167|0x000000070ed00000, 0x000000070ed00000, 0x000000070ee00000|  0%| F|  |TAMS 0x000000070ed00000, 0x000000070ed00000| Untracked 
| 168|0x000000070ee00000, 0x000000070ee00000, 0x000000070ef00000|  0%| F|  |TAMS 0x000000070ee00000, 0x000000070ee00000| Untracked 
| 169|0x000000070ef00000, 0x000000070ef00000, 0x000000070f000000|  0%| F|  |TAMS 0x000000070ef00000, 0x000000070ef00000| Untracked 
| 170|0x000000070f000000, 0x000000070f000000, 0x000000070f100000|  0%| F|  |TAMS 0x000000070f000000, 0x000000070f000000| Untracked 
| 171|0x000000070f100000, 0x000000070f100000, 0x000000070f200000|  0%| F|  |TAMS 0x000000070f100000, 0x000000070f100000| Untracked 
| 172|0x000000070f200000, 0x000000070f200000, 0x000000070f300000|  0%| F|  |TAMS 0x000000070f200000, 0x000000070f200000| Untracked 
| 173|0x000000070f300000, 0x000000070f300000, 0x000000070f400000|  0%| F|  |TAMS 0x000000070f300000, 0x000000070f300000| Untracked 
| 174|0x000000070f400000, 0x000000070f400000, 0x000000070f500000|  0%| F|  |TAMS 0x000000070f400000, 0x000000070f400000| Untracked 
| 175|0x000000070f500000, 0x000000070f500000, 0x000000070f600000|  0%| F|  |TAMS 0x000000070f500000, 0x000000070f500000| Untracked 
| 176|0x000000070f600000, 0x000000070f600000, 0x000000070f700000|  0%| F|  |TAMS 0x000000070f600000, 0x000000070f600000| Untracked 
| 177|0x000000070f700000, 0x000000070f700000, 0x000000070f800000|  0%| F|  |TAMS 0x000000070f700000, 0x000000070f700000| Untracked 
| 178|0x000000070f800000, 0x000000070f800000, 0x000000070f900000|  0%| F|  |TAMS 0x000000070f800000, 0x000000070f800000| Untracked 
| 179|0x000000070f900000, 0x000000070f900000, 0x000000070fa00000|  0%| F|  |TAMS 0x000000070f900000, 0x000000070f900000| Untracked 
| 180|0x000000070fa00000, 0x000000070fa00000, 0x000000070fb00000|  0%| F|  |TAMS 0x000000070fa00000, 0x000000070fa00000| Untracked 
| 181|0x000000070fb00000, 0x000000070fb00000, 0x000000070fc00000|  0%| F|  |TAMS 0x000000070fb00000, 0x000000070fb00000| Untracked 
| 182|0x000000070fc00000, 0x000000070fc00000, 0x000000070fd00000|  0%| F|  |TAMS 0x000000070fc00000, 0x000000070fc00000| Untracked 
| 183|0x000000070fd00000, 0x000000070fd00000, 0x000000070fe00000|  0%| F|  |TAMS 0x000000070fd00000, 0x000000070fd00000| Untracked 
| 184|0x000000070fe00000, 0x000000070fe00000, 0x000000070ff00000|  0%| F|  |TAMS 0x000000070fe00000, 0x000000070fe00000| Untracked 
| 185|0x000000070ff00000, 0x000000070ff00000, 0x0000000710000000|  0%| F|  |TAMS 0x000000070ff00000, 0x000000070ff00000| Untracked 
| 186|0x0000000710000000, 0x0000000710000000, 0x0000000710100000|  0%| F|  |TAMS 0x0000000710000000, 0x0000000710000000| Untracked 
| 187|0x0000000710100000, 0x0000000710100000, 0x0000000710200000|  0%| F|  |TAMS 0x0000000710100000, 0x0000000710100000| Untracked 
| 188|0x0000000710200000, 0x0000000710200000, 0x0000000710300000|  0%| F|  |TAMS 0x0000000710200000, 0x0000000710200000| Untracked 
| 189|0x0000000710300000, 0x0000000710300000, 0x0000000710400000|  0%| F|  |TAMS 0x0000000710300000, 0x0000000710300000| Untracked 
| 190|0x0000000710400000, 0x0000000710400000, 0x0000000710500000|  0%| F|  |TAMS 0x0000000710400000, 0x0000000710400000| Untracked 
| 191|0x0000000710500000, 0x0000000710500000, 0x0000000710600000|  0%| F|  |TAMS 0x0000000710500000, 0x0000000710500000| Untracked 
| 192|0x0000000710600000, 0x0000000710600000, 0x0000000710700000|  0%| F|  |TAMS 0x0000000710600000, 0x0000000710600000| Untracked 
| 193|0x0000000710700000, 0x0000000710700000, 0x0000000710800000|  0%| F|  |TAMS 0x0000000710700000, 0x0000000710700000| Untracked 
| 194|0x0000000710800000, 0x0000000710800000, 0x0000000710900000|  0%| F|  |TAMS 0x0000000710800000, 0x0000000710800000| Untracked 
| 195|0x0000000710900000, 0x0000000710900000, 0x0000000710a00000|  0%| F|  |TAMS 0x0000000710900000, 0x0000000710900000| Untracked 
| 196|0x0000000710a00000, 0x0000000710a00000, 0x0000000710b00000|  0%| F|  |TAMS 0x0000000710a00000, 0x0000000710a00000| Untracked 
| 197|0x0000000710b00000, 0x0000000710b00000, 0x0000000710c00000|  0%| F|  |TAMS 0x0000000710b00000, 0x0000000710b00000| Untracked 
| 198|0x0000000710c00000, 0x0000000710c00000, 0x0000000710d00000|  0%| F|  |TAMS 0x0000000710c00000, 0x0000000710c00000| Untracked 
| 199|0x0000000710d00000, 0x0000000710d00000, 0x0000000710e00000|  0%| F|  |TAMS 0x0000000710d00000, 0x0000000710d00000| Untracked 
| 200|0x0000000710e00000, 0x0000000710e00000, 0x0000000710f00000|  0%| F|  |TAMS 0x0000000710e00000, 0x0000000710e00000| Untracked 
| 201|0x0000000710f00000, 0x0000000710f00000, 0x0000000711000000|  0%| F|  |TAMS 0x0000000710f00000, 0x0000000710f00000| Untracked 
| 202|0x0000000711000000, 0x0000000711000000, 0x0000000711100000|  0%| F|  |TAMS 0x0000000711000000, 0x0000000711000000| Untracked 
| 203|0x0000000711100000, 0x0000000711100000, 0x0000000711200000|  0%| F|  |TAMS 0x0000000711100000, 0x0000000711100000| Untracked 
| 204|0x0000000711200000, 0x0000000711200000, 0x0000000711300000|  0%| F|  |TAMS 0x0000000711200000, 0x0000000711200000| Untracked 
| 205|0x0000000711300000, 0x0000000711300000, 0x0000000711400000|  0%| F|  |TAMS 0x0000000711300000, 0x0000000711300000| Untracked 
| 206|0x0000000711400000, 0x0000000711400000, 0x0000000711500000|  0%| F|  |TAMS 0x0000000711400000, 0x0000000711400000| Untracked 
| 207|0x0000000711500000, 0x0000000711500000, 0x0000000711600000|  0%| F|  |TAMS 0x0000000711500000, 0x0000000711500000| Untracked 
| 208|0x0000000711600000, 0x0000000711600000, 0x0000000711700000|  0%| F|  |TAMS 0x0000000711600000, 0x0000000711600000| Untracked 
| 209|0x0000000711700000, 0x0000000711700000, 0x0000000711800000|  0%| F|  |TAMS 0x0000000711700000, 0x0000000711700000| Untracked 
| 210|0x0000000711800000, 0x0000000711800000, 0x0000000711900000|  0%| F|  |TAMS 0x0000000711800000, 0x0000000711800000| Untracked 
| 211|0x0000000711900000, 0x0000000711900000, 0x0000000711a00000|  0%| F|  |TAMS 0x0000000711900000, 0x0000000711900000| Untracked 
| 212|0x0000000711a00000, 0x0000000711a00000, 0x0000000711b00000|  0%| F|  |TAMS 0x0000000711a00000, 0x0000000711a00000| Untracked 
| 213|0x0000000711b00000, 0x0000000711b00000, 0x0000000711c00000|  0%| F|  |TAMS 0x0000000711b00000, 0x0000000711b00000| Untracked 
| 214|0x0000000711c00000, 0x0000000711c00000, 0x0000000711d00000|  0%| F|  |TAMS 0x0000000711c00000, 0x0000000711c00000| Untracked 
| 215|0x0000000711d00000, 0x0000000711d00000, 0x0000000711e00000|  0%| F|  |TAMS 0x0000000711d00000, 0x0000000711d00000| Untracked 
| 216|0x0000000711e00000, 0x0000000711e00000, 0x0000000711f00000|  0%| F|  |TAMS 0x0000000711e00000, 0x0000000711e00000| Untracked 
| 217|0x0000000711f00000, 0x0000000711f00000, 0x0000000712000000|  0%| F|  |TAMS 0x0000000711f00000, 0x0000000711f00000| Untracked 
| 218|0x0000000712000000, 0x0000000712000000, 0x0000000712100000|  0%| F|  |TAMS 0x0000000712000000, 0x0000000712000000| Untracked 
| 219|0x0000000712100000, 0x0000000712100000, 0x0000000712200000|  0%| F|  |TAMS 0x0000000712100000, 0x0000000712100000| Untracked 
| 220|0x0000000712200000, 0x0000000712200000, 0x0000000712300000|  0%| F|  |TAMS 0x0000000712200000, 0x0000000712200000| Untracked 
| 221|0x0000000712300000, 0x0000000712300000, 0x0000000712400000|  0%| F|  |TAMS 0x0000000712300000, 0x0000000712300000| Untracked 
| 222|0x0000000712400000, 0x0000000712400000, 0x0000000712500000|  0%| F|  |TAMS 0x0000000712400000, 0x0000000712400000| Untracked 
| 223|0x0000000712500000, 0x0000000712500000, 0x0000000712600000|  0%| F|  |TAMS 0x0000000712500000, 0x0000000712500000| Untracked 
| 224|0x0000000712600000, 0x0000000712600000, 0x0000000712700000|  0%| F|  |TAMS 0x0000000712600000, 0x0000000712600000| Untracked 
| 225|0x0000000712700000, 0x0000000712700000, 0x0000000712800000|  0%| F|  |TAMS 0x0000000712700000, 0x0000000712700000| Untracked 
| 226|0x0000000712800000, 0x0000000712800000, 0x0000000712900000|  0%| F|  |TAMS 0x0000000712800000, 0x0000000712800000| Untracked 
| 227|0x0000000712900000, 0x0000000712900000, 0x0000000712a00000|  0%| F|  |TAMS 0x0000000712900000, 0x0000000712900000| Untracked 
| 228|0x0000000712a00000, 0x0000000712a00000, 0x0000000712b00000|  0%| F|  |TAMS 0x0000000712a00000, 0x0000000712a00000| Untracked 
| 229|0x0000000712b00000, 0x0000000712b00000, 0x0000000712c00000|  0%| F|  |TAMS 0x0000000712b00000, 0x0000000712b00000| Untracked 
| 230|0x0000000712c00000, 0x0000000712c00000, 0x0000000712d00000|  0%| F|  |TAMS 0x0000000712c00000, 0x0000000712c00000| Untracked 
| 231|0x0000000712d00000, 0x0000000712d00000, 0x0000000712e00000|  0%| F|  |TAMS 0x0000000712d00000, 0x0000000712d00000| Untracked 
| 232|0x0000000712e00000, 0x0000000712e00000, 0x0000000712f00000|  0%| F|  |TAMS 0x0000000712e00000, 0x0000000712e00000| Untracked 
| 233|0x0000000712f00000, 0x0000000712f00000, 0x0000000713000000|  0%| F|  |TAMS 0x0000000712f00000, 0x0000000712f00000| Untracked 
| 234|0x0000000713000000, 0x0000000713000000, 0x0000000713100000|  0%| F|  |TAMS 0x0000000713000000, 0x0000000713000000| Untracked 
| 235|0x0000000713100000, 0x0000000713100000, 0x0000000713200000|  0%| F|  |TAMS 0x0000000713100000, 0x0000000713100000| Untracked 
| 236|0x0000000713200000, 0x0000000713259510, 0x0000000713300000| 34%| S|CS|TAMS 0x0000000713200000, 0x0000000713200000| Complete 
| 237|0x0000000713300000, 0x0000000713400000, 0x0000000713400000|100%| S|CS|TAMS 0x0000000713300000, 0x0000000713300000| Complete 
| 238|0x0000000713400000, 0x0000000713500000, 0x0000000713500000|100%| S|CS|TAMS 0x0000000713400000, 0x0000000713400000| Complete 
| 239|0x0000000713500000, 0x0000000713600000, 0x0000000713600000|100%| S|CS|TAMS 0x0000000713500000, 0x0000000713500000| Complete 
| 240|0x0000000713600000, 0x0000000713700000, 0x0000000713700000|100%| S|CS|TAMS 0x0000000713600000, 0x0000000713600000| Complete 
| 241|0x0000000713700000, 0x0000000713800000, 0x0000000713800000|100%| S|CS|TAMS 0x0000000713700000, 0x0000000713700000| Complete 
| 242|0x0000000713800000, 0x0000000713900000, 0x0000000713900000|100%| S|CS|TAMS 0x0000000713800000, 0x0000000713800000| Complete 
| 243|0x0000000713900000, 0x0000000713a00000, 0x0000000713a00000|100%| S|CS|TAMS 0x0000000713900000, 0x0000000713900000| Complete 
| 244|0x0000000713a00000, 0x0000000713a00000, 0x0000000713b00000|  0%| F|  |TAMS 0x0000000713a00000, 0x0000000713a00000| Untracked 
| 245|0x0000000713b00000, 0x0000000713b00000, 0x0000000713c00000|  0%| F|  |TAMS 0x0000000713b00000, 0x0000000713b00000| Untracked 
| 246|0x0000000713c00000, 0x0000000713c00000, 0x0000000713d00000|  0%| F|  |TAMS 0x0000000713c00000, 0x0000000713c00000| Untracked 
| 247|0x0000000713d00000, 0x0000000713d00000, 0x0000000713e00000|  0%| F|  |TAMS 0x0000000713d00000, 0x0000000713d00000| Untracked 
| 248|0x0000000713e00000, 0x0000000713e00000, 0x0000000713f00000|  0%| F|  |TAMS 0x0000000713e00000, 0x0000000713e00000| Untracked 
| 249|0x0000000713f00000, 0x0000000713f00000, 0x0000000714000000|  0%| F|  |TAMS 0x0000000713f00000, 0x0000000713f00000| Untracked 
| 250|0x0000000714000000, 0x0000000714000000, 0x0000000714100000|  0%| F|  |TAMS 0x0000000714000000, 0x0000000714000000| Untracked 
| 251|0x0000000714100000, 0x0000000714100000, 0x0000000714200000|  0%| F|  |TAMS 0x0000000714100000, 0x0000000714100000| Untracked 

Card table byte_map: [0x000001d258bc0000,0x000001d2593a0000] _byte_map_base: 0x000001d25539d000

Marking Bits (Prev, Next): (CMBitMap*) 0x000001d24180fd90, (CMBitMap*) 0x000001d24180fd58
 Prev Bits: [0x000001d25da70000, 0x000001d261958000)
 Next Bits: [0x000001d259b80000, 0x000001d25da68000)

Polling page: 0x000001d23f710000

Metaspace:

Usage:
  Non-class:     30.62 MB capacity,    30.10 MB ( 98%) used,   444.13 KB (  1%) free+waste,    90.44 KB ( <1%) overhead. 
      Class:      4.35 MB capacity,     4.05 MB ( 93%) used,   262.77 KB (  6%) free+waste,    44.19 KB ( <1%) overhead. 
       Both:     34.97 MB capacity,    34.15 MB ( 98%) used,   706.91 KB (  2%) free+waste,   134.62 KB ( <1%) overhead. 

Virtual space:
  Non-class space:       32.00 MB reserved,      30.62 MB ( 96%) committed 
      Class space:        1.00 GB reserved,       4.38 MB ( <1%) committed 
             Both:        1.03 GB reserved,      35.00 MB (  3%) committed 

Chunk freelists:
   Non-Class:  0 bytes
       Class:  0 bytes
        Both:  0 bytes

CodeHeap 'non-profiled nmethods': size=120000Kb used=1553Kb max_used=1553Kb free=118446Kb
 bounds [0x000001d250960000, 0x000001d250bd0000, 0x000001d257e90000]
CodeHeap 'profiled nmethods': size=120000Kb used=7180Kb max_used=7180Kb free=112819Kb
 bounds [0x000001d249430000, 0x000001d249b40000, 0x000001d250960000]
CodeHeap 'non-nmethods': size=5760Kb used=1137Kb max_used=1190Kb free=4622Kb
 bounds [0x000001d248e90000, 0x000001d249100000, 0x000001d249430000]
 total_blobs=3704 nmethods=3244 adapters=371
 compilation: enabled
              stopped_count=0, restarted_count=0
 full_count=0

Compilation events (10 events):
Event: 1.645 Thread 0x000001d265052000 nmethod 3241 0x000001d249b30c10 code [0x000001d249b30de0, 0x000001d249b31258]
Event: 1.645 Thread 0x000001d265052000 3242       3       java.lang.reflect.AccessibleObject::getAnnotations (5 bytes)
Event: 1.645 Thread 0x000001d265052000 nmethod 3242 0x000001d249b31390 code [0x000001d249b31540, 0x000001d249b31708]
Event: 1.645 Thread 0x000001d265a1e800 nmethod 3233 0x000001d250ae2390 code [0x000001d250ae2520, 0x000001d250ae27d8]
Event: 1.646 Thread 0x000001d265052000 3243       3       org.springframework.transaction.annotation.AnnotationTransactionAttributeSource::determineTransactionAttribute (51 bytes)
Event: 1.646 Thread 0x000001d265052000 nmethod 3243 0x000001d249b31790 code [0x000001d249b31980, 0x000001d249b31fd8]
Event: 1.646 Thread 0x000001d265052000 3244       3       org.springframework.transaction.annotation.SpringTransactionAnnotationParser::parseTransactionAnnotation (21 bytes)
Event: 1.647 Thread 0x000001d265052000 nmethod 3244 0x000001d249b32190 code [0x000001d249b32400, 0x000001d249b32de8]
Event: 1.651 Thread 0x000001d2651d4000 nmethod 3232 0x000001d250ae2c10 code [0x000001d250ae2e00, 0x000001d250ae3ca8]
Event: 1.651 Thread 0x000001d265a1e800 3246       4       java.util.Arrays::equals (57 bytes)

GC Heap History (9 events):
Event: 0.466 GC heap before
{Heap before GC invocations=0 (full 0):
 garbage-first heap   total 258048K, used 23552K [0x0000000704600000, 0x0000000800000000)
  region size 1024K, 24 young (24576K), 0 survivors (0K)
 Metaspace       used 13104K, capacity 13355K, committed 13440K, reserved 1060864K
  class space    used 1330K, capacity 1408K, committed 1408K, reserved 1048576K
}
Event: 0.468 GC heap after
{Heap after GC invocations=1 (full 0):
 garbage-first heap   total 258048K, used 4949K [0x0000000704600000, 0x0000000800000000)
  region size 1024K, 3 young (3072K), 3 survivors (3072K)
 Metaspace       used 13104K, capacity 13355K, committed 13440K, reserved 1060864K
  class space    used 1330K, capacity 1408K, committed 1408K, reserved 1048576K
}
Event: 0.842 GC heap before
{Heap before GC invocations=1 (full 0):
 garbage-first heap   total 258048K, used 39765K [0x0000000704600000, 0x0000000800000000)
  region size 1024K, 38 young (38912K), 3 survivors (3072K)
 Metaspace       used 20642K, capacity 21105K, committed 21248K, reserved 1069056K
  class space    used 2304K, capacity 2479K, committed 2560K, reserved 1048576K
}
Event: 0.846 GC heap after
{Heap after GC invocations=2 (full 0):
 garbage-first heap   total 258048K, used 6781K [0x0000000704600000, 0x0000000800000000)
  region size 1024K, 5 young (5120K), 5 survivors (5120K)
 Metaspace       used 20642K, capacity 21105K, committed 21248K, reserved 1069056K
  class space    used 2304K, capacity 2479K, committed 2560K, reserved 1048576K
}
Event: 1.028 GC heap before
{Heap before GC invocations=3 (full 0):
 garbage-first heap   total 258048K, used 44669K [0x0000000704600000, 0x0000000800000000)
  region size 1024K, 43 young (44032K), 5 survivors (5120K)
 Metaspace       used 26766K, capacity 27325K, committed 27392K, reserved 1073152K
  class space    used 3102K, capacity 3293K, committed 3328K, reserved 1048576K
}
Event: 1.031 GC heap after
{Heap after GC invocations=4 (full 0):
 garbage-first heap   total 258048K, used 8676K [0x0000000704600000, 0x0000000800000000)
  region size 1024K, 4 young (4096K), 4 survivors (4096K)
 Metaspace       used 26766K, capacity 27325K, committed 27392K, reserved 1073152K
  class space    used 3102K, capacity 3293K, committed 3328K, reserved 1048576K
}
Event: 1.545 GC heap before
{Heap before GC invocations=4 (full 0):
 garbage-first heap   total 258048K, used 71140K [0x0000000704600000, 0x0000000800000000)
  region size 1024K, 65 young (66560K), 4 survivors (4096K)
 Metaspace       used 33628K, capacity 34398K, committed 34560K, reserved 1079296K
  class space    used 3971K, capacity 4274K, committed 4352K, reserved 1048576K
}
Event: 1.548 GC heap after
{Heap after GC invocations=5 (full 0):
 garbage-first heap   total 258048K, used 11425K [0x0000000704600000, 0x0000000800000000)
  region size 1024K, 7 young (7168K), 7 survivors (7168K)
 Metaspace       used 33628K, capacity 34398K, committed 34560K, reserved 1079296K
  class space    used 3971K, capacity 4274K, committed 4352K, reserved 1048576K
}
Event: 1.651 GC heap before
{Heap before GC invocations=5 (full 0):
 garbage-first heap   total 258048K, used 18593K [0x0000000704600000, 0x0000000800000000)
  region size 1024K, 15 young (15360K), 7 survivors (7168K)
 Metaspace       used 34969K, capacity 35811K, committed 35840K, reserved 1081344K
  class space    used 4144K, capacity 4451K, committed 4480K, reserved 1048576K
}

Deoptimization events (10 events):
Event: 1.590 Thread 0x000001d26607e000 Uncommon trap: reason=class_check action=maybe_recompile pc=0x000001d250a3fbf8 method=java.util.concurrent.ConcurrentHashMap.putVal(Ljava/lang/Object;Ljava/lang/Object;Z)Ljava/lang/Object; @ 242 c2
Event: 1.590 Thread 0x000001d26607e000 Uncommon trap: reason=unstable_if action=reinterpret pc=0x000001d250a41e1c method=java.util.concurrent.ConcurrentHashMap.get(Ljava/lang/Object;)Ljava/lang/Object; @ 152 c2
Event: 1.590 Thread 0x000001d26607e000 Uncommon trap: reason=class_check action=maybe_recompile pc=0x000001d250a3fbf8 method=java.util.concurrent.ConcurrentHashMap.putVal(Ljava/lang/Object;Ljava/lang/Object;Z)Ljava/lang/Object; @ 242 c2
Event: 1.605 Thread 0x000001d26607e000 Uncommon trap: reason=unstable_if action=reinterpret pc=0x000001d250a49004 method=java.util.Properties$LineReader.readLine()I @ 25 c2
Event: 1.605 Thread 0x000001d26607e000 Uncommon trap: reason=unstable_if action=reinterpret pc=0x000001d250a3d364 method=java.util.Properties$LineReader.readLine()I @ 117 c2
Event: 1.605 Thread 0x000001d26607e000 Uncommon trap: reason=unstable_if action=reinterpret pc=0x000001d250a8ff1c method=java.nio.Buffer.position(I)Ljava/nio/Buffer; @ 37 c2
Event: 1.606 Thread 0x000001d26607e000 Uncommon trap: reason=unstable_if action=reinterpret pc=0x000001d2509fe59c method=java.nio.Buffer.position(I)Ljava/nio/Buffer; @ 37 c2
Event: 1.639 Thread 0x000001d26607e000 Uncommon trap: reason=predicate action=maybe_recompile pc=0x000001d250ae10e4 method=java.util.AbstractCollection.toArray([Ljava/lang/Object;)[Ljava/lang/Object; @ 43 c2
Event: 1.642 Thread 0x000001d26607e000 Uncommon trap: reason=array_check action=maybe_recompile pc=0x000001d250ae1ca8 method=java.util.AbstractCollection.toArray([Ljava/lang/Object;)[Ljava/lang/Object; @ 116 c2
Event: 1.642 Thread 0x000001d26607e000 Uncommon trap: reason=array_check action=maybe_recompile pc=0x000001d250ae1ca8 method=java.util.AbstractCollection.toArray([Ljava/lang/Object;)[Ljava/lang/Object; @ 116 c2

Classes redefined (0 events):
No events

Internal exceptions (10 events):
Event: 1.542 Thread 0x000001d26607e000 Exception <a 'java/lang/ClassNotFoundException'{0x00000007101dae48}: org/springframework/beans/factory/AwareCustomizer> (0x00000007101dae48) thrown at [./open/src/hotspot/share/classfile/systemDictionary.cpp, line 226]
Event: 1.542 Thread 0x000001d26607e000 Exception <a 'java/lang/ClassNotFoundException'{0x00000007101e8d80}: org/springframework/aop/framework/AopInfrastructureBeanCustomizer> (0x00000007101e8d80) thrown at [./open/src/hotspot/share/classfile/systemDictionary.cpp, line 226]
Event: 1.549 Thread 0x000001d26607e000 Exception <a 'java/lang/ClassNotFoundException'{0x00000007141064d8}: java/lang/ObjectCustomizer> (0x00000007141064d8) thrown at [./open/src/hotspot/share/classfile/systemDictionary.cpp, line 226]
Event: 1.550 Thread 0x000001d26607e000 Exception <a 'java/lang/ClassNotFoundException'{0x000000071411b188}: org/springframework/transaction/annotation/AbstractTransactionManagementConfigurationCustomizer> (0x000000071411b188) thrown at [./open/src/hotspot/share/classfile/systemDictionary.cpp, 
Event: 1.550 Thread 0x000001d26607e000 Exception <a 'java/lang/ClassNotFoundException'{0x000000071412ee50}: org/springframework/transaction/annotation/ProxyTransactionManagementConfigurationCustomizer> (0x000000071412ee50) thrown at [./open/src/hotspot/share/classfile/systemDictionary.cpp, lin
Event: 1.551 Thread 0x000001d26607e000 Exception <a 'java/lang/ClassNotFoundException'{0x0000000714141200}: org/springframework/context/annotation/ImportAwareCustomizer> (0x0000000714141200) thrown at [./open/src/hotspot/share/classfile/systemDictionary.cpp, line 226]
Event: 1.551 Thread 0x000001d26607e000 Exception <a 'java/lang/ClassNotFoundException'{0x000000071414f4d8}: org/springframework/beans/factory/AwareCustomizer> (0x000000071414f4d8) thrown at [./open/src/hotspot/share/classfile/systemDictionary.cpp, line 226]
Event: 1.577 Thread 0x000001d26607e000 Exception <a 'java/lang/NoSuchMethodError'{0x0000000713f9d1a8}: java.lang.invoke.DelegatingMethodHandle$Holder.delegate(Ljava/lang/Object;Ljava/lang/Object;ILjava/lang/Object;)V> (0x0000000713f9d1a8) thrown at [./open/src/hotspot/share/interpreter/linkRes
Event: 1.632 Thread 0x000001d26607e000 Exception <a 'java/lang/NoSuchMethodError'{0x0000000713ba0a78}: java.lang.invoke.DirectMethodHandle$Holder.invokeStatic(Ljava/lang/Object;Ljava/lang/Object;I)V> (0x0000000713ba0a78) thrown at [./open/src/hotspot/share/interpreter/linkResolver.cpp, line 77
Event: 1.651 Thread 0x000001d26607e000 Exception <a 'java/lang/NoSuchMethodError'{0x0000000713afcf68}: java.lang.invoke.DirectMethodHandle$Holder.invokeInterface(Ljava/lang/Object;Ljava/lang/Object;I)V> (0x0000000713afcf68) thrown at [./open/src/hotspot/share/interpreter/linkResolver.cpp, line

Events (10 events):
Event: 1.650 loading class org/springframework/boot/context/properties/PropertyMapper done
Event: 1.650 loading class org/springframework/boot/context/properties/PropertyMapper$SourceOperator
Event: 1.650 loading class org/springframework/boot/context/properties/PropertyMapper$SourceOperator done
Event: 1.650 loading class org/springframework/boot/autoconfigure/web/ServerProperties
Event: 1.650 loading class org/springframework/boot/autoconfigure/web/ServerProperties done
Event: 1.650 loading class org/springframework/util/function/SingletonSupplier
Event: 1.650 loading class org/springframework/util/function/SingletonSupplier done
Event: 1.651 loading class org/springframework/boot/context/properties/PropertyMapper$NullPointerExceptionSafeSupplier
Event: 1.651 loading class org/springframework/boot/context/properties/PropertyMapper$NullPointerExceptionSafeSupplier done
Event: 1.651 Executing VM operation: CollectForMetadataAllocation


Dynamic libraries:
0x00007ff66fe70000 - 0x00007ff66fe80000 	C:\Program Files\Java\jdk-11\bin\java.exe
0x00007ff81db10000 - 0x00007ff81dd27000 	C:\windows\SYSTEM32\ntdll.dll
0x00007ff81c2e0000 - 0x00007ff81c3a4000 	C:\windows\System32\KERNEL32.DLL
0x00007ff81b150000 - 0x00007ff81b4fd000 	C:\windows\System32\KERNELBASE.dll
0x00007ff81b500000 - 0x00007ff81b611000 	C:\windows\System32\ucrtbase.dll
0x00007ff8179b0000 - 0x00007ff8179c9000 	C:\Program Files\Java\jdk-11\bin\jli.dll
0x00007ff813e20000 - 0x00007ff813e3b000 	C:\Program Files\Java\jdk-11\bin\VCRUNTIME140.dll
0x00007ff81da10000 - 0x00007ff81dac2000 	C:\windows\System32\ADVAPI32.dll
0x00007ff81bc20000 - 0x00007ff81bcc7000 	C:\windows\System32\msvcrt.dll
0x00007ff81c200000 - 0x00007ff81c2a9000 	C:\windows\System32\sechost.dll
0x00007ff81b650000 - 0x00007ff81b678000 	C:\windows\System32\bcrypt.dll
0x00007ff81bcd0000 - 0x00007ff81bde4000 	C:\windows\System32\RPCRT4.dll
0x00007ff81cc60000 - 0x00007ff81ce0e000 	C:\windows\System32\USER32.dll
0x00007ff81b620000 - 0x00007ff81b646000 	C:\windows\System32\win32u.dll
0x00007ff81c2b0000 - 0x00007ff81c2d9000 	C:\windows\System32\GDI32.dll
0x00007ff81b030000 - 0x00007ff81b149000 	C:\windows\System32\gdi32full.dll
0x00007ff81b740000 - 0x00007ff81b7da000 	C:\windows\System32\msvcp_win.dll
0x00007ffffc800000 - 0x00007ffffca93000 	C:\windows\WinSxS\amd64_microsoft.windows.common-controls_6595b64144ccf1df_6.0.22621.3672_none_2713b9d173822955\COMCTL32.dll
0x00007ff807960000 - 0x00007ff80796a000 	C:\windows\SYSTEM32\VERSION.dll
0x00007ff81ce10000 - 0x00007ff81ce41000 	C:\windows\System32\IMM32.DLL
0x00007ff813eb0000 - 0x00007ff813ebc000 	C:\Program Files\Java\jdk-11\bin\vcruntime140_1.dll
0x00007fffde180000 - 0x00007fffde20e000 	C:\Program Files\Java\jdk-11\bin\msvcp140.dll
0x00007fff5f890000 - 0x00007fff603ee000 	C:\Program Files\Java\jdk-11\bin\server\jvm.dll
0x00007ff81ca80000 - 0x00007ff81ca88000 	C:\windows\System32\PSAPI.DLL
0x00007ff8031f0000 - 0x00007ff8031f9000 	C:\windows\SYSTEM32\WSOCK32.dll
0x00007ff805f60000 - 0x00007ff805f94000 	C:\windows\SYSTEM32\WINMM.dll
0x00007ff81d130000 - 0x00007ff81d1a1000 	C:\windows\System32\WS2_32.dll
0x00007ff819dd0000 - 0x00007ff819de8000 	C:\windows\SYSTEM32\kernel.appcore.dll
0x00007ff813e10000 - 0x00007ff813e20000 	C:\Program Files\Java\jdk-11\bin\verify.dll
0x00007ff803210000 - 0x00007ff803442000 	C:\windows\SYSTEM32\DBGHELP.DLL
0x00007ff81be10000 - 0x00007ff81c198000 	C:\windows\System32\combase.dll
0x00007ff81b8b0000 - 0x00007ff81b987000 	C:\windows\System32\OLEAUT32.dll
0x00007ffffd960000 - 0x00007ffffd992000 	C:\windows\SYSTEM32\dbgcore.DLL
0x00007ff81ae40000 - 0x00007ff81aebb000 	C:\windows\System32\bcryptPrimitives.dll
0x00007ff802960000 - 0x00007ff802988000 	C:\Program Files\Java\jdk-11\bin\java.dll
0x00007ff813de0000 - 0x00007ff813dea000 	C:\Program Files\Java\jdk-11\bin\jimage.dll
0x00007ff813dd0000 - 0x00007ff813dde000 	C:\Program Files\Java\jdk-11\bin\instrument.dll
0x00007ff805ae0000 - 0x00007ff805af7000 	C:\Program Files\Java\jdk-11\bin\zip.dll
0x00007ff81d1b0000 - 0x00007ff81da0f000 	C:\windows\System32\SHELL32.dll
0x00007ff818d40000 - 0x00007ff81963c000 	C:\windows\SYSTEM32\windows.storage.dll
0x00007ff818c00000 - 0x00007ff818d3f000 	C:\windows\SYSTEM32\wintypes.dll
0x00007ff81cb60000 - 0x00007ff81cc54000 	C:\windows\System32\SHCORE.dll
0x00007ff81b850000 - 0x00007ff81b8ae000 	C:\windows\System32\shlwapi.dll
0x00007ff81ad70000 - 0x00007ff81ad91000 	C:\windows\SYSTEM32\profapi.dll
0x00007ff8029c0000 - 0x00007ff8029d9000 	C:\Program Files\Java\jdk-11\bin\net.dll
0x00007ff815c70000 - 0x00007ff815da6000 	C:\windows\SYSTEM32\WINHTTP.dll
0x00007ff81a380000 - 0x00007ff81a3e9000 	C:\windows\system32\mswsock.dll
0x00007ff802810000 - 0x00007ff802822000 	C:\Program Files\Java\jdk-11\bin\nio.dll
0x00007ff802790000 - 0x00007ff8027aa000 	C:\Users\user\Desktop\course\intelij\bin\breakgen64.dll
0x00007ff805ba0000 - 0x00007ff805ba9000 	C:\Program Files\Java\jdk-11\bin\management.dll
0x00007ff8027b0000 - 0x00007ff8027bb000 	C:\Program Files\Java\jdk-11\bin\management_ext.dll
0x00007ff8003d0000 - 0x00007ff8003e7000 	C:\windows\system32\napinsp.dll
0x00007ff8003b0000 - 0x00007ff8003cb000 	C:\windows\system32\pnrpnsp.dll
0x00007ff819910000 - 0x00007ff819a08000 	C:\windows\SYSTEM32\DNSAPI.dll
0x00007ff8198e0000 - 0x00007ff81990d000 	C:\windows\SYSTEM32\IPHLPAPI.DLL
0x00007ff81be00000 - 0x00007ff81be09000 	C:\windows\System32\NSI.dll
0x00007ff8002e0000 - 0x00007ff8002f1000 	C:\windows\System32\winrnr.dll
0x00007ff800440000 - 0x00007ff800455000 	C:\windows\system32\wshbth.dll
0x00007ff8001e0000 - 0x00007ff800207000 	C:\windows\system32\nlansp_c.dll
0x00007ff813450000 - 0x00007ff81345a000 	C:\Windows\System32\rasadhlp.dll
0x00007ff814fc0000 - 0x00007ff815043000 	C:\windows\System32\fwpuclnt.dll

dbghelp: loaded successfully - version: 4.0.5 - missing functions: none
symbol engine: initialized successfully - sym options: 0x614 - pdb path: .;C:\Program Files\Java\jdk-11\bin;C:\windows\SYSTEM32;C:\windows\WinSxS\amd64_microsoft.windows.common-controls_6595b64144ccf1df_6.0.22621.3672_none_2713b9d173822955;C:\Program Files\Java\jdk-11\bin\server;C:\Users\user\Desktop\course\intelij\bin

VM Arguments:
jvm_args: -javaagent:C:\Users\user\Desktop\course\intelij\lib\idea_rt.jar=61706:C:\Users\user\Desktop\course\intelij\bin -Dfile.encoding=UTF-8 
java_command: com.coding404.myweb.BootMywebApplication
java_class_path (initial): C:\Users\user\Desktop\course\intelij\workspace\BootMyweb\BootMyweb\out\production\classes;C:\Users\user\Desktop\course\intelij\workspace\BootMyweb\BootMyweb\out\production\resources;C:\Users\user\.gradle\caches\modules-2\files-2.1\org.springframework.boot\spring-boot-starter-thymeleaf\2.7.18\c87a27e30720c43372ceb0476b5b00c6f5296df3\spring-boot-starter-thymeleaf-2.7.18.jar;C:\Users\user\.gradle\caches\modules-2\files-2.1\org.springframework.boot\spring-boot-starter-web\2.7.18\dd62ea85098187b4604e78dc15a7ff87dba173d\spring-boot-starter-web-2.7.18.jar;C:\Users\user\.gradle\caches\modules-2\files-2.1\org.springframework.boot\spring-boot-starter-validation\2.7.18\5c37e1806f7b09b2c0efc7317fbe16be65ced66e\spring-boot-starter-validation-2.7.18.jar;C:\Users\user\.gradle\caches\modules-2\files-2.1\org.mybatis.spring.boot\mybatis-spring-boot-starter\2.2.0\1543d9566e2acaa7230cd8996237a291603ac21f\mybatis-spring-boot-starter-2.2.0.jar;C:\Users\user\.gradle\caches\modules-2\files-2.1\org.bgee.log4jdbc-log4j2\log4jdbc-log4j2-jdbc4.1\1.16\ce7cd831b2e3e5d428e659a6fdae0fb6b89f3cc7\log4jdbc-log4j2-jdbc4.1-1.16.jar;C:\Users\user\.gradle\caches\modules-2\files-2.1\org.springframework.boot\spring-boot-starter\2.7.18\e56b75105f9ace6df154fd47eeeeadc2f5791e56\spring-boot-starter-2.7.18.jar;C:\Users\user\.gradle\caches\modules-2\files-2.1\org.thymeleaf\thymeleaf-spring5\3.0.15.RELEASE\7170e1bcd1588d38c139f7048ebcc262676441c3\thymeleaf-spring5-3.0.15.RELEASE.jar;C:\Users\user\.gradle\caches\modules-2\files-2.1\org.thymeleaf.extras\thymeleaf-extras-java8time\3.0.4.RELEASE\36e7175ddce36c486fff4578b5af7bb32f54f5df\thymeleaf-extras-java8time-3.0.4.RELEASE.jar;C:\Users\user\.gradle\caches\modules-2\files-2.1\org.springframework.boot\spring-boot-starter-json\2.7.18\b6d9ed5cae0c1929a9e561bf4799a3dc93a10db1\spring-boot-starter-json-2.7.18.jar;C:\Users\user\.gradle\caches\modules-2\files-2.1\org.springframework.boot\spring-boot-starter-tomcat\2.7.18\c56e50e006448e75a8bde59
Launcher Type: SUN_STANDARD

[Global flags]
     intx CICompilerCount                          = 4                                         {product} {ergonomic}
     uint ConcGCThreads                            = 3                                         {product} {ergonomic}
     uint G1ConcRefinementThreads                  = 10                                        {product} {ergonomic}
   size_t G1HeapRegionSize                         = 1048576                                   {product} {ergonomic}
    uintx GCDrainStackTargetSize                   = 64                                        {product} {ergonomic}
   size_t InitialHeapSize                          = 264241152                                 {product} {ergonomic}
   size_t MarkStackSize                            = 4194304                                   {product} {ergonomic}
   size_t MaxHeapSize                              = 4221566976                                {product} {ergonomic}
   size_t MaxNewSize                               = 2532311040                                {product} {ergonomic}
   size_t MinHeapDeltaBytes                        = 1048576                                   {product} {ergonomic}
    uintx NonNMethodCodeHeapSize                   = 5836300                                {pd product} {ergonomic}
    uintx NonProfiledCodeHeapSize                  = 122910970                              {pd product} {ergonomic}
    uintx ProfiledCodeHeapSize                     = 122910970                              {pd product} {ergonomic}
    uintx ReservedCodeCacheSize                    = 251658240                              {pd product} {ergonomic}
     bool SegmentedCodeCache                       = true                                      {product} {ergonomic}
     bool UseCompressedClassPointers               = true                                 {lp64_product} {ergonomic}
     bool UseCompressedOops                        = true                                 {lp64_product} {ergonomic}
     bool UseG1GC                                  = true                                      {product} {ergonomic}
     bool UseLargePagesIndividualAllocation        = false                                  {pd product} {ergonomic}

Logging:
Log output configuration:
 #0: stdout all=warning uptime,level,tags
 #1: stderr all=off uptime,level,tags

Environment Variables:
PATH=C:\oraclexe\app\oracle\product\11.2.0\server\bin;;C:\Program Files\Common Files\Oracle\Java\javapath;C:\windows\system32;C:\windows;C:\windows\System32\Wbem;C:\windows\System32\WindowsPowerShell\v1.0\;C:\windows\System32\OpenSSH\;C:\Program Files\Bandizip\;C:\Program Files\Git\cmd;C:\Users\user\AppData\Local\Microsoft\WindowsApps;C:\Users\user\AppData\Local\Programs\Microsoft VS Code\bin
USERNAME=user
OS=Windows_NT
PROCESSOR_IDENTIFIER=Intel64 Family 6 Model 151 Stepping 2, GenuineIntel



---------------  S Y S T E M  ---------------

OS: Windows 11 , 64 bit Build 22621 (10.0.22621.3672)
Hyper-V role detected

CPU:total 12 (initial active 12) (6 cores per cpu, 2 threads per core) family 6 model 151 stepping 2 microcode 0x1e, cmov, cx8, fxsr, mmx, sse, sse2, sse3, ssse3, sse4.1, sse4.2, popcnt, avx, avx2, aes, clmul, erms, 3dnowpref, lzcnt, ht, tsc, tscinvbit, bmi1, bmi2, adx, sha, fma

Memory: 4k page, system-wide physical 16098M (4537M free)
TotalPageFile size 65250M (AvailPageFile size 19M)
current process WorkingSet (physical memory assigned to process): 207M, peak: 208M
current process commit charge ("private bytes"): 428M, peak: 477M

vm_info: Java HotSpot(TM) 64-Bit Server VM (11.0.23+7-LTS-222) for windows-amd64 JRE (11.0.23+7-LTS-222), built on Mar 11 2024 22:13:52 by "mach5one" with MS VC++ 17.6 (VS2022)

END.
